#
# A fatal error has been detected by the Java Runtime Environment:
#
#  SIGBUS (0xa) at pc=0x000000010e6ad4f0, pid=16363, tid=34319
#
# JRE version: OpenJDK Runtime Environment Zulu17.30+15-CA (17.0.1+12) (build 17.0.1+12-LTS)
# Java VM: OpenJDK 64-Bit Server VM Zulu17.30+15-CA (17.0.1+12-LTS, mixed mode, sharing, tiered, compressed oops, compressed class ptrs, g1 gc, bsd-aarch64)
# Problematic frame:
# v  ~StubRoutines::SafeFetchN
#
# No core dump will be written. Core dumps have been disabled. To enable core dumping, try "ulimit -c unlimited" before starting Java again
#
# If you would like to submit a bug report, please visit:
#   http://www.azul.com/support/
# The crash happened outside the Java Virtual Machine in native code.
# See problematic frame for where to report the bug.
#

---------------  S U M M A R Y ------------

Command Line: -javaagent:/Applications/IntelliJ IDEA CE.app/Contents/lib/idea_rt.jar=57744:/Applications/IntelliJ IDEA CE.app/Contents/bin -Dfile.encoding=UTF-8 --module-path=/Users/lindazhong/.m2/repository/org/openjfx/javafx-base/17.0.0.1/javafx-base-17.0.0.1-mac-aarch64.jar:/Users/lindazhong/.m2/repository/org/openjfx/javafx-graphics/17.0.0.1/javafx-graphics-17.0.0.1-mac-aarch64.jar:/Users/lindazhong/.m2/repository/org/openjfx/javafx-controls/17.0.0.1/javafx-controls-17.0.0.1-mac-aarch64.jar:/Users/lindazhong/.m2/repository/org/openjfx/javafx-fxml/17.0.0.1/javafx-fxml-17.0.0.1-mac-aarch64.jar:/Users/lindazhong/Documents/JavaCodeAll/JavaFX/FXSceneBuilder/target/classes -Djdk.module.main=com.example.fxscenebuilder com.example.fxscenebuilder/com.example.fxscenebuilder.HelloApplication

Host: "MacBookAir10,1" arm64 1 MHz, 8 cores, 8G, Darwin 21.1.0, macOS 12.0.1 (21A559)
Time: Sat Feb 19 22:27:09 2022 CST elapsed time: 3.231830 seconds (0d 0h 0m 3s)

---------------  T H R E A D  ---------------

Current thread (0x000000013e936000):  JavaThread "InvokeLaterDispatcher" daemon [_thread_in_native, id=34319, stack(0x000000016ded8000,0x000000016e0db000)]

Stack: [0x000000016ded8000,0x000000016e0db000],  sp=0x000000016e0da780,  free space=2057k
Native frames: (J=compiled Java code, j=interpreted, Vv=VM code, C=native code)
v  ~StubRoutines::SafeFetchN
V  [libjvm.dylib+0x7b587c]  _ZN10OopStorage7releaseEPKP7oopDesc+0x20
V  [libjvm.dylib+0x4c6190]  jni_DeleteGlobalRef+0xd8
C  [libglass.dylib+0xab08]  -[GlassRunnable dealloc]+0x34
C  [Foundation+0x85e0c]  -[_NSThreadPerformInfo dealloc]+0x30
C  [Foundation+0x525e8]  -[NSObject(NSThreadPerformAdditions) performSelectorOnMainThread:withObject:waitUntilDone:]+0x88
C  0x171380010e6b58ac
j  com.sun.glass.ui.mac.MacApplication.submitForLaterInvocation(Ljava/lang/Runnable;)V+2 javafx.graphics
j  com.sun.glass.ui.InvokeLaterDispatcher.run()V+82 javafx.graphics
v  ~StubRoutines::call_stub
V  [libjvm.dylib+0x46af10]  _ZN9JavaCalls11call_helperEP9JavaValueRK12methodHandleP17JavaCallArgumentsP10JavaThread+0x38c
V  [libjvm.dylib+0x469f2c]  _ZN9JavaCalls12call_virtualEP9JavaValueP5KlassP6SymbolS5_P17JavaCallArgumentsP10JavaThread+0x11c
V  [libjvm.dylib+0x469ff8]  _ZN9JavaCalls12call_virtualEP9JavaValue6HandleP5KlassP6SymbolS6_P10JavaThread+0x64
V  [libjvm.dylib+0x522950]  _ZL12thread_entryP10JavaThreadS0_+0xc4
V  [libjvm.dylib+0x993ec0]  _ZN10JavaThread17thread_main_innerEv+0x13c
V  [libjvm.dylib+0x99259c]  _ZN6Thread8call_runEv+0x128
V  [libjvm.dylib+0x7bc6b0]  _ZL19thread_native_entryP6Thread+0x158
C  [libsystem_pthread.dylib+0x74ec]  _pthread_start+0x94

Java frames: (J=compiled Java code, j=interpreted, Vv=VM code)
j  com.sun.glass.ui.mac.MacApplication._submitForLaterInvocation(Ljava/lang/Runnable;)V+0 javafx.graphics
j  com.sun.glass.ui.mac.MacApplication.submitForLaterInvocation(Ljava/lang/Runnable;)V+2 javafx.graphics
j  com.sun.glass.ui.InvokeLaterDispatcher.run()V+82 javafx.graphics
v  ~StubRoutines::call_stub

siginfo: si_signo: 10 (SIGBUS), si_code: 1 (BUS_ADRALN), si_addr: 0x000000010e6ad4f0

Register to memory mapping:

 x0=0x000000013e70d048 is a global jni handle
 x1=0x0 is NULL
 x2=0x0000000787000aa8 is an oop: com.sun.glass.ui.InvokeLaterDispatcher$Future 
{0x0000000787000aa8} - klass: 'com/sun/glass/ui/InvokeLaterDispatcher$Future'
 - ---- fields (total size 3 words):
 - private 'done' 'Z' @12  true
 - private final 'runnable' 'Ljava/lang/Runnable;' @16  a 'com/sun/javafx/application/PlatformImpl$$Lambda$92+0x0000000800c821c8'{0x0000000786ae82a0} (f0d5d054)
 - final synthetic 'this$0' 'Lcom/sun/glass/ui/InvokeLaterDispatcher;' @20  a 'com/sun/glass/ui/InvokeLaterDispatcher'{0x000000078680ac18} (f0d01583)
 x3=0x0 is NULL
 x4=0x00000000000130a8 is an unknown value
 x5=0x0 is NULL
 x6=0x0 is NULL
 x7=0x0 is NULL
 x8=0x000000010e6ad4ec is at begin+0 in a stub
StubRoutines::SafeFetchN [0x000000010e6ad4ec, 0x000000010e6ad4f8] (12 bytes)
 x9=0x0 is NULL
x10=0x2010000030300000 is an unknown value
x11=0x0000000000000007 is an unknown value
x12=0x0 is NULL
x13=0x0000600001adc770 points into unknown readable memory: 0x0000000300007463 | 63 74 00 00 03 00 00 00
x14=0x0000000000000001 is an unknown value
x15=0x0000000125d25f98: OBJC_CLASS_$_GlassRunnable+0 in /Users/lindazhong/.openjfx/cache/17.0.0.1/libglass.dylib at 0x0000000125ce0000
x16=0x00000001bf558340: pthread_getspecific+0 in /usr/lib/system/libsystem_pthread.dylib at 0x00000001bf556000
x17=0x00006000010f2f40 points into unknown readable memory: 0xfffffffffffffffe | fe ff ff ff ff ff ff ff
x18=0x0 is NULL
x19=0x0000600001fe8230 points into unknown readable memory: 0x00006000036e0260 | 60 02 6e 03 00 60 00 00
x20=0x000000013e70ce40 points into unknown readable memory: 0x0000000000000000 | 00 00 00 00 00 00 00 00
x21=0x000000013e70d048 is a global jni handle
x22=0x000000013e936000 is a thread
x23=0x0000000000000001 is an unknown value
x24=0x000000013e70d000 is a global jni handle
x25=0x00000001068a7a08: _ZN12StubRoutines17_safefetchN_entryE+0 in /Library/Java/JavaVirtualMachines/zulu-17.jdk/Contents/Home/lib/server/libjvm.dylib at 0x0000000105c54000
x26=0x0000000123d182c0 is pointing into metadata
x27=0x0 is NULL
x28=0x000000013e936000 is a thread


Registers:
 x0=0x000000013e70d048  x1=0x0000000000000000  x2=0x0000000787000aa8  x3=0x0000000000000000
 x4=0x00000000000130a8  x5=0x0000000000000000  x6=0x0000000000000000  x7=0x0000000000000000
 x8=0x000000010e6ad4ec  x9=0x0000000000000000 x10=0x2010000030300000 x11=0x0000000000000007
x12=0x0000000000000000 x13=0x0000600001adc770 x14=0x0000000000000001 x15=0x0000000125d25f98
x16=0x00000001bf558340 x17=0x00006000010f2f40 x18=0x0000000000000000 x19=0x0000600001fe8230
x20=0x000000013e70ce40 x21=0x000000013e70d048 x22=0x000000013e936000 x23=0x0000000000000001
x24=0x000000013e70d000 x25=0x00000001068a7a08 x26=0x0000000123d182c0 x27=0x0000000000000000
x28=0x000000013e936000  fp=0x000000016e0da7c0  lr=0x000000010640864c  sp=0x000000016e0da780
pc=0x000000010e6ad4f0 cpsr=0x0000000060001000
Top of Stack: (sp=0x000000016e0da780)
0x000000016e0da780:   0000000123d182c0 0000000000000001
0x000000016e0da790:   000000016e0da988 0000000000000000
0x000000016e0da7a0:   000000013f01c0a8 000000013e70d038
0x000000016e0da7b0:   000000013e70d038 0000600001fe8230
0x000000016e0da7c0:   000000016e0da800 000000010640987c
0x000000016e0da7d0:   0000000000000001 000000013e70d038
0x000000016e0da7e0:   000000013f01c0a8 000000013e70d038
0x000000016e0da7f0:   0000000000000001 000000013f01be00
0x000000016e0da800:   000000016e0da840 000000010611a190
0x000000016e0da810:   000000016e0da988 00006000036fa480
0x000000016e0da820:   00006000036fa470 00000002097859f4
0x000000016e0da830:   0000000000000000 00006000036fa470
0x000000016e0da840:   000000016e0da870 0000000125ceab08
0x000000016e0da850:   6b3c0b223fcb0022 0000000000000000
0x000000016e0da860:   0000000000000000 000060000215c2c0
0x000000016e0da870:   000000016e0da8b0 00000001c0520e0c
0x000000016e0da880:   000000016e0da988 00006000036fa480
0x000000016e0da890:   00006000036fa470 6b3c0b223fcb0022
0x000000016e0da8a0:   0000000000000000 0000000000000000
0x000000016e0da8b0:   000000016e0da8f0 5d3a0001c04ed5e8
0x000000016e0da8c0:   000000016e0da988 000000010e6b47c0
0x000000016e0da8d0:   0000000000000000 00000001068af3c0
0x000000016e0da8e0:   000000016e0da900 000000010e6b3730
0x000000016e0da8f0:   000000016e0da960 171380010e6b58ac
0x000000016e0da900:   000000016e0da900 0000000800985165
0x000000016e0da910:   000000016e0da910 0000000000000000
0x000000016e0da920:   000000016e0da988 0000000123d182c0
0x000000016e0da930:   0000000786848db0 0000000000000000
0x000000016e0da940:   0000000000000000 0000000123cf7138
0x000000016e0da950:   0000000000000000 000000016e0da960
0x000000016e0da960:   000000016e0da9e0 000000010e6b1fc8
0x000000016e0da970:   0000000000000000 0000000000000000 

Instructions: (pc=0x000000010e6ad4f0)
0x000000010e6ad3f0:   f2a0d0e9 f2c00029 6d425935 1e640886
0x000000010e6ad400:   0c402d31 1e6408c7 1f5654d0 1e6c1017
0x000000010e6ad410:   1f5050d0 1f504cd0 1f5048d0 1e650af6
0x000000010e6ad420:   1f50d8f6 1f5694d6 1f5158f6 1e762880
0x000000010e6ad430:   36000501 1e614000 14000026 2e251ca5
0x000000010e6ad440:   d2883009 f2a0d0e9 f2c00029 6d425d36
0x000000010e6ad450:   1e600806 0c402d32 1f5758c7 1e6c101a
0x000000010e6ad460:   1f4754c7 1e650805 1f4750c7 d2866668
0x000000010e6ad470:   f2a7fa68 1f474cc7 1e6608c0 1f4748c7
0x000000010e6ad480:   1e6e1019 eb08007f 540000ac 1f479400
0x000000010e6ad490:   1f460340 1e603b20 1400000e d2a7fd29
0x000000010e6ad4a0:   eb09007f 540000ac 51480069 d3607d29
0x000000010e6ad4b0:   9e670121 14000002 1e6a5001 1f679417
0x000000010e6ad4c0:   1f668742 1e613b23 1e773857 1e773860
0x000000010e6ad4d0:   a8c17ff3 910003bf a8c17bfd d65f03c0
0x000000010e6ad4e0:   b9400001 aa0103e0 d65f03c0 f9400001
0x000000010e6ad4f0:   aa0103e0 d65f03c0 00000000 00000000
0x000000010e6ad500:   00000000 00000000 00000000 00000000
0x000000010e6ad510:   00000000 00000000 00000000 00000000
0x000000010e6ad520:   00000000 00000000 00000000 00000000
0x000000010e6ad530:   00000000 00000000 00000000 00000000
0x000000010e6ad540:   00000000 00000000 00000000 00000000
0x000000010e6ad550:   00000000 00000000 00000000 00000000
0x000000010e6ad560:   00000000 00000000 00000000 00000000
0x000000010e6ad570:   00000000 00000000 00000000 00000000
0x000000010e6ad580:   00000000 00000000 00000000 00000000
0x000000010e6ad590:   00000000 00000000 00000000 00000000
0x000000010e6ad5a0:   00000000 00000000 00000000 00000000
0x000000010e6ad5b0:   00000000 00000000 00000000 00000000
0x000000010e6ad5c0:   00000000 00000000 00000000 00000000
0x000000010e6ad5d0:   00000000 00000000 00000000 00000000
0x000000010e6ad5e0:   00000000 00000000 00000000 00000000 


Stack slot to memory mapping:
stack at sp + 0 slots: 0x0000000123d182c0 is pointing into metadata
stack at sp + 1 slots: 0x0000000000000001 is an unknown value
stack at sp + 2 slots: 0x000000016e0da988 is pointing into the stack for thread: 0x000000013e936000
stack at sp + 3 slots: 0x0 is NULL
stack at sp + 4 slots: 0x000000013f01c0a8 points into unknown readable memory: 0x0000000106862878 | 78 28 86 06 01 00 00 00
stack at sp + 5 slots: 0x000000013e70d038 is a global jni handle
stack at sp + 6 slots: 0x000000013e70d038 is a global jni handle
stack at sp + 7 slots: 0x0000600001fe8230 points into unknown readable memory: 0x00006000036e0260 | 60 02 6e 03 00 60 00 00

StubRoutines::SafeFetchN [0x000000010e6ad4ec, 0x000000010e6ad4f8] (12 bytes)
[MachCode]
  0x000000010e6ad4ec: 0100 40f9 | e003 01aa | c003 5fd6 
[/MachCode]

---------------  P R O C E S S  ---------------

Threads class SMR info:
_java_thread_list=0x0000600003431680, length=20, elements={
0x000000014f00d400, 0x000000014809f400, 0x000000014f008200, 0x000000014809fa00,
0x000000013f008e00, 0x000000012e813e00, 0x000000012e814400, 0x000000014e811400,
0x000000012e815a00, 0x000000013e814600, 0x000000014e80ee00, 0x000000013f80f000,
0x00000001480aa400, 0x000000013e936000, 0x000000013f01be00, 0x000000013e9dd000,
0x000000013e9eda00, 0x000000014eb48a00, 0x0000000148447000, 0x0000000148446000
}

Java Threads: ( => current thread )
  0x000000014f00d400 JavaThread "main" [_thread_blocked, id=5635, stack(0x000000016b4d0000,0x000000016b6d3000)]
  0x000000014809f400 JavaThread "Reference Handler" daemon [_thread_blocked, id=15107, stack(0x000000016c324000,0x000000016c527000)]
  0x000000014f008200 JavaThread "Finalizer" daemon [_thread_blocked, id=15363, stack(0x000000016c530000,0x000000016c733000)]
  0x000000014809fa00 JavaThread "Signal Dispatcher" daemon [_thread_blocked, id=41987, stack(0x000000016c854000,0x000000016ca57000)]
  0x000000013f008e00 JavaThread "Service Thread" daemon [_thread_blocked, id=41475, stack(0x000000016ca60000,0x000000016cc63000)]
  0x000000012e813e00 JavaThread "Monitor Deflation Thread" daemon [_thread_blocked, id=41219, stack(0x000000016cc6c000,0x000000016ce6f000)]
  0x000000012e814400 JavaThread "C2 CompilerThread0" daemon [_thread_blocked, id=22787, stack(0x000000016ce78000,0x000000016d07b000)]
  0x000000014e811400 JavaThread "C1 CompilerThread0" daemon [_thread_blocked, id=40707, stack(0x000000016d084000,0x000000016d287000)]
  0x000000012e815a00 JavaThread "Sweeper thread" daemon [_thread_blocked, id=23299, stack(0x000000016d290000,0x000000016d493000)]
  0x000000013e814600 JavaThread "Common-Cleaner" daemon [_thread_blocked, id=23555, stack(0x000000016d49c000,0x000000016d69f000)]
  0x000000014e80ee00 JavaThread "Monitor Ctrl-Break" daemon [_thread_in_native, id=24067, stack(0x000000016d6a8000,0x000000016d8ab000)]
  0x000000013f80f000 JavaThread "Notification Thread" daemon [_thread_blocked, id=24323, stack(0x000000016d8b4000,0x000000016dab7000)]
  0x00000001480aa400 JavaThread "QuantumRenderer-0" daemon [_thread_blocked, id=39171, stack(0x000000016dccc000,0x000000016decf000)]
=>0x000000013e936000 JavaThread "InvokeLaterDispatcher" daemon [_thread_in_native, id=34319, stack(0x000000016ded8000,0x000000016e0db000)]
  0x000000013f01be00 JavaThread "JavaFX Application Thread" [_thread_in_vm, id=259, stack(0x000000016ac48000,0x000000016b444000)]
  0x000000013e9dd000 JavaThread "JavaFX-Launcher" [_thread_blocked, id=74499, stack(0x000000016e37c000,0x000000016e57f000)]
  0x000000013e9eda00 JavaThread "Prism Font Disposer" daemon [_thread_blocked, id=57847, stack(0x000000016efc4000,0x000000016f1c7000)]
  0x000000014eb48a00 JavaThread "Cleaner-0" daemon [_thread_blocked, id=62779, stack(0x000000016f25c000,0x000000016f45f000)]
  0x0000000148447000 JavaThread "Attach Listener" daemon [_thread_blocked, id=77575, stack(0x000000016f468000,0x000000016f66b000)]
  0x0000000148446000 JavaThread "PulseTimer-CVDisplayLink thread" daemon [_thread_in_native, id=65551, stack(0x000000016e0e4000,0x000000016e167000)]

Other Threads:
  0x000000013e70bfc0 VMThread "VM Thread" [stack: 0x000000016c118000,0x000000016c31b000] [id=14595]
  0x000000014e706700 WatcherThread [stack: 0x000000016dac0000,0x000000016dcc3000] [id=39683]
  0x000000013e705ac0 GCTaskThread "GC Thread#0" [stack: 0x000000016b6dc000,0x000000016b8df000] [id=19459]
  0x000000013e7436a0 GCTaskThread "GC Thread#1" [stack: 0x000000016e588000,0x000000016e78b000] [id=54531]
  0x000000013e743950 GCTaskThread "GC Thread#2" [stack: 0x000000016e794000,0x000000016e997000] [id=54787]
  0x000000012e709070 GCTaskThread "GC Thread#3" [stack: 0x000000016e9a0000,0x000000016eba3000] [id=55299]
  0x000000013e743fa0 GCTaskThread "GC Thread#4" [stack: 0x000000016ebac000,0x000000016edaf000] [id=55811]
  0x000000013e744420 GCTaskThread "GC Thread#5" [stack: 0x000000016edb8000,0x000000016efbb000] [id=56067]
  0x000000013e706170 ConcurrentGCThread "G1 Main Marker" [stack: 0x000000016b8e8000,0x000000016baeb000] [id=18947]
  0x000000013e7069f0 ConcurrentGCThread "G1 Conc#0" [stack: 0x000000016baf4000,0x000000016bcf7000] [id=12291]
  0x000000013e7089a0 ConcurrentGCThread "G1 Refine#0" [stack: 0x000000016bd00000,0x000000016bf03000] [id=12803]
  0x000000013e709240 ConcurrentGCThread "G1 Service" [stack: 0x000000016bf0c000,0x000000016c10f000] [id=17923]

Threads with active compile tasks:

VM state: not at safepoint (normal execution)

VM Mutex/Monitor currently owned by a thread: None

Heap address: 0x0000000780000000, size: 2048 MB, Compressed Oops mode: Zero based, Oop shift amount: 3

CDS archive(s) mapped at: [0x0000000800000000-0x0000000800bd4000-0x0000000800bd4000), size 12402688, SharedBaseAddress: 0x0000000800000000, ArchiveRelocationMode: 0.
Compressed class space mapped at: 0x0000000800c00000-0x0000000840c00000, reserved size: 1073741824
Narrow klass base: 0x0000000800000000, Narrow klass shift: 0, Narrow klass range: 0x100000000

GC Precious Log:
 CPUs: 8 total, 8 available
 Memory: 8192M
 Large Page Support: Disabled
 NUMA Support: Disabled
 Compressed Oops: Enabled (Zero based)
 Heap Region Size: 1M
 Heap Min Capacity: 8M
 Heap Initial Capacity: 128M
 Heap Max Capacity: 2G
 Pre-touch: Disabled
 Parallel Workers: 8
 Concurrent Workers: 2
 Concurrent Refinement Workers: 8
 Periodic GC: Disabled

Heap:
 garbage-first heap   total 133120K, used 26905K [0x0000000780000000, 0x0000000800000000)
  region size 1024K, 25 young (25600K), 3 survivors (3072K)
 Metaspace       used 12724K, committed 12992K, reserved 1064960K
  class space    used 1731K, committed 1856K, reserved 1048576K

Heap Regions: E=young(eden), S=young(survivor), O=old, HS=humongous(starts), HC=humongous(continues), CS=collection set, F=free, OA=open archive, CA=closed archive, TAMS=top-at-mark-start (previous, next)
|   0|0x0000000780000000, 0x000000078004e600, 0x0000000780100000| 30%| O|  |TAMS 0x0000000780000000, 0x0000000780000000| Untracked 
|   1|0x0000000780100000, 0x0000000780200000, 0x0000000780200000|100%|HS|  |TAMS 0x0000000780100000, 0x0000000780100000| Complete 
|   2|0x0000000780200000, 0x0000000780300000, 0x0000000780300000|100%|HC|  |TAMS 0x0000000780200000, 0x0000000780200000| Complete 
|   3|0x0000000780300000, 0x0000000780300000, 0x0000000780400000|  0%| F|  |TAMS 0x0000000780300000, 0x0000000780300000| Untracked 
|   4|0x0000000780400000, 0x0000000780400000, 0x0000000780500000|  0%| F|  |TAMS 0x0000000780400000, 0x0000000780400000| Untracked 
|   5|0x0000000780500000, 0x0000000780500000, 0x0000000780600000|  0%| F|  |TAMS 0x0000000780500000, 0x0000000780500000| Untracked 
|   6|0x0000000780600000, 0x0000000780600000, 0x0000000780700000|  0%| F|  |TAMS 0x0000000780600000, 0x0000000780600000| Untracked 
|   7|0x0000000780700000, 0x0000000780700000, 0x0000000780800000|  0%| F|  |TAMS 0x0000000780700000, 0x0000000780700000| Untracked 
|   8|0x0000000780800000, 0x0000000780800000, 0x0000000780900000|  0%| F|  |TAMS 0x0000000780800000, 0x0000000780800000| Untracked 
|   9|0x0000000780900000, 0x0000000780900000, 0x0000000780a00000|  0%| F|  |TAMS 0x0000000780900000, 0x0000000780900000| Untracked 
|  10|0x0000000780a00000, 0x0000000780a00000, 0x0000000780b00000|  0%| F|  |TAMS 0x0000000780a00000, 0x0000000780a00000| Untracked 
|  11|0x0000000780b00000, 0x0000000780b00000, 0x0000000780c00000|  0%| F|  |TAMS 0x0000000780b00000, 0x0000000780b00000| Untracked 
|  12|0x0000000780c00000, 0x0000000780c00000, 0x0000000780d00000|  0%| F|  |TAMS 0x0000000780c00000, 0x0000000780c00000| Untracked 
|  13|0x0000000780d00000, 0x0000000780d00000, 0x0000000780e00000|  0%| F|  |TAMS 0x0000000780d00000, 0x0000000780d00000| Untracked 
|  14|0x0000000780e00000, 0x0000000780e00000, 0x0000000780f00000|  0%| F|  |TAMS 0x0000000780e00000, 0x0000000780e00000| Untracked 
|  15|0x0000000780f00000, 0x0000000780f00000, 0x0000000781000000|  0%| F|  |TAMS 0x0000000780f00000, 0x0000000780f00000| Untracked 
|  16|0x0000000781000000, 0x0000000781000000, 0x0000000781100000|  0%| F|  |TAMS 0x0000000781000000, 0x0000000781000000| Untracked 
|  17|0x0000000781100000, 0x0000000781100000, 0x0000000781200000|  0%| F|  |TAMS 0x0000000781100000, 0x0000000781100000| Untracked 
|  18|0x0000000781200000, 0x0000000781200000, 0x0000000781300000|  0%| F|  |TAMS 0x0000000781200000, 0x0000000781200000| Untracked 
|  19|0x0000000781300000, 0x0000000781300000, 0x0000000781400000|  0%| F|  |TAMS 0x0000000781300000, 0x0000000781300000| Untracked 
|  20|0x0000000781400000, 0x0000000781400000, 0x0000000781500000|  0%| F|  |TAMS 0x0000000781400000, 0x0000000781400000| Untracked 
|  21|0x0000000781500000, 0x0000000781500000, 0x0000000781600000|  0%| F|  |TAMS 0x0000000781500000, 0x0000000781500000| Untracked 
|  22|0x0000000781600000, 0x0000000781600000, 0x0000000781700000|  0%| F|  |TAMS 0x0000000781600000, 0x0000000781600000| Untracked 
|  23|0x0000000781700000, 0x0000000781700000, 0x0000000781800000|  0%| F|  |TAMS 0x0000000781700000, 0x0000000781700000| Untracked 
|  24|0x0000000781800000, 0x0000000781800000, 0x0000000781900000|  0%| F|  |TAMS 0x0000000781800000, 0x0000000781800000| Untracked 
|  25|0x0000000781900000, 0x0000000781900000, 0x0000000781a00000|  0%| F|  |TAMS 0x0000000781900000, 0x0000000781900000| Untracked 
|  26|0x0000000781a00000, 0x0000000781a00000, 0x0000000781b00000|  0%| F|  |TAMS 0x0000000781a00000, 0x0000000781a00000| Untracked 
|  27|0x0000000781b00000, 0x0000000781b00000, 0x0000000781c00000|  0%| F|  |TAMS 0x0000000781b00000, 0x0000000781b00000| Untracked 
|  28|0x0000000781c00000, 0x0000000781c00000, 0x0000000781d00000|  0%| F|  |TAMS 0x0000000781c00000, 0x0000000781c00000| Untracked 
|  29|0x0000000781d00000, 0x0000000781d00000, 0x0000000781e00000|  0%| F|  |TAMS 0x0000000781d00000, 0x0000000781d00000| Untracked 
|  30|0x0000000781e00000, 0x0000000781e00000, 0x0000000781f00000|  0%| F|  |TAMS 0x0000000781e00000, 0x0000000781e00000| Untracked 
|  31|0x0000000781f00000, 0x0000000781f00000, 0x0000000782000000|  0%| F|  |TAMS 0x0000000781f00000, 0x0000000781f00000| Untracked 
|  32|0x0000000782000000, 0x0000000782000000, 0x0000000782100000|  0%| F|  |TAMS 0x0000000782000000, 0x0000000782000000| Untracked 
|  33|0x0000000782100000, 0x0000000782100000, 0x0000000782200000|  0%| F|  |TAMS 0x0000000782100000, 0x0000000782100000| Untracked 
|  34|0x0000000782200000, 0x0000000782200000, 0x0000000782300000|  0%| F|  |TAMS 0x0000000782200000, 0x0000000782200000| Untracked 
|  35|0x0000000782300000, 0x0000000782300000, 0x0000000782400000|  0%| F|  |TAMS 0x0000000782300000, 0x0000000782300000| Untracked 
|  36|0x0000000782400000, 0x0000000782400000, 0x0000000782500000|  0%| F|  |TAMS 0x0000000782400000, 0x0000000782400000| Untracked 
|  37|0x0000000782500000, 0x0000000782500000, 0x0000000782600000|  0%| F|  |TAMS 0x0000000782500000, 0x0000000782500000| Untracked 
|  38|0x0000000782600000, 0x0000000782600000, 0x0000000782700000|  0%| F|  |TAMS 0x0000000782600000, 0x0000000782600000| Untracked 
|  39|0x0000000782700000, 0x0000000782700000, 0x0000000782800000|  0%| F|  |TAMS 0x0000000782700000, 0x0000000782700000| Untracked 
|  40|0x0000000782800000, 0x0000000782800000, 0x0000000782900000|  0%| F|  |TAMS 0x0000000782800000, 0x0000000782800000| Untracked 
|  41|0x0000000782900000, 0x0000000782900000, 0x0000000782a00000|  0%| F|  |TAMS 0x0000000782900000, 0x0000000782900000| Untracked 
|  42|0x0000000782a00000, 0x0000000782a00000, 0x0000000782b00000|  0%| F|  |TAMS 0x0000000782a00000, 0x0000000782a00000| Untracked 
|  43|0x0000000782b00000, 0x0000000782b00000, 0x0000000782c00000|  0%| F|  |TAMS 0x0000000782b00000, 0x0000000782b00000| Untracked 
|  44|0x0000000782c00000, 0x0000000782c00000, 0x0000000782d00000|  0%| F|  |TAMS 0x0000000782c00000, 0x0000000782c00000| Untracked 
|  45|0x0000000782d00000, 0x0000000782d00000, 0x0000000782e00000|  0%| F|  |TAMS 0x0000000782d00000, 0x0000000782d00000| Untracked 
|  46|0x0000000782e00000, 0x0000000782e00000, 0x0000000782f00000|  0%| F|  |TAMS 0x0000000782e00000, 0x0000000782e00000| Untracked 
|  47|0x0000000782f00000, 0x0000000782f00000, 0x0000000783000000|  0%| F|  |TAMS 0x0000000782f00000, 0x0000000782f00000| Untracked 
|  48|0x0000000783000000, 0x0000000783000000, 0x0000000783100000|  0%| F|  |TAMS 0x0000000783000000, 0x0000000783000000| Untracked 
|  49|0x0000000783100000, 0x0000000783100000, 0x0000000783200000|  0%| F|  |TAMS 0x0000000783100000, 0x0000000783100000| Untracked 
|  50|0x0000000783200000, 0x0000000783200000, 0x0000000783300000|  0%| F|  |TAMS 0x0000000783200000, 0x0000000783200000| Untracked 
|  51|0x0000000783300000, 0x0000000783300000, 0x0000000783400000|  0%| F|  |TAMS 0x0000000783300000, 0x0000000783300000| Untracked 
|  52|0x0000000783400000, 0x0000000783400000, 0x0000000783500000|  0%| F|  |TAMS 0x0000000783400000, 0x0000000783400000| Untracked 
|  53|0x0000000783500000, 0x0000000783500000, 0x0000000783600000|  0%| F|  |TAMS 0x0000000783500000, 0x0000000783500000| Untracked 
|  54|0x0000000783600000, 0x0000000783600000, 0x0000000783700000|  0%| F|  |TAMS 0x0000000783600000, 0x0000000783600000| Untracked 
|  55|0x0000000783700000, 0x0000000783700000, 0x0000000783800000|  0%| F|  |TAMS 0x0000000783700000, 0x0000000783700000| Untracked 
|  56|0x0000000783800000, 0x0000000783800000, 0x0000000783900000|  0%| F|  |TAMS 0x0000000783800000, 0x0000000783800000| Untracked 
|  57|0x0000000783900000, 0x0000000783900000, 0x0000000783a00000|  0%| F|  |TAMS 0x0000000783900000, 0x0000000783900000| Untracked 
|  58|0x0000000783a00000, 0x0000000783a00000, 0x0000000783b00000|  0%| F|  |TAMS 0x0000000783a00000, 0x0000000783a00000| Untracked 
|  59|0x0000000783b00000, 0x0000000783b00000, 0x0000000783c00000|  0%| F|  |TAMS 0x0000000783b00000, 0x0000000783b00000| Untracked 
|  60|0x0000000783c00000, 0x0000000783c00000, 0x0000000783d00000|  0%| F|  |TAMS 0x0000000783c00000, 0x0000000783c00000| Untracked 
|  61|0x0000000783d00000, 0x0000000783d00000, 0x0000000783e00000|  0%| F|  |TAMS 0x0000000783d00000, 0x0000000783d00000| Untracked 
|  62|0x0000000783e00000, 0x0000000783e00000, 0x0000000783f00000|  0%| F|  |TAMS 0x0000000783e00000, 0x0000000783e00000| Untracked 
|  63|0x0000000783f00000, 0x0000000783f00000, 0x0000000784000000|  0%| F|  |TAMS 0x0000000783f00000, 0x0000000783f00000| Untracked 
|  64|0x0000000784000000, 0x0000000784000000, 0x0000000784100000|  0%| F|  |TAMS 0x0000000784000000, 0x0000000784000000| Untracked 
|  65|0x0000000784100000, 0x0000000784100000, 0x0000000784200000|  0%| F|  |TAMS 0x0000000784100000, 0x0000000784100000| Untracked 
|  66|0x0000000784200000, 0x0000000784200000, 0x0000000784300000|  0%| F|  |TAMS 0x0000000784200000, 0x0000000784200000| Untracked 
|  67|0x0000000784300000, 0x0000000784300000, 0x0000000784400000|  0%| F|  |TAMS 0x0000000784300000, 0x0000000784300000| Untracked 
|  68|0x0000000784400000, 0x0000000784400000, 0x0000000784500000|  0%| F|  |TAMS 0x0000000784400000, 0x0000000784400000| Untracked 
|  69|0x0000000784500000, 0x0000000784500000, 0x0000000784600000|  0%| F|  |TAMS 0x0000000784500000, 0x0000000784500000| Untracked 
|  70|0x0000000784600000, 0x0000000784600000, 0x0000000784700000|  0%| F|  |TAMS 0x0000000784600000, 0x0000000784600000| Untracked 
|  71|0x0000000784700000, 0x0000000784700000, 0x0000000784800000|  0%| F|  |TAMS 0x0000000784700000, 0x0000000784700000| Untracked 
|  72|0x0000000784800000, 0x0000000784800000, 0x0000000784900000|  0%| F|  |TAMS 0x0000000784800000, 0x0000000784800000| Untracked 
|  73|0x0000000784900000, 0x0000000784900000, 0x0000000784a00000|  0%| F|  |TAMS 0x0000000784900000, 0x0000000784900000| Untracked 
|  74|0x0000000784a00000, 0x0000000784a00000, 0x0000000784b00000|  0%| F|  |TAMS 0x0000000784a00000, 0x0000000784a00000| Untracked 
|  75|0x0000000784b00000, 0x0000000784b00000, 0x0000000784c00000|  0%| F|  |TAMS 0x0000000784b00000, 0x0000000784b00000| Untracked 
|  76|0x0000000784c00000, 0x0000000784c00000, 0x0000000784d00000|  0%| F|  |TAMS 0x0000000784c00000, 0x0000000784c00000| Untracked 
|  77|0x0000000784d00000, 0x0000000784d00000, 0x0000000784e00000|  0%| F|  |TAMS 0x0000000784d00000, 0x0000000784d00000| Untracked 
|  78|0x0000000784e00000, 0x0000000784e00000, 0x0000000784f00000|  0%| F|  |TAMS 0x0000000784e00000, 0x0000000784e00000| Untracked 
|  79|0x0000000784f00000, 0x0000000784f00000, 0x0000000785000000|  0%| F|  |TAMS 0x0000000784f00000, 0x0000000784f00000| Untracked 
|  80|0x0000000785000000, 0x0000000785000000, 0x0000000785100000|  0%| F|  |TAMS 0x0000000785000000, 0x0000000785000000| Untracked 
|  81|0x0000000785100000, 0x0000000785100000, 0x0000000785200000|  0%| F|  |TAMS 0x0000000785100000, 0x0000000785100000| Untracked 
|  82|0x0000000785200000, 0x0000000785200000, 0x0000000785300000|  0%| F|  |TAMS 0x0000000785200000, 0x0000000785200000| Untracked 
|  83|0x0000000785300000, 0x0000000785300000, 0x0000000785400000|  0%| F|  |TAMS 0x0000000785300000, 0x0000000785300000| Untracked 
|  84|0x0000000785400000, 0x0000000785400000, 0x0000000785500000|  0%| F|  |TAMS 0x0000000785400000, 0x0000000785400000| Untracked 
|  85|0x0000000785500000, 0x0000000785500000, 0x0000000785600000|  0%| F|  |TAMS 0x0000000785500000, 0x0000000785500000| Untracked 
|  86|0x0000000785600000, 0x0000000785600000, 0x0000000785700000|  0%| F|  |TAMS 0x0000000785600000, 0x0000000785600000| Untracked 
|  87|0x0000000785700000, 0x0000000785700000, 0x0000000785800000|  0%| F|  |TAMS 0x0000000785700000, 0x0000000785700000| Untracked 
|  88|0x0000000785800000, 0x0000000785800000, 0x0000000785900000|  0%| F|  |TAMS 0x0000000785800000, 0x0000000785800000| Untracked 
|  89|0x0000000785900000, 0x0000000785900000, 0x0000000785a00000|  0%| F|  |TAMS 0x0000000785900000, 0x0000000785900000| Untracked 
|  90|0x0000000785a00000, 0x0000000785a00000, 0x0000000785b00000|  0%| F|  |TAMS 0x0000000785a00000, 0x0000000785a00000| Untracked 
|  91|0x0000000785b00000, 0x0000000785b00000, 0x0000000785c00000|  0%| F|  |TAMS 0x0000000785b00000, 0x0000000785b00000| Untracked 
|  92|0x0000000785c00000, 0x0000000785c00000, 0x0000000785d00000|  0%| F|  |TAMS 0x0000000785c00000, 0x0000000785c00000| Untracked 
|  93|0x0000000785d00000, 0x0000000785d00000, 0x0000000785e00000|  0%| F|  |TAMS 0x0000000785d00000, 0x0000000785d00000| Untracked 
|  94|0x0000000785e00000, 0x0000000785e00000, 0x0000000785f00000|  0%| F|  |TAMS 0x0000000785e00000, 0x0000000785e00000| Untracked 
|  95|0x0000000785f00000, 0x0000000785f00000, 0x0000000786000000|  0%| F|  |TAMS 0x0000000785f00000, 0x0000000785f00000| Untracked 
|  96|0x0000000786000000, 0x0000000786000000, 0x0000000786100000|  0%| F|  |TAMS 0x0000000786000000, 0x0000000786000000| Untracked 
|  97|0x0000000786100000, 0x0000000786100000, 0x0000000786200000|  0%| F|  |TAMS 0x0000000786100000, 0x0000000786100000| Untracked 
|  98|0x0000000786200000, 0x0000000786200000, 0x0000000786300000|  0%| F|  |TAMS 0x0000000786200000, 0x0000000786200000| Untracked 
|  99|0x0000000786300000, 0x0000000786300000, 0x0000000786400000|  0%| F|  |TAMS 0x0000000786300000, 0x0000000786300000| Untracked 
| 100|0x0000000786400000, 0x0000000786400000, 0x0000000786500000|  0%| F|  |TAMS 0x0000000786400000, 0x0000000786400000| Untracked 
| 101|0x0000000786500000, 0x0000000786500000, 0x0000000786600000|  0%| F|  |TAMS 0x0000000786500000, 0x0000000786500000| Untracked 
| 102|0x0000000786600000, 0x0000000786700000, 0x0000000786700000|100%| S|CS|TAMS 0x0000000786600000, 0x0000000786600000| Complete 
| 103|0x0000000786700000, 0x0000000786800000, 0x0000000786800000|100%| S|CS|TAMS 0x0000000786700000, 0x0000000786700000| Complete 
| 104|0x0000000786800000, 0x0000000786900000, 0x0000000786900000|100%| S|CS|TAMS 0x0000000786800000, 0x0000000786800000| Complete 
| 105|0x0000000786900000, 0x0000000786900000, 0x0000000786a00000|  0%| F|  |TAMS 0x0000000786900000, 0x0000000786900000| Untracked 
| 106|0x0000000786a00000, 0x0000000786b00000, 0x0000000786b00000|100%| E|  |TAMS 0x0000000786a00000, 0x0000000786a00000| Complete 
| 107|0x0000000786b00000, 0x0000000786c00000, 0x0000000786c00000|100%| E|CS|TAMS 0x0000000786b00000, 0x0000000786b00000| Complete 
| 108|0x0000000786c00000, 0x0000000786d00000, 0x0000000786d00000|100%| E|CS|TAMS 0x0000000786c00000, 0x0000000786c00000| Complete 
| 109|0x0000000786d00000, 0x0000000786e00000, 0x0000000786e00000|100%| E|CS|TAMS 0x0000000786d00000, 0x0000000786d00000| Complete 
| 110|0x0000000786e00000, 0x0000000786f00000, 0x0000000786f00000|100%| E|  |TAMS 0x0000000786e00000, 0x0000000786e00000| Complete 
| 111|0x0000000786f00000, 0x0000000787000000, 0x0000000787000000|100%| E|CS|TAMS 0x0000000786f00000, 0x0000000786f00000| Complete 
| 112|0x0000000787000000, 0x0000000787100000, 0x0000000787100000|100%| E|CS|TAMS 0x0000000787000000, 0x0000000787000000| Complete 
| 113|0x0000000787100000, 0x0000000787200000, 0x0000000787200000|100%| E|CS|TAMS 0x0000000787100000, 0x0000000787100000| Complete 
| 114|0x0000000787200000, 0x0000000787300000, 0x0000000787300000|100%| E|CS|TAMS 0x0000000787200000, 0x0000000787200000| Complete 
| 115|0x0000000787300000, 0x0000000787400000, 0x0000000787400000|100%| E|CS|TAMS 0x0000000787300000, 0x0000000787300000| Complete 
| 116|0x0000000787400000, 0x0000000787500000, 0x0000000787500000|100%| E|CS|TAMS 0x0000000787400000, 0x0000000787400000| Complete 
| 117|0x0000000787500000, 0x0000000787600000, 0x0000000787600000|100%| E|CS|TAMS 0x0000000787500000, 0x0000000787500000| Complete 
| 118|0x0000000787600000, 0x0000000787700000, 0x0000000787700000|100%| E|CS|TAMS 0x0000000787600000, 0x0000000787600000| Complete 
| 119|0x0000000787700000, 0x0000000787800000, 0x0000000787800000|100%| E|CS|TAMS 0x0000000787700000, 0x0000000787700000| Complete 
| 120|0x0000000787800000, 0x0000000787900000, 0x0000000787900000|100%| E|CS|TAMS 0x0000000787800000, 0x0000000787800000| Complete 
| 121|0x0000000787900000, 0x0000000787a00000, 0x0000000787a00000|100%| E|CS|TAMS 0x0000000787900000, 0x0000000787900000| Complete 
| 122|0x0000000787a00000, 0x0000000787b00000, 0x0000000787b00000|100%| E|CS|TAMS 0x0000000787a00000, 0x0000000787a00000| Complete 
| 123|0x0000000787b00000, 0x0000000787c00000, 0x0000000787c00000|100%| E|CS|TAMS 0x0000000787b00000, 0x0000000787b00000| Complete 
| 124|0x0000000787c00000, 0x0000000787d00000, 0x0000000787d00000|100%| E|CS|TAMS 0x0000000787c00000, 0x0000000787c00000| Complete 
| 125|0x0000000787d00000, 0x0000000787e00000, 0x0000000787e00000|100%| E|CS|TAMS 0x0000000787d00000, 0x0000000787d00000| Complete 
| 126|0x0000000787e00000, 0x0000000787f00000, 0x0000000787f00000|100%| E|CS|TAMS 0x0000000787e00000, 0x0000000787e00000| Complete 
| 127|0x0000000787f00000, 0x0000000788000000, 0x0000000788000000|100%| E|CS|TAMS 0x0000000787f00000, 0x0000000787f00000| Complete 
|2046|0x00000007ffe00000, 0x00000007ffe78000, 0x00000007fff00000| 46%|OA|  |TAMS 0x00000007ffe00000, 0x00000007ffe00000| Untracked 
|2047|0x00000007fff00000, 0x00000007fff80000, 0x0000000800000000| 50%|CA|  |TAMS 0x00000007fff00000, 0x00000007fff00000| Untracked 

Card table byte_map: [0x00000001052e0000,0x00000001056e0000] _byte_map_base: 0x00000001016e0000

Marking Bits (Prev, Next): (CMBitMap*) 0x0000000148024e10, (CMBitMap*) 0x0000000148024e50
 Prev Bits: [0x000000011d6ac000, 0x000000011f6ac000)
 Next Bits: [0x000000011f6ac000, 0x00000001216ac000)

Polling page: 0x0000000104a40000

Metaspace:

Usage:
  Non-class:     10.74 MB used.
      Class:      1.69 MB used.
       Both:     12.43 MB used.

Virtual space:
  Non-class space:       16.00 MB reserved,      10.88 MB ( 68%) committed,  2 nodes.
      Class space:        1.00 GB reserved,       1.81 MB ( <1%) committed,  1 nodes.
             Both:        1.02 GB reserved,      12.69 MB (  1%) committed. 

Chunk freelists:
   Non-Class:  1008.00 KB
       Class:  2.17 MB
        Both:  3.15 MB

MaxMetaspaceSize: unlimited
CompressedClassSpaceSize: 1.00 GB
Initial GC threshold: 21.00 MB
Current GC threshold: 21.00 MB
CDS: on
MetaspaceReclaimPolicy: balanced
 - commit_granule_bytes: 65536.
 - commit_granule_words: 8192.
 - virtual_space_node_default_size: 1048576.
 - enlarge_chunks_in_place: 1.
 - new_chunks_are_fully_committed: 0.
 - uncommit_free_chunks: 1.
 - use_allocation_guard: 0.
 - handle_deallocations: 1.


Internal statistics:

num_allocs_failed_limit: 0.
num_arena_births: 172.
num_arena_deaths: 0.
num_vsnodes_births: 3.
num_vsnodes_deaths: 0.
num_space_committed: 203.
num_space_uncommitted: 0.
num_chunks_returned_to_freelist: 0.
num_chunks_taken_from_freelist: 558.
num_chunk_merges: 0.
num_chunk_splits: 383.
num_chunks_enlarged: 299.
num_purges: 0.
num_inconsistent_stats: 0.

CodeHeap 'non-profiled nmethods': size=120032Kb used=638Kb max_used=638Kb free=119393Kb
 bounds [0x0000000116174000, 0x00000001163e4000, 0x000000011d6ac000]
CodeHeap 'profiled nmethods': size=120016Kb used=2947Kb max_used=2947Kb free=117068Kb
 bounds [0x000000010ec40000, 0x000000010ef30000, 0x0000000116174000]
CodeHeap 'non-nmethods': size=5712Kb used=1359Kb max_used=1472Kb free=4352Kb
 bounds [0x000000010e6ac000, 0x000000010e91c000, 0x000000010ec40000]
 total_blobs=2324 nmethods=1575 adapters=666
 compilation: enabled
              stopped_count=0, restarted_count=0
 full_count=0

Compilation events (20 events):
Event: 3.220 Thread 0x000000014e811400 1601       3       com.sun.javafx.event.EventHandlerManager::dispatchCapturingEvent (23 bytes)
Event: 3.221 Thread 0x000000014e811400 nmethod 1601 0x000000010ef16210 code [0x000000010ef16400, 0x000000010ef16788]
Event: 3.221 Thread 0x000000014e811400 1603       3       com.sun.javafx.event.EventHandlerManager::dispatchBubblingEvent (23 bytes)
Event: 3.221 Thread 0x000000014e811400 nmethod 1603 0x000000010ef16910 code [0x000000010ef16b00, 0x000000010ef16e88]
Event: 3.221 Thread 0x000000014e811400 1602       3       com.sun.javafx.event.CompositeEventDispatcher::dispatchBubblingEvent (35 bytes)
Event: 3.221 Thread 0x000000014e811400 nmethod 1602 0x000000010ef17010 code [0x000000010ef17200, 0x000000010ef17708]
Event: 3.228 Thread 0x000000014e811400 1604       3       javafx.css.Rule::getOrigin (19 bytes)
Event: 3.228 Thread 0x000000014e811400 nmethod 1604 0x000000010ef17890 code [0x000000010ef17a40, 0x000000010ef17c28]
Event: 3.228 Thread 0x000000014e811400 1605       3       java.util.HashMap::clear (50 bytes)
Event: 3.228 Thread 0x000000012e814400 1612       4       java.util.HashMap::getNode (150 bytes)
Event: 3.228 Thread 0x000000014e811400 nmethod 1605 0x000000010ef17d10 code [0x000000010ef17ec0, 0x000000010ef182e8]
Event: 3.228 Thread 0x000000014e811400 1611       3       javafx.scene.CssStyleHelper$CacheContainer::getStyleMap (40 bytes)
Event: 3.229 Thread 0x000000014e811400 nmethod 1611 0x000000010ef18410 code [0x000000010ef18640, 0x000000010ef18d08]
Event: 3.229 Thread 0x000000014e811400 1615       3       java.util.WeakHashMap::get (75 bytes)
Event: 3.229 Thread 0x000000014e811400 nmethod 1615 0x000000010ef18f10 code [0x000000010ef19180, 0x000000010ef19b28]
Event: 3.229 Thread 0x000000014e811400 1608       3       java.util.HashSet::clear (8 bytes)
Event: 3.229 Thread 0x000000014e811400 nmethod 1608 0x000000010ef19f10 code [0x000000010ef1a0c0, 0x000000010ef1a2d8]
Event: 3.229 Thread 0x000000014e811400 1606       3       java.util.HashMap::remove (26 bytes)
Event: 3.230 Thread 0x000000014e811400 nmethod 1606 0x000000010ef1a390 code [0x000000010ef1a580, 0x000000010ef1a988]
Event: 3.230 Thread 0x000000014e811400 1607       3       java.util.HashMap::removeNode (291 bytes)

GC Heap History (2 events):
Event: 0.453 GC heap before
{Heap before GC invocations=0 (full 0):
 garbage-first heap   total 133120K, used 23520K [0x0000000780000000, 0x0000000800000000)
  region size 1024K, 23 young (23552K), 0 survivors (0K)
 Metaspace       used 7454K, committed 7552K, reserved 1056768K
  class space    used 971K, committed 1024K, reserved 1048576K
}
Event: 0.456 GC heap after
{Heap after GC invocations=1 (full 0):
 garbage-first heap   total 133120K, used 4377K [0x0000000780000000, 0x0000000800000000)
  region size 1024K, 3 young (3072K), 3 survivors (3072K)
 Metaspace       used 7454K, committed 7552K, reserved 1056768K
  class space    used 971K, committed 1024K, reserved 1048576K
}

Deoptimization events (20 events):
Event: 0.747 Thread 0x00000001480aa400 DEOPT PACKING pc=0x000000010ed9e860 sp=0x000000016decd380
Event: 0.747 Thread 0x00000001480aa400 DEOPT UNPACKING pc=0x000000010e6eab7c sp=0x000000016decd040 mode 0
Event: 0.757 Thread 0x00000001480aa400 DEOPT PACKING pc=0x000000010ed9e860 sp=0x000000016decd3b0
Event: 0.757 Thread 0x00000001480aa400 DEOPT UNPACKING pc=0x000000010e6eab7c sp=0x000000016decd070 mode 0
Event: 0.760 Thread 0x00000001480aa400 DEOPT PACKING pc=0x000000010ed9e860 sp=0x000000016decd430
Event: 0.760 Thread 0x00000001480aa400 DEOPT UNPACKING pc=0x000000010e6eab7c sp=0x000000016decd0d0 mode 0
Event: 0.775 Thread 0x00000001480aa400 DEOPT PACKING pc=0x000000010ee98138 sp=0x000000016decd4b0
Event: 0.775 Thread 0x00000001480aa400 DEOPT UNPACKING pc=0x000000010e6eab7c sp=0x000000016decd110 mode 0
Event: 1.169 Thread 0x0000000148447000 Uncommon trap: trap_request=0xffffff45 fr.pc=0x0000000116181dc4 relative=0x0000000000000104
Event: 1.169 Thread 0x0000000148447000 Uncommon trap: reason=unstable_if action=reinterpret pc=0x0000000116181dc4 method=java.lang.StringLatin1.lastIndexOf([BI[BII)I @ 86 c2
Event: 1.169 Thread 0x0000000148447000 DEOPT PACKING pc=0x0000000116181dc4 sp=0x000000016f6698b0
Event: 1.169 Thread 0x0000000148447000 DEOPT UNPACKING pc=0x000000010e6ead1c sp=0x000000016f669810 mode 2
Event: 2.277 Thread 0x00000001480aa400 DEOPT PACKING pc=0x000000010ee98138 sp=0x000000016decd4b0
Event: 2.277 Thread 0x00000001480aa400 DEOPT UNPACKING pc=0x000000010e6eab7c sp=0x000000016decd110 mode 0
Event: 2.278 Thread 0x00000001480aa400 DEOPT PACKING pc=0x000000010ee98074 sp=0x000000016decd4b0
Event: 2.278 Thread 0x00000001480aa400 DEOPT UNPACKING pc=0x000000010e6eab7c sp=0x000000016decd110 mode 0
Event: 2.279 Thread 0x00000001480aa400 DEOPT PACKING pc=0x000000010ee98138 sp=0x000000016decd4b0
Event: 2.279 Thread 0x00000001480aa400 DEOPT UNPACKING pc=0x000000010e6eab7c sp=0x000000016decd110 mode 0
Event: 2.282 Thread 0x00000001480aa400 DEOPT PACKING pc=0x000000010ee98138 sp=0x000000016decd4b0
Event: 2.282 Thread 0x00000001480aa400 DEOPT UNPACKING pc=0x000000010e6eab7c sp=0x000000016decd110 mode 0

Classes unloaded (0 events):
No events

Classes redefined (0 events):
No events

Internal exceptions (20 events):
Event: 0.358 Thread 0x000000014f00d400 Exception <a 'java/lang/NoSuchMethodError'{0x000000078750b608}: 'java.lang.Object java.lang.invoke.DirectMethodHandle$Holder.newInvokeSpecial(java.lang.Object, java.lang.Object, java.lang.Object, java.lang.Object, java.lang.Object, java.lang.Object)'> (0x000000078750b608) 
thrown [src/hotspot/share/interpreter/linkResolver.cpp, line 766]
Event: 0.375 Thread 0x000000014f00d400 Exception <a 'java/lang/NoSuchMethodError'{0x000000078753c570}: 'java.lang.Object java.lang.invoke.DirectMethodHandle$Holder.newInvokeSpecial(java.lang.Object, java.lang.Object, java.lang.Object, java.lang.Object, java.lang.Object)'> (0x000000078753c570) 
thrown [src/hotspot/share/interpreter/linkResolver.cpp, line 766]
Event: 0.377 Thread 0x000000013e9dd000 Exception <a 'java/lang/NoSuchMethodError'{0x000000078717a2f8}: 'void java.lang.invoke.DirectMethodHandle$Holder.invokeStatic(java.lang.Object, java.lang.Object, java.lang.Object, java.lang.Object)'> (0x000000078717a2f8) 
thrown [src/hotspot/share/interpreter/linkResolver.cpp, line 766]
Event: 0.405 Thread 0x000000013f01be00 Exception <a 'sun/nio/fs/UnixException'{0x0000000786ee2b70}> (0x0000000786ee2b70) 
thrown [src/hotspot/share/prims/jni.cpp, line 516]
Event: 0.430 Thread 0x000000013f01be00 Exception <a 'java/lang/NoSuchMethodError'{0x0000000786b66198}: 'java.lang.Object java.lang.invoke.DirectMethodHandle$Holder.invokeStaticInit(java.lang.Object, java.lang.Object, java.lang.Object, java.lang.Object)'> (0x0000000786b66198) 
thrown [src/hotspot/share/interpreter/linkResolver.cpp, line 766]
Event: 0.431 Thread 0x000000013f01be00 Exception <a 'java/lang/NullPointerException'{0x0000000786b71ea0}> (0x0000000786b71ea0) 
thrown [src/hotspot/share/interpreter/linkResolver.cpp, line 1357]
Event: 0.442 Thread 0x000000013f01be00 Exception <a 'java/lang/NoSuchMethodError'{0x0000000786af7050}: 'java.lang.Object java.lang.invoke.DirectMethodHandle$Holder.invokeSpecial(java.lang.Object, java.lang.Object, java.lang.Object, int, java.lang.Object)'> (0x0000000786af7050) 
thrown [src/hotspot/share/interpreter/linkResolver.cpp, line 766]
Event: 0.501 Thread 0x000000013f01be00 Exception <a 'java/lang/NoSuchMethodError'{0x00000007879098a8}: 'void java.lang.invoke.DirectMethodHandle$Holder.invokeStaticInit(java.lang.Object, java.lang.Object)'> (0x00000007879098a8) 
thrown [src/hotspot/share/interpreter/linkResolver.cpp, line 766]
Event: 0.509 Thread 0x000000013f01be00 Exception <a 'sun/nio/fs/UnixException'{0x00000007879df7f0}> (0x00000007879df7f0) 
thrown [src/hotspot/share/prims/jni.cpp, line 516]
Event: 0.515 Thread 0x000000013f01be00 Implicit null exception at 0x00000001161c1f94 to 0x00000001161c231c
Event: 0.520 Thread 0x000000013f01be00 Implicit null exception at 0x00000001161bddd4 to 0x00000001161be128
Event: 0.653 Thread 0x000000013f01be00 Exception <a 'java/lang/NoSuchMethodError'{0x000000078723a3b8}: 'void java.lang.invoke.DirectMethodHandle$Holder.invokeSpecial(java.lang.Object, java.lang.Object, java.lang.Object, java.lang.Object, java.lang.Object)'> (0x000000078723a3b8) 
thrown [src/hotspot/share/interpreter/linkResolver.cpp, line 766]
Event: 0.653 Thread 0x000000013f01be00 Exception <a 'java/lang/NoSuchMethodError'{0x000000078724a988}: 'java.lang.Object java.lang.invoke.DirectMethodHandle$Holder.invokeInterface(java.lang.Object, java.lang.Object, java.lang.Object)'> (0x000000078724a988) 
thrown [src/hotspot/share/interpreter/linkResolver.cpp, line 766]
Event: 0.653 Thread 0x000000013f01be00 Exception <a 'java/lang/IncompatibleClassChangeError'{0x000000078724e310}: Found class java.lang.Object, but interface was expected> (0x000000078724e310) 
thrown [src/hotspot/share/interpreter/linkResolver.cpp, line 833]
Event: 0.674 Thread 0x000000013f01be00 Exception <a 'java/lang/NoSuchMethodError'{0x00000007871d0150}: 'java.lang.Object java.lang.invoke.DirectMethodHandle$Holder.newInvokeSpecial(java.lang.Object, java.lang.Object, int)'> (0x00000007871d0150) 
thrown [src/hotspot/share/interpreter/linkResolver.cpp, line 766]
Event: 0.727 Thread 0x00000001480aa400 Exception <a 'java/lang/NoSuchMethodError'{0x0000000786f52568}: 'int java.lang.invoke.DirectMethodHandle$Holder.invokeStaticInit(java.lang.Object, java.lang.Object)'> (0x0000000786f52568) 
thrown [src/hotspot/share/interpreter/linkResolver.cpp, line 766]
Event: 3.113 Thread 0x000000013f01be00 Exception <a 'java/lang/NoSuchMethodError'{0x0000000786ab2240}: 'long java.lang.invoke.DirectMethodHandle$Holder.invokeStatic(java.lang.Object, java.lang.Object, java.lang.Object)'> (0x0000000786ab2240) 
thrown [src/hotspot/share/interpreter/linkResolver.cpp, line 766]
Event: 3.113 Thread 0x000000013f01be00 Exception <a 'java/lang/NoSuchMethodError'{0x0000000786ab59e8}: 'long java.lang.invoke.DirectMethodHandle$Holder.invokeStaticInit(java.lang.Object, java.lang.Object, java.lang.Object)'> (0x0000000786ab59e8) 
thrown [src/hotspot/share/interpreter/linkResolver.cpp, line 766]
Event: 3.115 Thread 0x000000013f01be00 Exception <a 'java/lang/NoSuchMethodError'{0x0000000786acd5f0}: 'java.lang.Object java.lang.invoke.DirectMethodHandle$Holder.newInvokeSpecial(java.lang.Object, java.lang.Object, long)'> (0x0000000786acd5f0) 
thrown [src/hotspot/share/interpreter/linkResolver.cpp, line 766]
Event: 3.115 Thread 0x000000013f01be00 Exception <a 'java/lang/NoSuchMethodError'{0x0000000786ad0eb8}: 'java.lang.Object java.lang.invoke.Invokers$Holder.linkToTargetMethod(java.lang.Object, long, java.lang.Object)'> (0x0000000786ad0eb8) 
thrown [src/hotspot/share/interpreter/linkResolver.cpp, line 766]

VM Operations (20 events):
Event: 0.076 Executing VM operation: HandshakeAllThreads
Event: 0.076 Executing VM operation: HandshakeAllThreads done
Event: 0.076 Executing VM operation: HandshakeAllThreads
Event: 0.076 Executing VM operation: HandshakeAllThreads done
Event: 0.086 Executing VM operation: HandshakeAllThreads
Event: 0.086 Executing VM operation: HandshakeAllThreads done
Event: 0.091 Executing VM operation: ICBufferFull
Event: 0.091 Executing VM operation: ICBufferFull done
Event: 0.453 Executing VM operation: G1CollectForAllocation
Event: 0.456 Executing VM operation: G1CollectForAllocation done
Event: 0.479 Executing VM operation: HandshakeAllThreads
Event: 0.479 Executing VM operation: HandshakeAllThreads done
Event: 0.500 Executing VM operation: ICBufferFull
Event: 0.500 Executing VM operation: ICBufferFull done
Event: 0.644 Executing VM operation: HandshakeAllThreads
Event: 0.644 Executing VM operation: HandshakeAllThreads done
Event: 1.725 Executing VM operation: ICBufferFull
Event: 1.725 Executing VM operation: ICBufferFull done
Event: 2.728 Executing VM operation: Cleanup
Event: 2.728 Executing VM operation: Cleanup done

Events (20 events):
Event: 1.168 loading class sun/util/resources/cldr/TimeZoneNames_en
Event: 1.168 loading class sun/util/resources/cldr/TimeZoneNames_en done
Event: 1.169 loading class sun/util/resources/cldr/TimeZoneNames_en_US
Event: 1.169 loading class sun/util/resources/cldr/TimeZoneNames_en_US done
Event: 1.170 loading class sun/util/resources/TimeZoneNames
Event: 1.171 loading class sun/util/resources/TimeZoneNames done
Event: 1.171 loading class sun/util/resources/TimeZoneNames_en
Event: 1.171 loading class sun/util/resources/TimeZoneNames_en done
Event: 1.216 loading class java/util/EnumMap$Values
Event: 1.216 loading class java/util/EnumMap$Values done
Event: 1.216 loading class java/util/EnumMap$ValueIterator
Event: 1.216 loading class java/util/EnumMap$EnumMapIterator
Event: 1.216 loading class java/util/EnumMap$EnumMapIterator done
Event: 1.216 loading class java/util/EnumMap$ValueIterator done
Event: 2.261 Protecting memory [0x000000016e0e4000,0x000000016e0f0000] with protection modes 0
Event: 2.263 Thread 0x000000012e818e00 Thread added: 0x000000012e818e00
Event: 2.544 Protecting memory [0x000000016e0e4000,0x000000016e0f0000] with protection modes 3
Event: 2.544 Thread 0x000000012e818e00 Thread exited: 0x000000012e818e00
Event: 3.111 Protecting memory [0x000000016e0e4000,0x000000016e0f0000] with protection modes 0
Event: 3.111 Thread 0x0000000148446000 Thread added: 0x0000000148446000


Dynamic libraries:
0x00000001049f0000 	/Library/Java/JavaVirtualMachines/zulu-17.jdk/Contents/Home/lib/libjli.dylib
0x00000001c9f42000 	/usr/lib/libz.1.dylib
0x00000001c9ff2000 	/usr/lib/libSystem.B.dylib
0x00000001c9fec000 	/usr/lib/system/libcache.dylib
0x00000001c9faa000 	/usr/lib/system/libcommonCrypto.dylib
0x00000001c9fd3000 	/usr/lib/system/libcompiler_rt.dylib
0x00000001c9fca000 	/usr/lib/system/libcopyfile.dylib
0x00000001bf2f6000 	/usr/lib/system/libcorecrypto.dylib
0x00000001bf39b000 	/usr/lib/system/libdispatch.dylib
0x00000001bf563000 	/usr/lib/system/libdyld.dylib
0x00000001c9fe2000 	/usr/lib/system/libkeymgr.dylib
0x00000001c9f8c000 	/usr/lib/system/libmacho.dylib
0x00000001c9698000 	/usr/lib/system/libquarantine.dylib
0x00000001c9fdf000 	/usr/lib/system/libremovefile.dylib
0x00000001c46e5000 	/usr/lib/system/libsystem_asl.dylib
0x00000001bf2a0000 	/usr/lib/system/libsystem_blocks.dylib
0x00000001bf421000 	/usr/lib/system/libsystem_c.dylib
0x00000001c9fd7000 	/usr/lib/system/libsystem_collections.dylib
0x00000001c8af5000 	/usr/lib/system/libsystem_configuration.dylib
0x00000001c7d7b000 	/usr/lib/system/libsystem_containermanager.dylib
0x00000001c9cf6000 	/usr/lib/system/libsystem_coreservices.dylib
0x00000001c1c88000 	/usr/lib/system/libsystem_darwin.dylib
0x00000001c9fe3000 	/usr/lib/system/libsystem_dnssd.dylib
0x00000001bf41e000 	/usr/lib/system/libsystem_featureflags.dylib
0x00000001bf578000 	/usr/lib/system/libsystem_info.dylib
0x00000001c9f54000 	/usr/lib/system/libsystem_m.dylib
0x00000001bf370000 	/usr/lib/system/libsystem_malloc.dylib
0x00000001c4676000 	/usr/lib/system/libsystem_networkextension.dylib
0x00000001c20db000 	/usr/lib/system/libsystem_notify.dylib
0x00000001d01bf000 	/usr/lib/system/libsystem_product_info_filter.dylib
0x00000001c8afa000 	/usr/lib/system/libsystem_sandbox.dylib
0x00000001c9fdc000 	/usr/lib/system/libsystem_secinit.dylib
0x00000001bf520000 	/usr/lib/system/libsystem_kernel.dylib
0x00000001bf570000 	/usr/lib/system/libsystem_platform.dylib
0x00000001bf556000 	/usr/lib/system/libsystem_pthread.dylib
0x00000001c5e1b000 	/usr/lib/system/libsystem_symptoms.dylib
0x00000001bf2dc000 	/usr/lib/system/libsystem_trace.dylib
0x00000001c9fb7000 	/usr/lib/system/libunwind.dylib
0x00000001bf2a2000 	/usr/lib/system/libxpc.dylib
0x00000001bf506000 	/usr/lib/libc++abi.dylib
0x00000001bf3e2000 	/usr/lib/libobjc.A.dylib
0x00000001c9fc2000 	/usr/lib/liboah.dylib
0x00000001bf4a2000 	/usr/lib/libc++.1.dylib
0x00000001d5b9c000 	/System/Library/Frameworks/Cocoa.framework/Versions/A/Cocoa
0x00000001c213a000 	/System/Library/Frameworks/AppKit.framework/Versions/C/AppKit
0x00000001c565c000 	/System/Library/Frameworks/CoreData.framework/Versions/A/CoreData
0x00000001c049b000 	/System/Library/Frameworks/Foundation.framework/Versions/C/Foundation
0x00000001c2fec000 	/System/Library/PrivateFrameworks/UIFoundation.framework/Versions/A/UIFoundation
0x00000001cfeb9000 	/System/Library/PrivateFrameworks/RemoteViewServices.framework/Versions/A/RemoteViewServices
0x00000001c84b4000 	/System/Library/PrivateFrameworks/XCTTargetBootstrap.framework/Versions/A/XCTTargetBootstrap
0x00000001cbcf4000 	/System/Library/PrivateFrameworks/InternationalSupport.framework/Versions/A/InternationalSupport
0x00000001cbd7d000 	/System/Library/PrivateFrameworks/UserActivity.framework/Versions/A/UserActivity
0x00000001cb21f000 	/usr/lib/libspindump.dylib
0x00000001c325c000 	/System/Library/Frameworks/UniformTypeIdentifiers.framework/Versions/A/UniformTypeIdentifiers
0x00000001c6a42000 	/usr/lib/libapp_launch_measurement.dylib
0x00000001c5fbf000 	/System/Library/PrivateFrameworks/CoreAnalytics.framework/Versions/A/CoreAnalytics
0x00000001c6a45000 	/System/Library/PrivateFrameworks/CoreAutoLayout.framework/Versions/A/CoreAutoLayout
0x00000001c7db8000 	/System/Library/Frameworks/Metal.framework/Versions/A/Metal
0x00000001c8b05000 	/usr/lib/liblangid.dylib
0x00000001c84b8000 	/System/Library/PrivateFrameworks/CoreSVG.framework/Versions/A/CoreSVG
0x00000001c4719000 	/System/Library/PrivateFrameworks/SkyLight.framework/Versions/A/SkyLight
0x00000001c4ae1000 	/System/Library/Frameworks/CoreGraphics.framework/Versions/A/CoreGraphics
0x00000001d0532000 	/System/Library/Frameworks/Accelerate.framework/Versions/A/Accelerate
0x00000001cac94000 	/System/Library/PrivateFrameworks/IconServices.framework/Versions/A/IconServices
0x00000001c7d9a000 	/System/Library/Frameworks/IOSurface.framework/Versions/A/IOSurface
0x00000001c5fef000 	/usr/lib/libDiagnosticMessagesClient.dylib
0x00000001d396a000 	/System/Library/Frameworks/ApplicationServices.framework/Versions/A/ApplicationServices
0x00000001c849c000 	/System/Library/PrivateFrameworks/DFRFoundation.framework/Versions/A/DFRFoundation
0x00000001c19dd000 	/usr/lib/libicucore.A.dylib
0x00000001ccaf1000 	/System/Library/Frameworks/AudioToolbox.framework/Versions/A/AudioToolbox
0x00000001cbd00000 	/System/Library/PrivateFrameworks/DataDetectorsCore.framework/Versions/A/DataDetectorsCore
0x00000001e1d1c000 	/System/Library/PrivateFrameworks/TextInput.framework/Versions/A/TextInput
0x00000001c4690000 	/usr/lib/libMobileGestalt.dylib
0x00000001c816c000 	/System/Library/Frameworks/Carbon.framework/Versions/A/Frameworks/HIToolbox.framework/Versions/A/HIToolbox
0x00000001c644c000 	/System/Library/Frameworks/QuartzCore.framework/Versions/A/QuartzCore
0x00000001c165a000 	/System/Library/Frameworks/Security.framework/Versions/A/Security
0x00000001cfef9000 	/System/Library/Frameworks/Carbon.framework/Versions/A/Frameworks/SpeechRecognition.framework/Versions/A/SpeechRecognition
0x00000001c6799000 	/System/Library/PrivateFrameworks/CoreUI.framework/Versions/A/CoreUI
0x00000001c0f2d000 	/System/Library/Frameworks/CoreAudio.framework/Versions/A/CoreAudio
0x00000001c60df000 	/System/Library/Frameworks/DiskArbitration.framework/Versions/A/DiskArbitration
0x00000001cb607000 	/System/Library/PrivateFrameworks/MultitouchSupport.framework/Versions/A/MultitouchSupport
0x00000001c468e000 	/usr/lib/libenergytrace.dylib
0x00000001c2006000 	/System/Library/Frameworks/IOKit.framework/Versions/A/IOKit
0x00000001d02e0000 	/System/Library/Frameworks/CoreServices.framework/Versions/A/CoreServices
0x00000001c69d2000 	/System/Library/PrivateFrameworks/PerformanceAnalysis.framework/Versions/A/PerformanceAnalysis
0x0000000220541000 	/System/Library/Frameworks/OpenGL.framework/Versions/A/OpenGL
0x00000001c95b8000 	/System/Library/PrivateFrameworks/MobileKeyBag.framework/Versions/A/MobileKeyBag
0x00000001c50f1000 	/System/Library/Frameworks/ColorSync.framework/Versions/A/ColorSync
0x00000001bf5a4000 	/System/Library/Frameworks/CoreFoundation.framework/Versions/A/CoreFoundation
0x00000001c8739000 	/System/Library/Frameworks/CoreImage.framework/Versions/A/CoreImage
0x00000001c0d50000 	/System/Library/Frameworks/CoreText.framework/Versions/A/CoreText
0x00000001c84e8000 	/System/Library/Frameworks/ImageIO.framework/Versions/A/ImageIO
0x00000001c9ff8000 	/System/Library/PrivateFrameworks/SoftLinking.framework/Versions/A/SoftLinking
0x00000001c6a8f000 	/usr/lib/libxml2.2.dylib
0x00000001ca290000 	/usr/lib/libcompression.dylib
0x00000001cbc4d000 	/System/Library/PrivateFrameworks/TextureIO.framework/Versions/A/TextureIO
0x00000001ca9ae000 	/usr/lib/libate.dylib
0x00000001ca876000 	/usr/lib/liblzma.5.dylib
0x00000001c018c000 	/System/Library/Frameworks/SystemConfiguration.framework/Versions/A/SystemConfiguration
0x00000001c9ff4000 	/usr/lib/libfakelink.dylib
0x00000001c41be000 	/System/Library/Frameworks/CFNetwork.framework/Versions/A/CFNetwork
0x00000001ca13b000 	/usr/lib/libarchive.2.dylib
0x00000001c8b01000 	/System/Library/PrivateFrameworks/AppleSystemInfo.framework/Versions/A/AppleSystemInfo
0x00000001c96c2000 	/usr/lib/libbsm.0.dylib
0x00000001c36fb000 	/usr/lib/libnetwork.dylib
0x00000001c9f92000 	/usr/lib/system/libkxld.dylib
0x00000001c92da000 	/System/Library/PrivateFrameworks/IOMobileFramebuffer.framework/Versions/A/IOMobileFramebuffer
0x000000023be6c000 	/usr/lib/libCoreEntitlements.dylib
0x00000001c9cd8000 	/System/Library/PrivateFrameworks/AppleFSCompression.framework/Versions/A/AppleFSCompression
0x00000001c96ab000 	/usr/lib/libcoretls.dylib
0x00000001ca88f000 	/usr/lib/libcoretls_cfhelpers.dylib
0x00000001ca28b000 	/usr/lib/libpam.2.dylib
0x00000001c5a43000 	/usr/lib/libsqlite3.dylib
0x00000001ca8f7000 	/usr/lib/libxar.1.dylib
0x00000001c9ce9000 	/usr/lib/libbz2.1.0.dylib
0x00000001c9ff9000 	/usr/lib/libpcap.A.dylib
0x00000001c5e12000 	/usr/lib/libdns_services.dylib
0x00000001ca25e000 	/usr/lib/libapple_nghttp2.dylib
0x00000001ca036000 	/usr/lib/libiconv.2.dylib
0x00000001c9f8b000 	/usr/lib/libcharset.1.dylib
0x00000001c6a0e000 	/System/Library/Frameworks/CoreServices.framework/Versions/A/Frameworks/FSEvents.framework/Versions/A/FSEvents
0x00000001c1c93000 	/System/Library/Frameworks/CoreServices.framework/Versions/A/Frameworks/CarbonCore.framework/Versions/A/CarbonCore
0x00000001c6042000 	/System/Library/Frameworks/CoreServices.framework/Versions/A/Frameworks/Metadata.framework/Versions/A/Metadata
0x00000001c9cfc000 	/System/Library/Frameworks/CoreServices.framework/Versions/A/Frameworks/OSServices.framework/Versions/A/OSServices
0x00000001ca1c0000 	/System/Library/Frameworks/CoreServices.framework/Versions/A/Frameworks/SearchKit.framework/Versions/A/SearchKit
0x00000001c5da0000 	/System/Library/Frameworks/CoreServices.framework/Versions/A/Frameworks/AE.framework/Versions/A/AE
0x00000001bfae8000 	/System/Library/Frameworks/CoreServices.framework/Versions/A/Frameworks/LaunchServices.framework/Versions/A/LaunchServices
0x00000001ca81f000 	/System/Library/Frameworks/CoreServices.framework/Versions/A/Frameworks/DictionaryServices.framework/Versions/A/DictionaryServices
0x00000001c6a1b000 	/System/Library/Frameworks/CoreServices.framework/Versions/A/Frameworks/SharedFileList.framework/Versions/A/SharedFileList
0x00000001c969b000 	/usr/lib/libCheckFix.dylib
0x00000001c46fd000 	/System/Library/PrivateFrameworks/TCC.framework/Versions/A/TCC
0x00000001c8b07000 	/System/Library/PrivateFrameworks/CoreNLP.framework/Versions/A/CoreNLP
0x00000001c5ff2000 	/System/Library/PrivateFrameworks/MetadataUtilities.framework/Versions/A/MetadataUtilities
0x00000001c0245000 	/usr/lib/libmecabra.dylib
0x00000001c96d3000 	/usr/lib/libmecab.dylib
0x00000001c0211000 	/usr/lib/libCRFSuite.dylib
0x00000001c9731000 	/usr/lib/libgermantok.dylib
0x00000001ca237000 	/usr/lib/libThaiTokenizer.dylib
0x00000001c60e7000 	/System/Library/Frameworks/Accelerate.framework/Versions/A/Frameworks/vImage.framework/Versions/A/vImage
0x00000001d02b7000 	/System/Library/Frameworks/Accelerate.framework/Versions/A/Frameworks/vecLib.framework/Versions/A/vecLib
0x00000001ca93b000 	/System/Library/Frameworks/Accelerate.framework/Versions/A/Frameworks/vecLib.framework/Versions/A/libvMisc.dylib
0x00000001c91e4000 	/System/Library/Frameworks/Accelerate.framework/Versions/A/Frameworks/vecLib.framework/Versions/A/libvDSP.dylib
0x00000001bfe6b000 	/System/Library/Frameworks/Accelerate.framework/Versions/A/Frameworks/vecLib.framework/Versions/A/libBLAS.dylib
0x00000001ca35f000 	/System/Library/Frameworks/Accelerate.framework/Versions/A/Frameworks/vecLib.framework/Versions/A/libLAPACK.dylib
0x00000001c9734000 	/System/Library/Frameworks/Accelerate.framework/Versions/A/Frameworks/vecLib.framework/Versions/A/libLinearAlgebra.dylib
0x00000001ca276000 	/System/Library/Frameworks/Accelerate.framework/Versions/A/Frameworks/vecLib.framework/Versions/A/libSparseBLAS.dylib
0x00000001ca35a000 	/System/Library/Frameworks/Accelerate.framework/Versions/A/Frameworks/vecLib.framework/Versions/A/libQuadrature.dylib
0x00000001c8bfe000 	/System/Library/Frameworks/Accelerate.framework/Versions/A/Frameworks/vecLib.framework/Versions/A/libBNNS.dylib
0x00000001c0129000 	/System/Library/Frameworks/Accelerate.framework/Versions/A/Frameworks/vecLib.framework/Versions/A/libSparse.dylib
0x00000001c8bf6000 	/System/Library/PrivateFrameworks/LinguisticData.framework/Versions/A/LinguisticData
0x00000001c00df000 	/System/Library/PrivateFrameworks/Lexicon.framework/Versions/A/Lexicon
0x00000001ca933000 	/usr/lib/libChineseTokenizer.dylib
0x00000001c0889000 	/System/Library/PrivateFrameworks/LanguageModeling.framework/Versions/A/LanguageModeling
0x00000001ca239000 	/System/Library/PrivateFrameworks/AppleSauce.framework/Versions/A/AppleSauce
0x00000001c92c7000 	/System/Library/PrivateFrameworks/CoreEmoji.framework/Versions/A/CoreEmoji
0x00000001ca129000 	/usr/lib/libcmph.dylib
0x00000001c69ee000 	/System/Library/Frameworks/OpenDirectory.framework/Versions/A/Frameworks/CFOpenDirectory.framework/Versions/A/CFOpenDirectory
0x00000001c69de000 	/System/Library/Frameworks/OpenDirectory.framework/Versions/A/OpenDirectory
0x00000001ca891000 	/System/Library/PrivateFrameworks/APFS.framework/Versions/A/APFS
0x00000001c95f3000 	/System/Library/Frameworks/SecurityFoundation.framework/Versions/A/SecurityFoundation
0x00000001ca905000 	/usr/lib/libutil.dylib
0x00000001c1fc8000 	/System/Library/PrivateFrameworks/CoreServicesStore.framework/Versions/A/CoreServicesStore
0x00000001ca909000 	/usr/lib/libxslt.1.dylib
0x00000001c9687000 	/System/Library/PrivateFrameworks/BackgroundTaskManagement.framework/Versions/A/BackgroundTaskManagement
0x00000001cbb6e000 	/System/Library/Frameworks/ImageIO.framework/Versions/A/Resources/libRadiance.dylib
0x00000001cbb77000 	/System/Library/Frameworks/ImageIO.framework/Versions/A/Resources/libJPEG.dylib
0x00000001cbac9000 	/System/Library/Frameworks/ImageIO.framework/Versions/A/Resources/libPng.dylib
0x00000001cbaeb000 	/System/Library/Frameworks/ImageIO.framework/Versions/A/Resources/libTIFF.dylib
0x00000001cbbd2000 	/System/Library/Frameworks/ImageIO.framework/Versions/A/Resources/libGIF.dylib
0x00000001cb517000 	/System/Library/Frameworks/ImageIO.framework/Versions/A/Resources/libJP2.dylib
0x00000001cac5a000 	/usr/lib/libexpat.1.dylib
0x00000001cb4d2000 	/System/Library/PrivateFrameworks/AppleJPEG.framework/Versions/A/AppleJPEG
0x00000001c802b000 	/System/Library/PrivateFrameworks/FontServices.framework/libFontParser.dylib
0x00000001c5d45000 	/System/Library/PrivateFrameworks/RunningBoardServices.framework/Versions/A/RunningBoardServices
0x00000001d6207000 	/System/Library/PrivateFrameworks/IOSurfaceAccelerator.framework/Versions/A/IOSurfaceAccelerator
0x00000001cb603000 	/System/Library/PrivateFrameworks/WatchdogClient.framework/Versions/A/WatchdogClient
0x00000001c098d000 	/System/Library/Frameworks/CoreDisplay.framework/Versions/A/CoreDisplay
0x00000001c7f1a000 	/System/Library/Frameworks/CoreMedia.framework/Versions/A/CoreMedia
0x00000001c7dae000 	/System/Library/PrivateFrameworks/IOAccelerator.framework/Versions/A/IOAccelerator
0x00000001c6b7c000 	/System/Library/Frameworks/CoreVideo.framework/Versions/A/CoreVideo
0x00000001ca289000 	/System/Library/Frameworks/MetalPerformanceShaders.framework/Versions/A/MetalPerformanceShaders
0x00000001cb640000 	/System/Library/Frameworks/VideoToolbox.framework/Versions/A/VideoToolbox
0x00000001c5c89000 	/System/Library/PrivateFrameworks/BaseBoard.framework/Versions/A/BaseBoard
0x00000001c5a28000 	/System/Library/PrivateFrameworks/ProtocolBuffer.framework/Versions/A/ProtocolBuffer
0x00000001cbb69000 	/System/Library/PrivateFrameworks/GPUWrangler.framework/Versions/A/GPUWrangler
0x00000001cbb48000 	/System/Library/PrivateFrameworks/IOPresentment.framework/Versions/A/IOPresentment
0x00000001cbb71000 	/System/Library/PrivateFrameworks/DSExternalDisplay.framework/Versions/A/DSExternalDisplay
0x0000000220534000 	/System/Library/Frameworks/OpenGL.framework/Versions/A/Libraries/libCoreFSCache.dylib
0x0000000229c4e000 	/System/Library/PrivateFrameworks/GPUCompiler.framework/Versions/31001/Libraries/libGPUCompilerUtils.dylib
0x00000001cbbd7000 	/System/Library/PrivateFrameworks/CMCaptureCore.framework/Versions/A/CMCaptureCore
0x00000001cb20d000 	/System/Library/PrivateFrameworks/AppServerSupport.framework/Versions/A/AppServerSupport
0x00000001cd3ac000 	/System/Library/PrivateFrameworks/perfdata.framework/Versions/A/perfdata
0x00000001c0aad000 	/System/Library/PrivateFrameworks/AudioToolboxCore.framework/Versions/A/AudioToolboxCore
0x00000001c7ef2000 	/System/Library/PrivateFrameworks/caulk.framework/Versions/A/caulk
0x00000001ccca1000 	/usr/lib/libAudioStatistics.dylib
0x00000001de4ba000 	/System/Library/PrivateFrameworks/SystemPolicy.framework/Versions/A/SystemPolicy
0x00000001ccf01000 	/usr/lib/libSMC.dylib
0x00000001d5a7e000 	/System/Library/Frameworks/CoreMIDI.framework/Versions/A/CoreMIDI
0x00000001cba97000 	/usr/lib/libAudioToolboxUtility.dylib
0x00000001da960000 	/System/Library/PrivateFrameworks/OSAServicesClient.framework/Versions/A/OSAServicesClient
0x00000001cd3b9000 	/usr/lib/libperfcheck.dylib
0x00000001defbd000 	/usr/lib/libmis.dylib
0x0000000220595000 	/System/Library/Frameworks/OpenGL.framework/Versions/A/Libraries/libGLU.dylib
0x0000000220554000 	/System/Library/Frameworks/OpenGL.framework/Versions/A/Libraries/libGFXShared.dylib
0x000000022073e000 	/System/Library/Frameworks/OpenGL.framework/Versions/A/Libraries/libGL.dylib
0x000000022055d000 	/System/Library/Frameworks/OpenGL.framework/Versions/A/Libraries/libGLImage.dylib
0x0000000220551000 	/System/Library/Frameworks/OpenGL.framework/Versions/A/Libraries/libCVMSPluginSupport.dylib
0x000000022053b000 	/System/Library/Frameworks/OpenGL.framework/Versions/A/Libraries/libCoreVMClient.dylib
0x00000001c8a83000 	/System/Library/Frameworks/MetalPerformanceShaders.framework/Versions/A/Frameworks/MPSCore.framework/Versions/A/MPSCore
0x00000001c9c4b000 	/System/Library/Frameworks/MetalPerformanceShaders.framework/Versions/A/Frameworks/MPSImage.framework/Versions/A/MPSImage
0x00000001c9749000 	/System/Library/Frameworks/MetalPerformanceShaders.framework/Versions/A/Frameworks/MPSNeuralNetwork.framework/Versions/A/MPSNeuralNetwork
0x00000001c9b86000 	/System/Library/Frameworks/MetalPerformanceShaders.framework/Versions/A/Frameworks/MPSMatrix.framework/Versions/A/MPSMatrix
0x00000001c9961000 	/System/Library/Frameworks/MetalPerformanceShaders.framework/Versions/A/Frameworks/MPSRayIntersector.framework/Versions/A/MPSRayIntersector
0x00000001c9bb7000 	/System/Library/Frameworks/MetalPerformanceShaders.framework/Versions/A/Frameworks/MPSNDArray.framework/Versions/A/MPSNDArray
0x0000000222250000 	/System/Library/Frameworks/MetalPerformanceShaders.framework/Versions/A/Frameworks/MPSFunctions.framework/Versions/A/MPSFunctions
0x00000001bfd49000 	/System/Library/PrivateFrameworks/MetalTools.framework/Versions/A/MetalTools
0x00000001c8aff000 	/System/Library/PrivateFrameworks/AggregateDictionary.framework/Versions/A/AggregateDictionary
0x00000001caa40000 	/usr/lib/libIOReport.dylib
0x00000001d4a6c000 	/System/Library/PrivateFrameworks/ASEProcessing.framework/Versions/A/ASEProcessing
0x00000001cadb2000 	/System/Library/PrivateFrameworks/FaceCore.framework/Versions/A/FaceCore
0x00000001cada4000 	/System/Library/PrivateFrameworks/GraphVisualizer.framework/Versions/A/GraphVisualizer
0x0000000229b65000 	/System/Library/PrivateFrameworks/FontServices.framework/Versions/A/FontServices
0x00000001cb1c7000 	/System/Library/PrivateFrameworks/OTSVG.framework/Versions/A/OTSVG
0x00000001c674a000 	/System/Library/Frameworks/ApplicationServices.framework/Versions/A/Frameworks/ATS.framework/Versions/A/Resources/libFontRegistry.dylib
0x00000001cb216000 	/System/Library/PrivateFrameworks/FontServices.framework/libhvf.dylib
0x0000000229b66000 	/System/Library/PrivateFrameworks/FontServices.framework/libXTFontStaticRegistryData.dylib
0x00000002208e0000 	/System/Library/Frameworks/OpenCL.framework/Versions/A/OpenCL
0x00000001cac0e000 	/System/Library/PrivateFrameworks/AppleVA.framework/Versions/A/AppleVA
0x00000001cccc9000 	/System/Library/Frameworks/ApplicationServices.framework/Versions/A/Frameworks/ATS.framework/Versions/A/ATS
0x00000001c51ee000 	/System/Library/Frameworks/ApplicationServices.framework/Versions/A/Frameworks/HIServices.framework/Versions/A/HIServices
0x00000001cbbe1000 	/System/Library/Frameworks/ApplicationServices.framework/Versions/A/Frameworks/PrintCore.framework/Versions/A/PrintCore
0x00000001cd054000 	/System/Library/Frameworks/ApplicationServices.framework/Versions/A/Frameworks/QD.framework/Versions/A/QD
0x00000001cd04c000 	/System/Library/Frameworks/ApplicationServices.framework/Versions/A/Frameworks/ColorSyncLegacy.framework/Versions/A/ColorSyncLegacy
0x00000001cccb5000 	/System/Library/Frameworks/ApplicationServices.framework/Versions/A/Frameworks/SpeechSynthesis.framework/Versions/A/SpeechSynthesis
0x00000001cbba2000 	/System/Library/Frameworks/ApplicationServices.framework/Versions/A/Frameworks/ATSUI.framework/Versions/A/ATSUI
0x00000001ccfe1000 	/usr/lib/libcups.2.dylib
0x00000001cd3c7000 	/System/Library/Frameworks/Kerberos.framework/Versions/A/Kerberos
0x00000001cd3d8000 	/System/Library/Frameworks/GSS.framework/Versions/A/GSS
0x00000001ccd38000 	/usr/lib/libresolv.9.dylib
0x00000001cb224000 	/System/Library/PrivateFrameworks/Heimdal.framework/Versions/A/Heimdal
0x00000001d3ce0000 	/System/Library/Frameworks/Kerberos.framework/Versions/A/Libraries/libHeimdalProxy.dylib
0x00000001c5e24000 	/System/Library/Frameworks/Network.framework/Versions/A/Network
0x00000001cac75000 	/usr/lib/libheimdal-asn1.dylib
0x00000001cd41e000 	/System/Library/PrivateFrameworks/CommonAuth.framework/Versions/A/CommonAuth
0x00000001ccc2f000 	/System/Library/PrivateFrameworks/AudioSession.framework/Versions/A/AudioSession
0x00000001cad06000 	/System/Library/PrivateFrameworks/MediaExperience.framework/Versions/A/MediaExperience
0x00000001ccab7000 	/System/Library/PrivateFrameworks/AudioSession.framework/libSessionUtility.dylib
0x00000001cd060000 	/System/Library/PrivateFrameworks/AudioResourceArbitration.framework/Versions/A/AudioResourceArbitration
0x00000001cac7e000 	/System/Library/PrivateFrameworks/IconFoundation.framework/Versions/A/IconFoundation
0x00000001cfee5000 	/System/Library/PrivateFrameworks/SpeechRecognitionCore.framework/Versions/A/SpeechRecognitionCore
0x0000000105c54000 	/Library/Java/JavaVirtualMachines/zulu-17.jdk/Contents/Home/lib/server/libjvm.dylib
0x0000000104a54000 	/Library/Java/JavaVirtualMachines/zulu-17.jdk/Contents/Home/lib/libjimage.dylib
0x0000000104a80000 	/Library/Java/JavaVirtualMachines/zulu-17.jdk/Contents/Home/lib/libinstrument.dylib
0x0000000104c94000 	/Library/Java/JavaVirtualMachines/zulu-17.jdk/Contents/Home/lib/libjava.dylib
0x0000000105b48000 	/Library/Java/JavaVirtualMachines/zulu-17.jdk/Contents/Home/lib/libnio.dylib
0x0000000105b68000 	/Library/Java/JavaVirtualMachines/zulu-17.jdk/Contents/Home/lib/libnet.dylib
0x0000000104c60000 	/Library/Java/JavaVirtualMachines/zulu-17.jdk/Contents/Home/lib/libzip.dylib
0x0000000104c78000 	/Users/lindazhong/.openjfx/cache/17.0.0.1/libprism_es2.dylib
0x00000001c1f8b000 	/System/Library/PrivateFrameworks/CoreServicesInternal.framework/Versions/A/CoreServicesInternal
0x0000000220748000 	/System/Library/Frameworks/OpenGL.framework/Versions/A/Resources/GLEngine.bundle/GLEngine
0x00000002205cf000 	/System/Library/Frameworks/OpenGL.framework/Versions/A/Libraries/libGLProgrammability.dylib
0x0000000125c48000 	/System/Library/Extensions/AppleMetalOpenGLRenderer.bundle/Contents/MacOS/AppleMetalOpenGLRenderer
0x00000002208b7000 	/System/Library/Frameworks/OpenGL.framework/Versions/A/Resources/GLRendererFloat.bundle/GLRendererFloat
0x0000000220958000 	/System/Library/Extensions/AGXMetal13_3.bundle/Contents/MacOS/AGXMetal13_3
0x00000001defd9000 	/System/Library/PrivateFrameworks/GPURawCounter.framework/Versions/A/GPURawCounter
0x00000001d9aae000 	/System/Library/PrivateFrameworks/IOGPU.framework/Versions/A/IOGPU
0x0000000125ce0000 	/Users/lindazhong/.openjfx/cache/17.0.0.1/libglass.dylib
0x00000001d1385000 	/System/Library/Frameworks/FileProvider.framework/Versions/A/FileProvider
0x00000001c5bf1000 	/System/Library/Frameworks/Accounts.framework/Versions/A/Accounts
0x00000001d1505000 	/System/Library/PrivateFrameworks/GenerationalStorage.framework/Versions/A/GenerationalStorage
0x00000001d20b5000 	/System/Library/PrivateFrameworks/CoreSymbolication.framework/Versions/A/CoreSymbolication
0x00000001d1125000 	/System/Library/PrivateFrameworks/SymptomDiagnosticReporter.framework/Versions/A/SymptomDiagnosticReporter
0x00000001c3270000 	/System/Library/PrivateFrameworks/DesktopServicesPriv.framework/Versions/A/DesktopServicesPriv
0x00000001c20ea000 	/usr/lib/libsandbox.1.dylib
0x00000001c6c08000 	/System/Library/PrivateFrameworks/UserManagement.framework/Versions/A/UserManagement
0x00000001d2076000 	/System/Library/PrivateFrameworks/DebugSymbols.framework/Versions/A/DebugSymbols
0x00000001cd03f000 	/System/Library/PrivateFrameworks/NetAuth.framework/Versions/A/NetAuth
0x00000001cdf3d000 	/System/Library/PrivateFrameworks/Sharing.framework/Versions/A/Sharing
0x00000001c6bd8000 	/System/Library/PrivateFrameworks/login.framework/Versions/A/Frameworks/loginsupport.framework/Versions/A/loginsupport
0x00000001d3226000 	/System/Library/PrivateFrameworks/Apple80211.framework/Versions/A/Apple80211
0x00000001c9d2f000 	/System/Library/PrivateFrameworks/AuthKit.framework/Versions/A/AuthKit
0x00000001c93c6000 	/System/Library/PrivateFrameworks/CoreUtils.framework/Versions/A/CoreUtils
0x00000001c92e6000 	/System/Library/Frameworks/CoreWLAN.framework/Versions/A/CoreWLAN
0x00000001ce0a6000 	/System/Library/Frameworks/IOBluetooth.framework/Versions/A/IOBluetooth
0x00000001d3286000 	/System/Library/PrivateFrameworks/CoreWiFi.framework/Versions/A/CoreWiFi
0x00000001d1c5d000 	/System/Library/PrivateFrameworks/FrontBoardServices.framework/Versions/A/FrontBoardServices
0x00000001d1cf5000 	/System/Library/PrivateFrameworks/BoardServices.framework/Versions/A/BoardServices
0x00000001c95e1000 	/System/Library/PrivateFrameworks/AssertionServices.framework/Versions/A/AssertionServices
0x00000001d33f4000 	/System/Library/PrivateFrameworks/BackBoardServices.framework/Versions/A/BackBoardServices
0x00000001cd4b1000 	/System/Library/PrivateFrameworks/CorePhoneNumbers.framework/Versions/A/CorePhoneNumbers
0x00000001d1255000 	/System/Library/PrivateFrameworks/DiskManagement.framework/Versions/A/DiskManagement
0x00000001d1158000 	/System/Library/PrivateFrameworks/AppleIDAuthSupport.framework/Versions/A/AppleIDAuthSupport
0x00000002244e9000 	/System/Library/PrivateFrameworks/AAAFoundation.framework/Versions/A/AAAFoundation
0x00000001cd490000 	/System/Library/PrivateFrameworks/KeychainCircle.framework/Versions/A/KeychainCircle
0x00000001d1221000 	/System/Library/PrivateFrameworks/MediaKit.framework/Versions/A/MediaKit
0x00000001d1165000 	/System/Library/Frameworks/DiscRecording.framework/Versions/A/DiscRecording
0x00000001cab8a000 	/usr/lib/libCoreStorage.dylib
0x00000001d36ee000 	/usr/lib/libcsfde.dylib
0x00000001ce17b000 	/System/Library/PrivateFrameworks/ProtectedCloudStorage.framework/Versions/A/ProtectedCloudStorage
0x00000001d36e6000 	/System/Library/PrivateFrameworks/EFILogin.framework/Versions/A/EFILogin
0x00000001d152c000 	/System/Library/PrivateFrameworks/OctagonTrust.framework/Versions/A/OctagonTrust
0x0000000228dd0000 	/System/Library/PrivateFrameworks/CoreUtilsExtras.framework/Versions/A/CoreUtilsExtras
0x00000001d1097000 	/System/Library/Frameworks/CoreBluetooth.framework/Versions/A/CoreBluetooth
0x00000001d3d65000 	/System/Library/Frameworks/AudioUnit.framework/Versions/A/AudioUnit
0x00000001cab82000 	/usr/lib/libMatch.1.dylib
0x00000001e3240000 	/System/Library/Frameworks/Accelerate.framework/Versions/A/Frameworks/vImage.framework/Versions/A/Libraries/libCGInterfaces.dylib
0x000000012778c000 	/usr/lib/libobjc-trampolines.dylib
0x00000001c68d6000 	/System/Library/PrivateFrameworks/ViewBridge.framework/Versions/A/ViewBridge
0x00000001caa49000 	/System/Library/PrivateFrameworks/CrashReporterSupport.framework/Versions/A/CrashReporterSupport
0x00000001eab4f000 	/System/Library/PrivateFrameworks/OSAnalytics.framework/Versions/A/OSAnalytics
0x00000001f5c9e000 	/System/Library/PrivateFrameworks/Symbolication.framework/Versions/A/Symbolication
0x00000001def9a000 	/System/Library/PrivateFrameworks/MallocStackLogging.framework/Versions/A/MallocStackLogging
0x0000000129f1c000 	/Users/lindazhong/.openjfx/cache/17.0.0.1/libjavafx_font.dylib
0x00000001cb2d2000 	/System/Library/PrivateFrameworks/login.framework/Versions/A/login
0x000000023bfe6000 	/usr/lib/libRosetta.dylib
0x00000001d757e000 	/System/Library/Frameworks/Carbon.framework/Versions/A/Frameworks/OpenScripting.framework/Versions/A/OpenScripting


VM Arguments:
jvm_args: -javaagent:/Applications/IntelliJ IDEA CE.app/Contents/lib/idea_rt.jar=57744:/Applications/IntelliJ IDEA CE.app/Contents/bin -Dfile.encoding=UTF-8 --module-path=/Users/lindazhong/.m2/repository/org/openjfx/javafx-base/17.0.0.1/javafx-base-17.0.0.1-mac-aarch64.jar:/Users/lindazhong/.m2/repository/org/openjfx/javafx-graphics/17.0.0.1/javafx-graphics-17.0.0.1-mac-aarch64.jar:/Users/lindazhong/.m2/repository/org/openjfx/javafx-controls/17.0.0.1/javafx-controls-17.0.0.1-mac-aarch64.jar:/Users/lindazhong/.m2/repository/org/openjfx/javafx-fxml/17.0.0.1/javafx-fxml-17.0.0.1-mac-aarch64.jar:/Users/lindazhong/Documents/JavaCodeAll/JavaFX/FXSceneBuilder/target/classes -Djdk.module.main=com.example.fxscenebuilder 
java_command: com.example.fxscenebuilder/com.example.fxscenebuilder.HelloApplication
java_class_path (initial): /Users/lindazhong/.m2/repository/org/openjfx/javafx-controls/17.0.0.1/javafx-controls-17.0.0.1.jar:/Users/lindazhong/.m2/repository/org/openjfx/javafx-graphics/17.0.0.1/javafx-graphics-17.0.0.1.jar:/Users/lindazhong/.m2/repository/org/openjfx/javafx-base/17.0.0.1/javafx-base-17.0.0.1.jar:/Users/lindazhong/.m2/repository/org/openjfx/javafx-fxml/17.0.0.1/javafx-fxml-17.0.0.1.jar
Launcher Type: SUN_STANDARD

[Global flags]
     intx CICompilerCount                          = 4                                         {product} {ergonomic}
     uint ConcGCThreads                            = 2                                         {product} {ergonomic}
     uint G1ConcRefinementThreads                  = 8                                         {product} {ergonomic}
   size_t G1HeapRegionSize                         = 1048576                                   {product} {ergonomic}
    uintx GCDrainStackTargetSize                   = 64                                        {product} {ergonomic}
   size_t InitialHeapSize                          = 134217728                                 {product} {ergonomic}
   size_t MarkStackSize                            = 4194304                                   {product} {ergonomic}
   size_t MaxHeapSize                              = 2147483648                                {product} {ergonomic}
   size_t MaxNewSize                               = 1287651328                                {product} {ergonomic}
   size_t MinHeapDeltaBytes                        = 1048576                                   {product} {ergonomic}
   size_t MinHeapSize                              = 8388608                                   {product} {ergonomic}
    uintx NonNMethodCodeHeapSize                   = 5839564                                {pd product} {ergonomic}
    uintx NonProfiledCodeHeapSize                  = 122909338                              {pd product} {ergonomic}
    uintx ProfiledCodeHeapSize                     = 122909338                              {pd product} {ergonomic}
    uintx ReservedCodeCacheSize                    = 251658240                              {pd product} {ergonomic}
     bool SegmentedCodeCache                       = true                                      {product} {ergonomic}
   size_t SoftMaxHeapSize                          = 2147483648                             {manageable} {ergonomic}
     bool UseCompressedClassPointers               = true                           {product lp64_product} {ergonomic}
     bool UseCompressedOops                        = true                           {product lp64_product} {ergonomic}
     bool UseG1GC                                  = true                                      {product} {ergonomic}
     bool UseNUMA                                  = false                                     {product} {ergonomic}
     bool UseNUMAInterleaving                      = false                                     {product} {ergonomic}

Logging:
Log output configuration:
 #0: stdout all=warning uptime,level,tags
 #1: stderr all=off uptime,level,tags

Environment Variables:
PATH=/opt/homebrew/bin:/Library/Frameworks/Python.framework/Versions/3.9/bin:/opt/homebrew/bin:/Library/Frameworks/Python.framework/Versions/3.9/bin:/usr/local/bin:/usr/bin:/bin:/usr/sbin:/sbin:/Library/Apple/usr/bin
SHELL=/bin/zsh
LC_CTYPE=en_US.UTF-8

Signal Handlers:
   SIGSEGV: _ZL13crash_handleriP9__siginfoPv in libjvm.dylib, mask=11100110000111110111111111111111, flags=SA_RESTART|SA_SIGINFO
    SIGBUS: _ZL13crash_handleriP9__siginfoPv in libjvm.dylib, mask=11100110000111110111111111111111, flags=SA_RESTART|SA_SIGINFO
    SIGFPE: _ZL13crash_handleriP9__siginfoPv in libjvm.dylib, mask=11100110000111110111111111111111, flags=SA_RESTART|SA_SIGINFO
   SIGPIPE: _ZL17javaSignalHandleriP9__siginfoPv in libjvm.dylib, mask=11100110000111110111111111111111, flags=SA_RESTART|SA_SIGINFO
   SIGXFSZ: _ZL17javaSignalHandleriP9__siginfoPv in libjvm.dylib, mask=11100110000111110111111111111111, flags=SA_RESTART|SA_SIGINFO
    SIGILL: _ZL13crash_handleriP9__siginfoPv in libjvm.dylib, mask=11100110000111110111111111111111, flags=SA_RESTART|SA_SIGINFO
   SIGUSR2: _ZL10SR_handleriP9__siginfoP17__darwin_ucontext in libjvm.dylib, mask=00100000000000000000000000000000, flags=SA_RESTART|SA_SIGINFO
    SIGHUP: _ZL11UserHandleriPvS_ in libjvm.dylib, mask=11100110000111110111111111111111, flags=SA_RESTART|SA_SIGINFO
    SIGINT: _ZL11UserHandleriPvS_ in libjvm.dylib, mask=11100110000111110111111111111111, flags=SA_RESTART|SA_SIGINFO
   SIGTERM: _ZL11UserHandleriPvS_ in libjvm.dylib, mask=11100110000111110111111111111111, flags=SA_RESTART|SA_SIGINFO
   SIGQUIT: _ZL11UserHandleriPvS_ in libjvm.dylib, mask=11100110000111110111111111111111, flags=SA_RESTART|SA_SIGINFO
   SIGTRAP: _ZL13crash_handleriP9__siginfoPv in libjvm.dylib, mask=11100110000111110111111111111111, flags=SA_RESTART|SA_SIGINFO


---------------  S Y S T E M  ---------------

OS:
uname: Darwin 21.1.0 Darwin Kernel Version 21.1.0: Wed Oct 13 17:33:24 PDT 2021; root:xnu-8019.41.5~1/RELEASE_ARM64_T8101 arm64
OS uptime: 4 days 6:51 hours
rlimit (soft/hard): STACK 8176k/65520k , CORE 0k/infinity , NPROC 1333/2000 , NOFILE 10240/infinity , AS infinity/infinity , CPU infinity/infinity , DATA infinity/infinity , FSIZE infinity/infinity , MEMLOCK infinity/infinity , RSS infinity/infinity
load average: 1.42 1.39 1.33

CPU: total 8 (initial active 8) 0x61:0x0:0x1b588bb3:0, fp, simd, crc, lse

Memory: 16k page, physical 8388608k(84000k free), swap 2097152k(1271808k free)

vm_info: OpenJDK 64-Bit Server VM (17.0.1+12-LTS) for bsd-aarch64 JRE (17.0.1+12-LTS) (Zulu17.30+15-CA), built on Oct 20 2021 08:37:04 by "zulu_re" with clang Apple LLVM 12.0.0 (clang-1200.0.32.28)

END.
