#
# A fatal error has been detected by the Java Runtime Environment:
#
#  SIGBUS (0xa) at pc=0x00000001388014f0, pid=14604, tid=35599
#
# JRE version: OpenJDK Runtime Environment Zulu17.30+15-CA (17.0.1+12) (build 17.0.1+12-LTS)
# Java VM: OpenJDK 64-Bit Server VM Zulu17.30+15-CA (17.0.1+12-LTS, mixed mode, sharing, tiered, compressed oops, compressed class ptrs, g1 gc, bsd-aarch64)
# Problematic frame:
# v  ~StubRoutines::SafeFetchN
#
# No core dump will be written. Core dumps have been disabled. To enable core dumping, try "ulimit -c unlimited" before starting Java again
#
# If you would like to submit a bug report, please visit:
#   http://www.azul.com/support/
# The crash happened outside the Java Virtual Machine in native code.
# See problematic frame for where to report the bug.
#

---------------  S U M M A R Y ------------

Command Line: -javaagent:/Applications/IntelliJ IDEA CE.app/Contents/lib/idea_rt.jar=57634:/Applications/IntelliJ IDEA CE.app/Contents/bin -Dfile.encoding=UTF-8 --module-path=/Users/lindazhong/.m2/repository/org/openjfx/javafx-base/17.0.0.1/javafx-base-17.0.0.1-mac-aarch64.jar:/Users/lindazhong/.m2/repository/org/openjfx/javafx-fxml/17.0.0.1/javafx-fxml-17.0.0.1-mac-aarch64.jar:/Users/lindazhong/.m2/repository/org/openjfx/javafx-controls/17.0.0.1/javafx-controls-17.0.0.1-mac-aarch64.jar:/Users/lindazhong/.m2/repository/org/openjfx/javafx-graphics/17.0.0.1/javafx-graphics-17.0.0.1-mac-aarch64.jar:/Users/lindazhong/Documents/JavaCodeAll/JavaFX/FXSceneBuilder/target/classes -Djdk.module.main=com.example.fxscenebuilder com.example.fxscenebuilder/com.example.fxscenebuilder.HelloApplication

Host: "MacBookAir10,1" arm64 1 MHz, 8 cores, 8G, Darwin 21.1.0, macOS 12.0.1 (21A559)
Time: Sat Feb 19 21:33:52 2022 CST elapsed time: 10.543739 seconds (0d 0h 0m 10s)

---------------  T H R E A D  ---------------

Current thread (0x00000001160a2600):  JavaThread "InvokeLaterDispatcher" daemon [_thread_in_native, id=35599, stack(0x0000000178834000,0x0000000178a37000)]

Stack: [0x0000000178834000,0x0000000178a37000],  sp=0x0000000178a36780,  free space=2057k
Native frames: (J=compiled Java code, j=interpreted, Vv=VM code, C=native code)
v  ~StubRoutines::SafeFetchN
V  [libjvm.dylib+0x7b587c]  _ZN10OopStorage7releaseEPKP7oopDesc+0x20
V  [libjvm.dylib+0x4c6190]  jni_DeleteGlobalRef+0xd8
C  [libglass.dylib+0xab08]  -[GlassRunnable dealloc]+0x34
C  [Foundation+0x85e0c]  -[_NSThreadPerformInfo dealloc]+0x30
C  [Foundation+0x525e8]  -[NSObject(NSThreadPerformAdditions) performSelectorOnMainThread:withObject:waitUntilDone:]+0x88
C  0x37350001388098ac
j  com.sun.glass.ui.mac.MacApplication.submitForLaterInvocation(Ljava/lang/Runnable;)V+2 javafx.graphics
j  com.sun.glass.ui.InvokeLaterDispatcher.run()V+82 javafx.graphics
v  ~StubRoutines::call_stub
V  [libjvm.dylib+0x46af10]  _ZN9JavaCalls11call_helperEP9JavaValueRK12methodHandleP17JavaCallArgumentsP10JavaThread+0x38c
V  [libjvm.dylib+0x469f2c]  _ZN9JavaCalls12call_virtualEP9JavaValueP5KlassP6SymbolS5_P17JavaCallArgumentsP10JavaThread+0x11c
V  [libjvm.dylib+0x469ff8]  _ZN9JavaCalls12call_virtualEP9JavaValue6HandleP5KlassP6SymbolS6_P10JavaThread+0x64
V  [libjvm.dylib+0x522950]  _ZL12thread_entryP10JavaThreadS0_+0xc4
V  [libjvm.dylib+0x993ec0]  _ZN10JavaThread17thread_main_innerEv+0x13c
V  [libjvm.dylib+0x99259c]  _ZN6Thread8call_runEv+0x128
V  [libjvm.dylib+0x7bc6b0]  _ZL19thread_native_entryP6Thread+0x158
C  [libsystem_pthread.dylib+0x74ec]  _pthread_start+0x94

Java frames: (J=compiled Java code, j=interpreted, Vv=VM code)
j  com.sun.glass.ui.mac.MacApplication._submitForLaterInvocation(Ljava/lang/Runnable;)V+0 javafx.graphics
j  com.sun.glass.ui.mac.MacApplication.submitForLaterInvocation(Ljava/lang/Runnable;)V+2 javafx.graphics
j  com.sun.glass.ui.InvokeLaterDispatcher.run()V+82 javafx.graphics
v  ~StubRoutines::call_stub

siginfo: si_signo: 10 (SIGBUS), si_code: 1 (BUS_ADRALN), si_addr: 0x00000001388014f0

Register to memory mapping:

 x0=0x0000000125f06408 points into unknown readable memory: 0x0000000000000000 | 00 00 00 00 00 00 00 00
 x1=0x0 is NULL
 x2=0x00000007870033f8 is an oop: com.sun.glass.ui.InvokeLaterDispatcher$Future 
{0x00000007870033f8} - klass: 'com/sun/glass/ui/InvokeLaterDispatcher$Future'
 - ---- fields (total size 3 words):
 - private 'done' 'Z' @12  true
 - private final 'runnable' 'Ljava/lang/Runnable;' @16  a 'com/sun/javafx/application/PlatformImpl$$Lambda$92+0x0000000800c821c8'{0x00000007865d5a28} (f0cbab45)
 - final synthetic 'this$0' 'Lcom/sun/glass/ui/InvokeLaterDispatcher;' @20  a 'com/sun/glass/ui/InvokeLaterDispatcher'{0x00000007868156c0} (f0d02ad8)
 x3=0x0 is NULL
 x4=0x00000000000130a8 is an unknown value
 x5=0x0 is NULL
 x6=0x0 is NULL
 x7=0x0 is NULL
 x8=0x00000001388014ec is at begin+0 in a stub
StubRoutines::SafeFetchN [0x00000001388014ec, 0x00000001388014f8] (12 bytes)
 x9=0x0 is NULL
x10=0x2010000030300000 is an unknown value
x11=0x0000000000000007 is an unknown value
x12=0x0 is NULL
x13=0x00006000008db970 points into unknown readable memory: 0x0000000100000000 | 00 00 00 00 01 00 00 00
x14=0x0000000000000001 is an unknown value
x15=0x0000000112a25f98: OBJC_CLASS_$_GlassRunnable+0 in /Users/lindazhong/.openjfx/cache/17.0.0.1/libglass.dylib at 0x00000001129e0000
x16=0x00000001bf558340: pthread_getspecific+0 in /usr/lib/system/libsystem_pthread.dylib at 0x00000001bf556000
x17=0x00006000002e3660 points into unknown readable memory: 0xfffffffffffffffe | fe ff ff ff ff ff ff ff
x18=0x0 is NULL
x19=0x0000600000df8380 points into unknown readable memory: 0x00006000024e4420 | 20 44 4e 02 00 60 00 00
x20=0x0000000125f06200 points into unknown readable memory: 0x0000000000000000 | 00 00 00 00 00 00 00 00
x21=0x0000000125f06408 points into unknown readable memory: 0x0000000000000000 | 00 00 00 00 00 00 00 00
x22=0x00000001160a2600 is a thread
x23=0x0000000000000001 is an unknown value
x24=0x0000000125f063c0 is a global jni handle
x25=0x0000000104123a08: _ZN12StubRoutines17_safefetchN_entryE+0 in /Library/Java/JavaVirtualMachines/zulu-17.jdk/Contents/Home/lib/server/libjvm.dylib at 0x00000001034d0000
x26=0x0000000113d18368 is pointing into metadata
x27=0x0 is NULL
x28=0x00000001160a2600 is a thread


Registers:
 x0=0x0000000125f06408  x1=0x0000000000000000  x2=0x00000007870033f8  x3=0x0000000000000000
 x4=0x00000000000130a8  x5=0x0000000000000000  x6=0x0000000000000000  x7=0x0000000000000000
 x8=0x00000001388014ec  x9=0x0000000000000000 x10=0x2010000030300000 x11=0x0000000000000007
x12=0x0000000000000000 x13=0x00006000008db970 x14=0x0000000000000001 x15=0x0000000112a25f98
x16=0x00000001bf558340 x17=0x00006000002e3660 x18=0x0000000000000000 x19=0x0000600000df8380
x20=0x0000000125f06200 x21=0x0000000125f06408 x22=0x00000001160a2600 x23=0x0000000000000001
x24=0x0000000125f063c0 x25=0x0000000104123a08 x26=0x0000000113d18368 x27=0x0000000000000000
x28=0x00000001160a2600  fp=0x0000000178a367c0  lr=0x0000000103c8464c  sp=0x0000000178a36780
pc=0x00000001388014f0 cpsr=0x0000000060001000
Top of Stack: (sp=0x0000000178a36780)
0x0000000178a36780:   0000000113d18368 0000000000000001
0x0000000178a36790:   0000000178a36988 0000000000000000
0x0000000178a367a0:   00000001160966a8 0000000125f063d0
0x0000000178a367b0:   0000000125f063d0 0000600000df8380
0x0000000178a367c0:   0000000178a36800 0000000103c8587c
0x0000000178a367d0:   0000000000000001 0000000125f063d0
0x0000000178a367e0:   00000001160966a8 0000000125f063d0
0x0000000178a367f0:   0000000000000001 0000000116096400
0x0000000178a36800:   0000000178a36840 0000000103996190
0x0000000178a36810:   0000000178a36988 00006000024fdbd0
0x0000000178a36820:   00006000024fdbf0 00000002097859f4
0x0000000178a36830:   0000000000000000 00006000024fdbf0
0x0000000178a36840:   0000000178a36870 00000001129eab08
0x0000000178a36850:   553c5386022600bd 0000000000000000
0x0000000178a36860:   0000000000000000 000060000334df40
0x0000000178a36870:   0000000178a368b0 00000001c0520e0c
0x0000000178a36880:   0000000178a36988 00006000024fdbd0
0x0000000178a36890:   00006000024fdbf0 553c5386022600bd
0x0000000178a368a0:   0000000000000000 0000000000000000
0x0000000178a368b0:   0000000178a368f0 a86e8001c04ed5e8
0x0000000178a368c0:   0000000178a36988 00000001388087c0
0x0000000178a368d0:   0000000000000000 000000010412b3c0
0x0000000178a368e0:   0000000178a36900 0000000138807730
0x0000000178a368f0:   0000000178a36960 37350001388098ac
0x0000000178a36900:   0000000000000000 00000007867ed690
0x0000000178a36910:   0000000178a36910 0000000000000000
0x0000000178a36920:   0000000178a36988 0000000113d18368
0x0000000178a36930:   0000000786804348 0000000000000000
0x0000000178a36940:   0000000000000000 0000000113cf7138
0x0000000178a36950:   0000000000000000 0000000178a36960
0x0000000178a36960:   0000000178a369e0 0000000138805fc8
0x0000000178a36970:   0000000000000000 0000000000000000 

Instructions: (pc=0x00000001388014f0)
0x00000001388013f0:   f2a081e9 f2c00029 6d425935 1e640886
0x0000000138801400:   0c402d31 1e6408c7 1f5654d0 1e6c1017
0x0000000138801410:   1f5050d0 1f504cd0 1f5048d0 1e650af6
0x0000000138801420:   1f50d8f6 1f5694d6 1f5158f6 1e762880
0x0000000138801430:   36000501 1e614000 14000026 2e251ca5
0x0000000138801440:   d2803009 f2a081e9 f2c00029 6d425d36
0x0000000138801450:   1e600806 0c402d32 1f5758c7 1e6c101a
0x0000000138801460:   1f4754c7 1e650805 1f4750c7 d2866668
0x0000000138801470:   f2a7fa68 1f474cc7 1e6608c0 1f4748c7
0x0000000138801480:   1e6e1019 eb08007f 540000ac 1f479400
0x0000000138801490:   1f460340 1e603b20 1400000e d2a7fd29
0x00000001388014a0:   eb09007f 540000ac 51480069 d3607d29
0x00000001388014b0:   9e670121 14000002 1e6a5001 1f679417
0x00000001388014c0:   1f668742 1e613b23 1e773857 1e773860
0x00000001388014d0:   a8c17ff3 910003bf a8c17bfd d65f03c0
0x00000001388014e0:   b9400001 aa0103e0 d65f03c0 f9400001
0x00000001388014f0:   aa0103e0 d65f03c0 00000000 00000000
0x0000000138801500:   00000000 00000000 00000000 00000000
0x0000000138801510:   00000000 00000000 00000000 00000000
0x0000000138801520:   00000000 00000000 00000000 00000000
0x0000000138801530:   00000000 00000000 00000000 00000000
0x0000000138801540:   00000000 00000000 00000000 00000000
0x0000000138801550:   00000000 00000000 00000000 00000000
0x0000000138801560:   00000000 00000000 00000000 00000000
0x0000000138801570:   00000000 00000000 00000000 00000000
0x0000000138801580:   00000000 00000000 00000000 00000000
0x0000000138801590:   00000000 00000000 00000000 00000000
0x00000001388015a0:   00000000 00000000 00000000 00000000
0x00000001388015b0:   00000000 00000000 00000000 00000000
0x00000001388015c0:   00000000 00000000 00000000 00000000
0x00000001388015d0:   00000000 00000000 00000000 00000000
0x00000001388015e0:   00000000 00000000 00000000 00000000 


Stack slot to memory mapping:
stack at sp + 0 slots: 0x0000000113d18368 is pointing into metadata
stack at sp + 1 slots: 0x0000000000000001 is an unknown value
stack at sp + 2 slots: 0x0000000178a36988 is pointing into the stack for thread: 0x00000001160a2600
stack at sp + 3 slots: 0x0 is NULL
stack at sp + 4 slots: 0x00000001160966a8 points into unknown readable memory: 0x00000001040de878 | 78 e8 0d 04 01 00 00 00
stack at sp + 5 slots: 0x0000000125f063d0 is a global jni handle
stack at sp + 6 slots: 0x0000000125f063d0 is a global jni handle
stack at sp + 7 slots: 0x0000600000df8380 points into unknown readable memory: 0x00006000024e4420 | 20 44 4e 02 00 60 00 00

StubRoutines::SafeFetchN [0x00000001388014ec, 0x00000001388014f8] (12 bytes)
[MachCode]
  0x00000001388014ec: 0100 40f9 | e003 01aa | c003 5fd6 
[/MachCode]

---------------  P R O C E S S  ---------------

Threads class SMR info:
_java_thread_list=0x00006000026f6720, length=20, elements={
0x0000000116008a00, 0x000000013801d600, 0x0000000116018000, 0x0000000137848200,
0x0000000116018600, 0x000000011601c400, 0x000000011601ca00, 0x000000011601d000,
0x000000011003c800, 0x000000013801e600, 0x000000013600e200, 0x0000000138068800,
0x0000000138067a00, 0x00000001160a2600, 0x0000000116096400, 0x0000000138094c00,
0x000000013834c400, 0x0000000137d22c00, 0x0000000138094600, 0x000000011680ca00
}

Java Threads: ( => current thread )
  0x0000000116008a00 JavaThread "main" [_thread_blocked, id=6403, stack(0x000000016dc5c000,0x000000016de5f000)]
  0x000000013801d600 JavaThread "Reference Handler" daemon [_thread_blocked, id=16899, stack(0x000000016eab0000,0x000000016ecb3000)]
  0x0000000116018000 JavaThread "Finalizer" daemon [_thread_blocked, id=16643, stack(0x000000016ecbc000,0x000000016eebf000)]
  0x0000000137848200 JavaThread "Signal Dispatcher" daemon [_thread_blocked, id=42499, stack(0x000000016efe0000,0x000000016f1e3000)]
  0x0000000116018600 JavaThread "Service Thread" daemon [_thread_blocked, id=41987, stack(0x000000016f1ec000,0x000000016f3ef000)]
  0x000000011601c400 JavaThread "Monitor Deflation Thread" daemon [_thread_blocked, id=41731, stack(0x000000016f3f8000,0x000000016f5fb000)]
  0x000000011601ca00 JavaThread "C2 CompilerThread0" daemon [_thread_blocked, id=23555, stack(0x000000016f604000,0x000000016f807000)]
  0x000000011601d000 JavaThread "C1 CompilerThread0" daemon [_thread_blocked, id=24067, stack(0x000000016f810000,0x000000016fa13000)]
  0x000000011003c800 JavaThread "Sweeper thread" daemon [_thread_blocked, id=24579, stack(0x000000016fa1c000,0x000000016fc1f000)]
  0x000000013801e600 JavaThread "Common-Cleaner" daemon [_thread_blocked, id=41475, stack(0x000000016fc28000,0x000000016fe2b000)]
  0x000000013600e200 JavaThread "Monitor Ctrl-Break" daemon [_thread_in_native, id=41219, stack(0x0000000178004000,0x0000000178207000)]
  0x0000000138068800 JavaThread "Notification Thread" daemon [_thread_blocked, id=25347, stack(0x0000000178210000,0x0000000178413000)]
  0x0000000138067a00 JavaThread "QuantumRenderer-0" daemon [_thread_blocked, id=40195, stack(0x0000000178628000,0x000000017882b000)]
=>0x00000001160a2600 JavaThread "InvokeLaterDispatcher" daemon [_thread_in_native, id=35599, stack(0x0000000178834000,0x0000000178a37000)]
  0x0000000116096400 JavaThread "JavaFX Application Thread" [_thread_in_vm, id=259, stack(0x000000016d3d4000,0x000000016dbd0000)]
  0x0000000138094c00 JavaThread "JavaFX-Launcher" [_thread_blocked, id=76295, stack(0x0000000178acc000,0x0000000178ccf000)]
  0x000000013834c400 JavaThread "Prism Font Disposer" daemon [_thread_blocked, id=71943, stack(0x0000000179714000,0x0000000179917000)]
  0x0000000137d22c00 JavaThread "Cleaner-0" daemon [_thread_blocked, id=63251, stack(0x00000001799ac000,0x0000000179baf000)]
  0x0000000138094600 JavaThread "Attach Listener" daemon [_thread_blocked, id=78855, stack(0x0000000179bb8000,0x0000000179dbb000)]
  0x000000011680ca00 JavaThread "PulseTimer-CVDisplayLink thread" daemon [_thread_in_native, id=64679, stack(0x000000016fec0000,0x000000016ff43000)]

Other Threads:
  0x0000000136907240 VMThread "VM Thread" [stack: 0x000000016e8a4000,0x000000016eaa7000] [id=15107]
  0x0000000115e08ed0 WatcherThread [stack: 0x000000017841c000,0x000000017861f000] [id=40451]
  0x0000000125e04ec0 GCTaskThread "GC Thread#0" [stack: 0x000000016de68000,0x000000016e06b000] [id=19971]
  0x0000000125e20860 GCTaskThread "GC Thread#1" [stack: 0x0000000178cd8000,0x0000000178edb000] [id=56579]
  0x0000000125e20b10 GCTaskThread "GC Thread#2" [stack: 0x0000000178ee4000,0x00000001790e7000] [id=75267]
  0x0000000136921a80 GCTaskThread "GC Thread#3" [stack: 0x00000001790f0000,0x00000001792f3000] [id=74755]
  0x0000000136921d30 GCTaskThread "GC Thread#4" [stack: 0x00000001792fc000,0x00000001794ff000] [id=74243]
  0x00000001369221b0 GCTaskThread "GC Thread#5" [stack: 0x0000000179508000,0x000000017970b000] [id=57091]
  0x0000000115e04410 ConcurrentGCThread "G1 Main Marker" [stack: 0x000000016e074000,0x000000016e277000] [id=12547]
  0x0000000115e04c90 ConcurrentGCThread "G1 Conc#0" [stack: 0x000000016e280000,0x000000016e483000] [id=13059]
  0x0000000125e05340 ConcurrentGCThread "G1 Refine#0" [stack: 0x000000016e48c000,0x000000016e68f000] [id=13571]
  0x0000000125e05be0 ConcurrentGCThread "G1 Service" [stack: 0x000000016e698000,0x000000016e89b000] [id=18691]

Threads with active compile tasks:

VM state: not at safepoint (normal execution)

VM Mutex/Monitor currently owned by a thread: None

Heap address: 0x0000000780000000, size: 2048 MB, Compressed Oops mode: Zero based, Oop shift amount: 3

CDS archive(s) mapped at: [0x0000000800000000-0x0000000800bd4000-0x0000000800bd4000), size 12402688, SharedBaseAddress: 0x0000000800000000, ArchiveRelocationMode: 0.
Compressed class space mapped at: 0x0000000800c00000-0x0000000840c00000, reserved size: 1073741824
Narrow klass base: 0x0000000800000000, Narrow klass shift: 0, Narrow klass range: 0x100000000

GC Precious Log:
 CPUs: 8 total, 8 available
 Memory: 8192M
 Large Page Support: Disabled
 NUMA Support: Disabled
 Compressed Oops: Enabled (Zero based)
 Heap Region Size: 1M
 Heap Min Capacity: 8M
 Heap Initial Capacity: 128M
 Heap Max Capacity: 2G
 Pre-touch: Disabled
 Parallel Workers: 8
 Concurrent Workers: 2
 Concurrent Refinement Workers: 8
 Periodic GC: Disabled

Heap:
 garbage-first heap   total 133120K, used 28640K [0x0000000780000000, 0x0000000800000000)
  region size 1024K, 27 young (27648K), 3 survivors (3072K)
 Metaspace       used 13369K, committed 13632K, reserved 1064960K
  class space    used 1777K, committed 1920K, reserved 1048576K

Heap Regions: E=young(eden), S=young(survivor), O=old, HS=humongous(starts), HC=humongous(continues), CS=collection set, F=free, OA=open archive, CA=closed archive, TAMS=top-at-mark-start (previous, next)
|   0|0x0000000780000000, 0x0000000780100000, 0x0000000780100000|100%|HS|  |TAMS 0x0000000780000000, 0x0000000780000000| Complete 
|   1|0x0000000780100000, 0x0000000780200000, 0x0000000780200000|100%|HC|  |TAMS 0x0000000780100000, 0x0000000780100000| Complete 
|   2|0x0000000780200000, 0x0000000780200000, 0x0000000780300000|  0%| F|  |TAMS 0x0000000780200000, 0x0000000780200000| Untracked 
|   3|0x0000000780300000, 0x0000000780300000, 0x0000000780400000|  0%| F|  |TAMS 0x0000000780300000, 0x0000000780300000| Untracked 
|   4|0x0000000780400000, 0x0000000780400000, 0x0000000780500000|  0%| F|  |TAMS 0x0000000780400000, 0x0000000780400000| Untracked 
|   5|0x0000000780500000, 0x0000000780500000, 0x0000000780600000|  0%| F|  |TAMS 0x0000000780500000, 0x0000000780500000| Untracked 
|   6|0x0000000780600000, 0x0000000780600000, 0x0000000780700000|  0%| F|  |TAMS 0x0000000780600000, 0x0000000780600000| Untracked 
|   7|0x0000000780700000, 0x0000000780700000, 0x0000000780800000|  0%| F|  |TAMS 0x0000000780700000, 0x0000000780700000| Untracked 
|   8|0x0000000780800000, 0x0000000780800000, 0x0000000780900000|  0%| F|  |TAMS 0x0000000780800000, 0x0000000780800000| Untracked 
|   9|0x0000000780900000, 0x0000000780900000, 0x0000000780a00000|  0%| F|  |TAMS 0x0000000780900000, 0x0000000780900000| Untracked 
|  10|0x0000000780a00000, 0x0000000780a00000, 0x0000000780b00000|  0%| F|  |TAMS 0x0000000780a00000, 0x0000000780a00000| Untracked 
|  11|0x0000000780b00000, 0x0000000780b00000, 0x0000000780c00000|  0%| F|  |TAMS 0x0000000780b00000, 0x0000000780b00000| Untracked 
|  12|0x0000000780c00000, 0x0000000780c00000, 0x0000000780d00000|  0%| F|  |TAMS 0x0000000780c00000, 0x0000000780c00000| Untracked 
|  13|0x0000000780d00000, 0x0000000780d00000, 0x0000000780e00000|  0%| F|  |TAMS 0x0000000780d00000, 0x0000000780d00000| Untracked 
|  14|0x0000000780e00000, 0x0000000780e00000, 0x0000000780f00000|  0%| F|  |TAMS 0x0000000780e00000, 0x0000000780e00000| Untracked 
|  15|0x0000000780f00000, 0x0000000780f00000, 0x0000000781000000|  0%| F|  |TAMS 0x0000000780f00000, 0x0000000780f00000| Untracked 
|  16|0x0000000781000000, 0x0000000781000000, 0x0000000781100000|  0%| F|  |TAMS 0x0000000781000000, 0x0000000781000000| Untracked 
|  17|0x0000000781100000, 0x0000000781100000, 0x0000000781200000|  0%| F|  |TAMS 0x0000000781100000, 0x0000000781100000| Untracked 
|  18|0x0000000781200000, 0x0000000781200000, 0x0000000781300000|  0%| F|  |TAMS 0x0000000781200000, 0x0000000781200000| Untracked 
|  19|0x0000000781300000, 0x0000000781300000, 0x0000000781400000|  0%| F|  |TAMS 0x0000000781300000, 0x0000000781300000| Untracked 
|  20|0x0000000781400000, 0x0000000781400000, 0x0000000781500000|  0%| F|  |TAMS 0x0000000781400000, 0x0000000781400000| Untracked 
|  21|0x0000000781500000, 0x0000000781500000, 0x0000000781600000|  0%| F|  |TAMS 0x0000000781500000, 0x0000000781500000| Untracked 
|  22|0x0000000781600000, 0x0000000781600000, 0x0000000781700000|  0%| F|  |TAMS 0x0000000781600000, 0x0000000781600000| Untracked 
|  23|0x0000000781700000, 0x0000000781700000, 0x0000000781800000|  0%| F|  |TAMS 0x0000000781700000, 0x0000000781700000| Untracked 
|  24|0x0000000781800000, 0x0000000781800000, 0x0000000781900000|  0%| F|  |TAMS 0x0000000781800000, 0x0000000781800000| Untracked 
|  25|0x0000000781900000, 0x0000000781900000, 0x0000000781a00000|  0%| F|  |TAMS 0x0000000781900000, 0x0000000781900000| Untracked 
|  26|0x0000000781a00000, 0x0000000781a00000, 0x0000000781b00000|  0%| F|  |TAMS 0x0000000781a00000, 0x0000000781a00000| Untracked 
|  27|0x0000000781b00000, 0x0000000781b00000, 0x0000000781c00000|  0%| F|  |TAMS 0x0000000781b00000, 0x0000000781b00000| Untracked 
|  28|0x0000000781c00000, 0x0000000781c00000, 0x0000000781d00000|  0%| F|  |TAMS 0x0000000781c00000, 0x0000000781c00000| Untracked 
|  29|0x0000000781d00000, 0x0000000781d00000, 0x0000000781e00000|  0%| F|  |TAMS 0x0000000781d00000, 0x0000000781d00000| Untracked 
|  30|0x0000000781e00000, 0x0000000781e00000, 0x0000000781f00000|  0%| F|  |TAMS 0x0000000781e00000, 0x0000000781e00000| Untracked 
|  31|0x0000000781f00000, 0x0000000781f00000, 0x0000000782000000|  0%| F|  |TAMS 0x0000000781f00000, 0x0000000781f00000| Untracked 
|  32|0x0000000782000000, 0x0000000782000000, 0x0000000782100000|  0%| F|  |TAMS 0x0000000782000000, 0x0000000782000000| Untracked 
|  33|0x0000000782100000, 0x0000000782100000, 0x0000000782200000|  0%| F|  |TAMS 0x0000000782100000, 0x0000000782100000| Untracked 
|  34|0x0000000782200000, 0x0000000782200000, 0x0000000782300000|  0%| F|  |TAMS 0x0000000782200000, 0x0000000782200000| Untracked 
|  35|0x0000000782300000, 0x0000000782300000, 0x0000000782400000|  0%| F|  |TAMS 0x0000000782300000, 0x0000000782300000| Untracked 
|  36|0x0000000782400000, 0x0000000782400000, 0x0000000782500000|  0%| F|  |TAMS 0x0000000782400000, 0x0000000782400000| Untracked 
|  37|0x0000000782500000, 0x0000000782500000, 0x0000000782600000|  0%| F|  |TAMS 0x0000000782500000, 0x0000000782500000| Untracked 
|  38|0x0000000782600000, 0x0000000782600000, 0x0000000782700000|  0%| F|  |TAMS 0x0000000782600000, 0x0000000782600000| Untracked 
|  39|0x0000000782700000, 0x0000000782700000, 0x0000000782800000|  0%| F|  |TAMS 0x0000000782700000, 0x0000000782700000| Untracked 
|  40|0x0000000782800000, 0x0000000782800000, 0x0000000782900000|  0%| F|  |TAMS 0x0000000782800000, 0x0000000782800000| Untracked 
|  41|0x0000000782900000, 0x0000000782900000, 0x0000000782a00000|  0%| F|  |TAMS 0x0000000782900000, 0x0000000782900000| Untracked 
|  42|0x0000000782a00000, 0x0000000782a00000, 0x0000000782b00000|  0%| F|  |TAMS 0x0000000782a00000, 0x0000000782a00000| Untracked 
|  43|0x0000000782b00000, 0x0000000782b00000, 0x0000000782c00000|  0%| F|  |TAMS 0x0000000782b00000, 0x0000000782b00000| Untracked 
|  44|0x0000000782c00000, 0x0000000782c00000, 0x0000000782d00000|  0%| F|  |TAMS 0x0000000782c00000, 0x0000000782c00000| Untracked 
|  45|0x0000000782d00000, 0x0000000782d00000, 0x0000000782e00000|  0%| F|  |TAMS 0x0000000782d00000, 0x0000000782d00000| Untracked 
|  46|0x0000000782e00000, 0x0000000782e00000, 0x0000000782f00000|  0%| F|  |TAMS 0x0000000782e00000, 0x0000000782e00000| Untracked 
|  47|0x0000000782f00000, 0x0000000782f00000, 0x0000000783000000|  0%| F|  |TAMS 0x0000000782f00000, 0x0000000782f00000| Untracked 
|  48|0x0000000783000000, 0x0000000783000000, 0x0000000783100000|  0%| F|  |TAMS 0x0000000783000000, 0x0000000783000000| Untracked 
|  49|0x0000000783100000, 0x0000000783100000, 0x0000000783200000|  0%| F|  |TAMS 0x0000000783100000, 0x0000000783100000| Untracked 
|  50|0x0000000783200000, 0x0000000783200000, 0x0000000783300000|  0%| F|  |TAMS 0x0000000783200000, 0x0000000783200000| Untracked 
|  51|0x0000000783300000, 0x0000000783300000, 0x0000000783400000|  0%| F|  |TAMS 0x0000000783300000, 0x0000000783300000| Untracked 
|  52|0x0000000783400000, 0x0000000783400000, 0x0000000783500000|  0%| F|  |TAMS 0x0000000783400000, 0x0000000783400000| Untracked 
|  53|0x0000000783500000, 0x0000000783500000, 0x0000000783600000|  0%| F|  |TAMS 0x0000000783500000, 0x0000000783500000| Untracked 
|  54|0x0000000783600000, 0x0000000783600000, 0x0000000783700000|  0%| F|  |TAMS 0x0000000783600000, 0x0000000783600000| Untracked 
|  55|0x0000000783700000, 0x0000000783700000, 0x0000000783800000|  0%| F|  |TAMS 0x0000000783700000, 0x0000000783700000| Untracked 
|  56|0x0000000783800000, 0x0000000783800000, 0x0000000783900000|  0%| F|  |TAMS 0x0000000783800000, 0x0000000783800000| Untracked 
|  57|0x0000000783900000, 0x0000000783900000, 0x0000000783a00000|  0%| F|  |TAMS 0x0000000783900000, 0x0000000783900000| Untracked 
|  58|0x0000000783a00000, 0x0000000783a00000, 0x0000000783b00000|  0%| F|  |TAMS 0x0000000783a00000, 0x0000000783a00000| Untracked 
|  59|0x0000000783b00000, 0x0000000783b00000, 0x0000000783c00000|  0%| F|  |TAMS 0x0000000783b00000, 0x0000000783b00000| Untracked 
|  60|0x0000000783c00000, 0x0000000783c00000, 0x0000000783d00000|  0%| F|  |TAMS 0x0000000783c00000, 0x0000000783c00000| Untracked 
|  61|0x0000000783d00000, 0x0000000783d00000, 0x0000000783e00000|  0%| F|  |TAMS 0x0000000783d00000, 0x0000000783d00000| Untracked 
|  62|0x0000000783e00000, 0x0000000783e00000, 0x0000000783f00000|  0%| F|  |TAMS 0x0000000783e00000, 0x0000000783e00000| Untracked 
|  63|0x0000000783f00000, 0x0000000783f00000, 0x0000000784000000|  0%| F|  |TAMS 0x0000000783f00000, 0x0000000783f00000| Untracked 
|  64|0x0000000784000000, 0x0000000784000000, 0x0000000784100000|  0%| F|  |TAMS 0x0000000784000000, 0x0000000784000000| Untracked 
|  65|0x0000000784100000, 0x0000000784100000, 0x0000000784200000|  0%| F|  |TAMS 0x0000000784100000, 0x0000000784100000| Untracked 
|  66|0x0000000784200000, 0x0000000784200000, 0x0000000784300000|  0%| F|  |TAMS 0x0000000784200000, 0x0000000784200000| Untracked 
|  67|0x0000000784300000, 0x0000000784300000, 0x0000000784400000|  0%| F|  |TAMS 0x0000000784300000, 0x0000000784300000| Untracked 
|  68|0x0000000784400000, 0x0000000784400000, 0x0000000784500000|  0%| F|  |TAMS 0x0000000784400000, 0x0000000784400000| Untracked 
|  69|0x0000000784500000, 0x0000000784500000, 0x0000000784600000|  0%| F|  |TAMS 0x0000000784500000, 0x0000000784500000| Untracked 
|  70|0x0000000784600000, 0x0000000784600000, 0x0000000784700000|  0%| F|  |TAMS 0x0000000784600000, 0x0000000784600000| Untracked 
|  71|0x0000000784700000, 0x0000000784700000, 0x0000000784800000|  0%| F|  |TAMS 0x0000000784700000, 0x0000000784700000| Untracked 
|  72|0x0000000784800000, 0x0000000784800000, 0x0000000784900000|  0%| F|  |TAMS 0x0000000784800000, 0x0000000784800000| Untracked 
|  73|0x0000000784900000, 0x0000000784900000, 0x0000000784a00000|  0%| F|  |TAMS 0x0000000784900000, 0x0000000784900000| Untracked 
|  74|0x0000000784a00000, 0x0000000784a00000, 0x0000000784b00000|  0%| F|  |TAMS 0x0000000784a00000, 0x0000000784a00000| Untracked 
|  75|0x0000000784b00000, 0x0000000784b00000, 0x0000000784c00000|  0%| F|  |TAMS 0x0000000784b00000, 0x0000000784b00000| Untracked 
|  76|0x0000000784c00000, 0x0000000784c00000, 0x0000000784d00000|  0%| F|  |TAMS 0x0000000784c00000, 0x0000000784c00000| Untracked 
|  77|0x0000000784d00000, 0x0000000784d00000, 0x0000000784e00000|  0%| F|  |TAMS 0x0000000784d00000, 0x0000000784d00000| Untracked 
|  78|0x0000000784e00000, 0x0000000784e00000, 0x0000000784f00000|  0%| F|  |TAMS 0x0000000784e00000, 0x0000000784e00000| Untracked 
|  79|0x0000000784f00000, 0x0000000784f00000, 0x0000000785000000|  0%| F|  |TAMS 0x0000000784f00000, 0x0000000784f00000| Untracked 
|  80|0x0000000785000000, 0x0000000785000000, 0x0000000785100000|  0%| F|  |TAMS 0x0000000785000000, 0x0000000785000000| Untracked 
|  81|0x0000000785100000, 0x0000000785100000, 0x0000000785200000|  0%| F|  |TAMS 0x0000000785100000, 0x0000000785100000| Untracked 
|  82|0x0000000785200000, 0x0000000785200000, 0x0000000785300000|  0%| F|  |TAMS 0x0000000785200000, 0x0000000785200000| Untracked 
|  83|0x0000000785300000, 0x0000000785300000, 0x0000000785400000|  0%| F|  |TAMS 0x0000000785300000, 0x0000000785300000| Untracked 
|  84|0x0000000785400000, 0x0000000785400000, 0x0000000785500000|  0%| F|  |TAMS 0x0000000785400000, 0x0000000785400000| Untracked 
|  85|0x0000000785500000, 0x0000000785500000, 0x0000000785600000|  0%| F|  |TAMS 0x0000000785500000, 0x0000000785500000| Untracked 
|  86|0x0000000785600000, 0x0000000785600000, 0x0000000785700000|  0%| F|  |TAMS 0x0000000785600000, 0x0000000785600000| Untracked 
|  87|0x0000000785700000, 0x0000000785700000, 0x0000000785800000|  0%| F|  |TAMS 0x0000000785700000, 0x0000000785700000| Untracked 
|  88|0x0000000785800000, 0x0000000785800000, 0x0000000785900000|  0%| F|  |TAMS 0x0000000785800000, 0x0000000785800000| Untracked 
|  89|0x0000000785900000, 0x0000000785900000, 0x0000000785a00000|  0%| F|  |TAMS 0x0000000785900000, 0x0000000785900000| Untracked 
|  90|0x0000000785a00000, 0x0000000785a00000, 0x0000000785b00000|  0%| F|  |TAMS 0x0000000785a00000, 0x0000000785a00000| Untracked 
|  91|0x0000000785b00000, 0x0000000785b00000, 0x0000000785c00000|  0%| F|  |TAMS 0x0000000785b00000, 0x0000000785b00000| Untracked 
|  92|0x0000000785c00000, 0x0000000785c00000, 0x0000000785d00000|  0%| F|  |TAMS 0x0000000785c00000, 0x0000000785c00000| Untracked 
|  93|0x0000000785d00000, 0x0000000785d00000, 0x0000000785e00000|  0%| F|  |TAMS 0x0000000785d00000, 0x0000000785d00000| Untracked 
|  94|0x0000000785e00000, 0x0000000785e00000, 0x0000000785f00000|  0%| F|  |TAMS 0x0000000785e00000, 0x0000000785e00000| Untracked 
|  95|0x0000000785f00000, 0x0000000785f00000, 0x0000000786000000|  0%| F|  |TAMS 0x0000000785f00000, 0x0000000785f00000| Untracked 
|  96|0x0000000786000000, 0x0000000786000000, 0x0000000786100000|  0%| F|  |TAMS 0x0000000786000000, 0x0000000786000000| Untracked 
|  97|0x0000000786100000, 0x0000000786100000, 0x0000000786200000|  0%| F|  |TAMS 0x0000000786100000, 0x0000000786100000| Untracked 
|  98|0x0000000786200000, 0x0000000786200000, 0x0000000786300000|  0%| F|  |TAMS 0x0000000786200000, 0x0000000786200000| Untracked 
|  99|0x0000000786300000, 0x0000000786300000, 0x0000000786400000|  0%| F|  |TAMS 0x0000000786300000, 0x0000000786300000| Untracked 
| 100|0x0000000786400000, 0x0000000786400000, 0x0000000786500000|  0%| F|  |TAMS 0x0000000786400000, 0x0000000786400000| Untracked 
| 101|0x0000000786500000, 0x0000000786600000, 0x0000000786600000|100%| E|  |TAMS 0x0000000786500000, 0x0000000786500000| Complete 
| 102|0x0000000786600000, 0x0000000786700000, 0x0000000786700000|100%| S|CS|TAMS 0x0000000786600000, 0x0000000786600000| Complete 
| 103|0x0000000786700000, 0x0000000786800000, 0x0000000786800000|100%| S|CS|TAMS 0x0000000786700000, 0x0000000786700000| Complete 
| 104|0x0000000786800000, 0x0000000786900000, 0x0000000786900000|100%| S|CS|TAMS 0x0000000786800000, 0x0000000786800000| Complete 
| 105|0x0000000786900000, 0x0000000786a00000, 0x0000000786a00000|100%| E|CS|TAMS 0x0000000786900000, 0x0000000786900000| Complete 
| 106|0x0000000786a00000, 0x0000000786b00000, 0x0000000786b00000|100%| E|CS|TAMS 0x0000000786a00000, 0x0000000786a00000| Complete 
| 107|0x0000000786b00000, 0x0000000786c00000, 0x0000000786c00000|100%| E|CS|TAMS 0x0000000786b00000, 0x0000000786b00000| Complete 
| 108|0x0000000786c00000, 0x0000000786d00000, 0x0000000786d00000|100%| E|CS|TAMS 0x0000000786c00000, 0x0000000786c00000| Complete 
| 109|0x0000000786d00000, 0x0000000786e00000, 0x0000000786e00000|100%| E|CS|TAMS 0x0000000786d00000, 0x0000000786d00000| Complete 
| 110|0x0000000786e00000, 0x0000000786f00000, 0x0000000786f00000|100%| E|  |TAMS 0x0000000786e00000, 0x0000000786e00000| Complete 
| 111|0x0000000786f00000, 0x0000000787000000, 0x0000000787000000|100%| E|CS|TAMS 0x0000000786f00000, 0x0000000786f00000| Complete 
| 112|0x0000000787000000, 0x0000000787100000, 0x0000000787100000|100%| E|CS|TAMS 0x0000000787000000, 0x0000000787000000| Complete 
| 113|0x0000000787100000, 0x0000000787200000, 0x0000000787200000|100%| E|CS|TAMS 0x0000000787100000, 0x0000000787100000| Complete 
| 114|0x0000000787200000, 0x0000000787300000, 0x0000000787300000|100%| E|CS|TAMS 0x0000000787200000, 0x0000000787200000| Complete 
| 115|0x0000000787300000, 0x0000000787400000, 0x0000000787400000|100%| E|CS|TAMS 0x0000000787300000, 0x0000000787300000| Complete 
| 116|0x0000000787400000, 0x0000000787500000, 0x0000000787500000|100%| E|CS|TAMS 0x0000000787400000, 0x0000000787400000| Complete 
| 117|0x0000000787500000, 0x0000000787600000, 0x0000000787600000|100%| E|CS|TAMS 0x0000000787500000, 0x0000000787500000| Complete 
| 118|0x0000000787600000, 0x0000000787700000, 0x0000000787700000|100%| E|CS|TAMS 0x0000000787600000, 0x0000000787600000| Complete 
| 119|0x0000000787700000, 0x0000000787800000, 0x0000000787800000|100%| E|CS|TAMS 0x0000000787700000, 0x0000000787700000| Complete 
| 120|0x0000000787800000, 0x0000000787900000, 0x0000000787900000|100%| E|CS|TAMS 0x0000000787800000, 0x0000000787800000| Complete 
| 121|0x0000000787900000, 0x0000000787a00000, 0x0000000787a00000|100%| E|CS|TAMS 0x0000000787900000, 0x0000000787900000| Complete 
| 122|0x0000000787a00000, 0x0000000787b00000, 0x0000000787b00000|100%| E|CS|TAMS 0x0000000787a00000, 0x0000000787a00000| Complete 
| 123|0x0000000787b00000, 0x0000000787c00000, 0x0000000787c00000|100%| E|CS|TAMS 0x0000000787b00000, 0x0000000787b00000| Complete 
| 124|0x0000000787c00000, 0x0000000787d00000, 0x0000000787d00000|100%| E|CS|TAMS 0x0000000787c00000, 0x0000000787c00000| Complete 
| 125|0x0000000787d00000, 0x0000000787e00000, 0x0000000787e00000|100%| E|CS|TAMS 0x0000000787d00000, 0x0000000787d00000| Complete 
| 126|0x0000000787e00000, 0x0000000787f00000, 0x0000000787f00000|100%| E|CS|TAMS 0x0000000787e00000, 0x0000000787e00000| Complete 
| 127|0x0000000787f00000, 0x0000000788000000, 0x0000000788000000|100%| E|CS|TAMS 0x0000000787f00000, 0x0000000787f00000| Complete 
|2046|0x00000007ffe00000, 0x00000007ffe78000, 0x00000007fff00000| 46%|OA|  |TAMS 0x00000007ffe00000, 0x00000007ffe00000| Untracked 
|2047|0x00000007fff00000, 0x00000007fff80000, 0x0000000800000000| 50%|CA|  |TAMS 0x00000007fff00000, 0x00000007fff00000| Untracked 

Card table byte_map: [0x0000000102b5c000,0x0000000102f5c000] _byte_map_base: 0x00000000fef5c000

Marking Bits (Prev, Next): (CMBitMap*) 0x0000000110008210, (CMBitMap*) 0x0000000110008250
 Prev Bits: [0x000000010bf28000, 0x000000010df28000)
 Next Bits: [0x000000010df28000, 0x000000010ff28000)

Polling page: 0x00000001023b4000

Metaspace:

Usage:
  Non-class:     11.32 MB used.
      Class:      1.74 MB used.
       Both:     13.06 MB used.

Virtual space:
  Non-class space:       16.00 MB reserved,      11.44 MB ( 71%) committed,  2 nodes.
      Class space:        1.00 GB reserved,       1.88 MB ( <1%) committed,  1 nodes.
             Both:        1.02 GB reserved,      13.31 MB (  1%) committed. 

Chunk freelists:
   Non-Class:  480.00 KB
       Class:  2.12 MB
        Both:  2.59 MB

MaxMetaspaceSize: unlimited
CompressedClassSpaceSize: 1.00 GB
Initial GC threshold: 21.00 MB
Current GC threshold: 21.00 MB
CDS: on
MetaspaceReclaimPolicy: balanced
 - commit_granule_bytes: 65536.
 - commit_granule_words: 8192.
 - virtual_space_node_default_size: 1048576.
 - enlarge_chunks_in_place: 1.
 - new_chunks_are_fully_committed: 0.
 - uncommit_free_chunks: 1.
 - use_allocation_guard: 0.
 - handle_deallocations: 1.


Internal statistics:

num_allocs_failed_limit: 0.
num_arena_births: 172.
num_arena_deaths: 0.
num_vsnodes_births: 3.
num_vsnodes_deaths: 0.
num_space_committed: 213.
num_space_uncommitted: 0.
num_chunks_returned_to_freelist: 0.
num_chunks_taken_from_freelist: 584.
num_chunk_merges: 0.
num_chunk_splits: 399.
num_chunks_enlarged: 315.
num_purges: 0.
num_inconsistent_stats: 0.

CodeHeap 'non-profiled nmethods': size=120032Kb used=974Kb max_used=974Kb free=119058Kb
 bounds [0x00000001402c8000, 0x0000000140538000, 0x0000000147800000]
CodeHeap 'profiled nmethods': size=120016Kb used=4349Kb max_used=4349Kb free=115667Kb
 bounds [0x0000000138d94000, 0x00000001391d4000, 0x00000001402c8000]
CodeHeap 'non-nmethods': size=5712Kb used=1359Kb max_used=1488Kb free=4352Kb
 bounds [0x0000000138800000, 0x0000000138a70000, 0x0000000138d94000]
 total_blobs=3045 nmethods=2295 adapters=666
 compilation: enabled
              stopped_count=0, restarted_count=0
 full_count=0

Compilation events (20 events):
Event: 10.408 Thread 0x000000011601d000 2335       1       com.sun.javafx.sg.prism.NGRegion::updateFillCorners (6 bytes)
Event: 10.408 Thread 0x000000011601d000 nmethod 2335 0x00000001403b8d90 code [0x00000001403b8f00, 0x00000001403b9068]
Event: 10.408 Thread 0x000000011601d000 2336       1       com.sun.javafx.sg.prism.NGRegion::updateStrokeCorners (6 bytes)
Event: 10.408 Thread 0x000000011601d000 nmethod 2336 0x00000001403b9110 code [0x00000001403b9280, 0x00000001403b93e8]
Event: 10.483 Thread 0x000000011601d000 2338       3       javafx.scene.Parent::pickChildrenNode (53 bytes)
Event: 10.484 Thread 0x000000011601d000 nmethod 2338 0x00000001391d0a10 code [0x00000001391d0c40, 0x00000001391d1268]
Event: 10.490 Thread 0x000000011601d000 2339       3       com.sun.javafx.tk.Toolkit$$Lambda$236/0x0000000800da6308::run (8 bytes)
Event: 10.490 Thread 0x000000011601d000 nmethod 2339 0x00000001391d1490 code [0x00000001391d1640, 0x00000001391d18d8]
Event: 10.490 Thread 0x000000011601d000 2340       3       com.sun.javafx.tk.Toolkit::lambda$runPulse$2 (8 bytes)
Event: 10.490 Thread 0x000000011601d000 nmethod 2340 0x00000001391d1a10 code [0x00000001391d1bc0, 0x00000001391d1d98]
Event: 10.490 Thread 0x000000011601d000 2341       3       java.util.RegularEnumSet::clear (6 bytes)
Event: 10.491 Thread 0x000000011601d000 nmethod 2341 0x00000001391d1e90 code [0x00000001391d2040, 0x00000001391d2168]
Event: 10.495 Thread 0x000000011601d000 2342       3       java.util.concurrent.ThreadPoolExecutor::runStateAtLeast (11 bytes)
Event: 10.495 Thread 0x000000011601d000 nmethod 2342 0x00000001391d2210 code [0x00000001391d23c0, 0x00000001391d2528]
Event: 10.540 Thread 0x000000011601d000 2343       3       javafx.beans.binding.ObjectExpression::getValue (5 bytes)
Event: 10.540 Thread 0x000000011601d000 nmethod 2343 0x00000001391d2590 code [0x00000001391d2740, 0x00000001391d2958]
Event: 10.540 Thread 0x000000011601d000 2344       3       java.util.concurrent.ThreadPoolExecutor::isRunning (10 bytes)
Event: 10.540 Thread 0x000000011601d000 nmethod 2344 0x00000001391d2a10 code [0x00000001391d2bc0, 0x00000001391d2d28]
Event: 10.540 Thread 0x000000011601d000 2345       1       com.sun.prism.PresentableState::getNativeWindow (5 bytes)
Event: 10.541 Thread 0x000000011601d000 nmethod 2345 0x00000001403b9810 code [0x00000001403b9980, 0x00000001403b9a68]

GC Heap History (2 events):
Event: 0.380 GC heap before
{Heap before GC invocations=0 (full 0):
 garbage-first heap   total 133120K, used 23520K [0x0000000780000000, 0x0000000800000000)
  region size 1024K, 23 young (23552K), 0 survivors (0K)
 Metaspace       used 7463K, committed 7616K, reserved 1056768K
  class space    used 971K, committed 1024K, reserved 1048576K
}
Event: 0.382 GC heap after
{Heap after GC invocations=1 (full 0):
 garbage-first heap   total 133120K, used 4064K [0x0000000780000000, 0x0000000800000000)
  region size 1024K, 3 young (3072K), 3 survivors (3072K)
 Metaspace       used 7463K, committed 7616K, reserved 1056768K
  class space    used 971K, committed 1024K, reserved 1048576K
}

Deoptimization events (20 events):
Event: 5.954 Thread 0x0000000138067a00 Uncommon trap: trap_request=0xffffff45 fr.pc=0x00000001403674b4 relative=0x0000000000001df4
Event: 5.954 Thread 0x0000000138067a00 Uncommon trap: reason=unstable_if action=reinterpret pc=0x00000001403674b4 method=com.sun.marlin.Renderer._endRendering(IILcom/sun/marlin/MarlinAlphaConsumer;)V @ 325 c2
Event: 5.954 Thread 0x0000000138067a00 DEOPT PACKING pc=0x00000001403674b4 sp=0x0000000178829730
Event: 5.954 Thread 0x0000000138067a00 DEOPT UNPACKING pc=0x000000013883ed1c sp=0x00000001788295b0 mode 2
Event: 5.955 Thread 0x0000000138067a00 Uncommon trap: trap_request=0xffffff45 fr.pc=0x000000014035e5b8 relative=0x0000000000001af8
Event: 5.955 Thread 0x0000000138067a00 Uncommon trap: reason=unstable_if action=reinterpret pc=0x000000014035e5b8 method=com.sun.marlin.Renderer._endRendering(IILcom/sun/marlin/MarlinAlphaConsumer;)V @ 325 c2
Event: 5.955 Thread 0x0000000138067a00 DEOPT PACKING pc=0x000000014035e5b8 sp=0x0000000178829730
Event: 5.955 Thread 0x0000000138067a00 DEOPT UNPACKING pc=0x000000013883ed1c sp=0x00000001788295b0 mode 2
Event: 6.070 Thread 0x0000000138067a00 DEOPT PACKING pc=0x0000000139135d00 sp=0x00000001788295c0
Event: 6.070 Thread 0x0000000138067a00 DEOPT UNPACKING pc=0x000000013883eb7c sp=0x00000001788291a0 mode 0
Event: 6.071 Thread 0x0000000138067a00 DEOPT PACKING pc=0x0000000139135d00 sp=0x00000001788295c0
Event: 6.071 Thread 0x0000000138067a00 DEOPT UNPACKING pc=0x000000013883eb7c sp=0x00000001788291a0 mode 0
Event: 6.087 Thread 0x0000000138067a00 DEOPT PACKING pc=0x0000000139135d00 sp=0x00000001788295c0
Event: 6.087 Thread 0x0000000138067a00 DEOPT UNPACKING pc=0x000000013883eb7c sp=0x00000001788291a0 mode 0
Event: 6.104 Thread 0x0000000138067a00 DEOPT PACKING pc=0x0000000139135d00 sp=0x00000001788295c0
Event: 6.104 Thread 0x0000000138067a00 DEOPT UNPACKING pc=0x000000013883eb7c sp=0x00000001788291a0 mode 0
Event: 8.915 Thread 0x0000000138067a00 Uncommon trap: trap_request=0xffffff45 fr.pc=0x00000001403891a8 relative=0x00000000000000e8
Event: 8.915 Thread 0x0000000138067a00 Uncommon trap: reason=unstable_if action=reinterpret pc=0x00000001403891a8 method=com.sun.marlin.Helpers.outcode(DD[D)I @ 39 c2
Event: 8.915 Thread 0x0000000138067a00 DEOPT PACKING pc=0x00000001403891a8 sp=0x0000000178829550
Event: 8.915 Thread 0x0000000138067a00 DEOPT UNPACKING pc=0x000000013883ed1c sp=0x00000001788294c0 mode 2

Classes unloaded (0 events):
No events

Classes redefined (0 events):
No events

Internal exceptions (20 events):
Event: 0.317 Thread 0x0000000116008a00 Exception <a 'java/lang/NoSuchMethodError'{0x00000007872292c8}: 'java.lang.Object java.lang.invoke.DirectMethodHandle$Holder.newInvokeSpecial(java.lang.Object, java.lang.Object, java.lang.Object, java.lang.Object, java.lang.Object)'> (0x00000007872292c8) 
thrown [src/hotspot/share/interpreter/linkResolver.cpp, line 766]
Event: 0.318 Thread 0x0000000138094c00 Exception <a 'java/lang/NoSuchMethodError'{0x000000078717a2f8}: 'void java.lang.invoke.DirectMethodHandle$Holder.invokeStatic(java.lang.Object, java.lang.Object, java.lang.Object, java.lang.Object)'> (0x000000078717a2f8) 
thrown [src/hotspot/share/interpreter/linkResolver.cpp, line 766]
Event: 0.342 Thread 0x0000000116096400 Exception <a 'sun/nio/fs/UnixException'{0x0000000786ee06d8}> (0x0000000786ee06d8) 
thrown [src/hotspot/share/prims/jni.cpp, line 516]
Event: 0.363 Thread 0x0000000116096400 Exception <a 'java/lang/NoSuchMethodError'{0x0000000786b652e8}: 'java.lang.Object java.lang.invoke.DirectMethodHandle$Holder.invokeStaticInit(java.lang.Object, java.lang.Object, java.lang.Object, java.lang.Object)'> (0x0000000786b652e8) 
thrown [src/hotspot/share/interpreter/linkResolver.cpp, line 766]
Event: 0.364 Thread 0x0000000116096400 Exception <a 'java/lang/NullPointerException'{0x0000000786b70ff0}> (0x0000000786b70ff0) 
thrown [src/hotspot/share/interpreter/linkResolver.cpp, line 1357]
Event: 0.372 Thread 0x0000000116096400 Exception <a 'java/lang/NoSuchMethodError'{0x0000000786af7758}: 'java.lang.Object java.lang.invoke.DirectMethodHandle$Holder.invokeSpecial(java.lang.Object, java.lang.Object, java.lang.Object, int, java.lang.Object)'> (0x0000000786af7758) 
thrown [src/hotspot/share/interpreter/linkResolver.cpp, line 766]
Event: 0.419 Thread 0x0000000116096400 Exception <a 'java/lang/NoSuchMethodError'{0x00000007879098a8}: 'void java.lang.invoke.DirectMethodHandle$Holder.invokeStaticInit(java.lang.Object, java.lang.Object)'> (0x00000007879098a8) 
thrown [src/hotspot/share/interpreter/linkResolver.cpp, line 766]
Event: 0.427 Thread 0x0000000116096400 Exception <a 'sun/nio/fs/UnixException'{0x000000078785eff0}> (0x000000078785eff0) 
thrown [src/hotspot/share/prims/jni.cpp, line 516]
Event: 0.432 Thread 0x0000000116096400 Implicit null exception at 0x00000001402f68f8 to 0x00000001402f6988
Event: 0.433 Thread 0x0000000116096400 Implicit null exception at 0x0000000140312654 to 0x00000001403129a8
Event: 0.437 Thread 0x0000000116096400 Implicit null exception at 0x00000001402e0c54 to 0x00000001402e0cc0
Event: 0.551 Thread 0x0000000116096400 Exception <a 'java/lang/NoSuchMethodError'{0x000000078723a3b8}: 'void java.lang.invoke.DirectMethodHandle$Holder.invokeSpecial(java.lang.Object, java.lang.Object, java.lang.Object, java.lang.Object, java.lang.Object)'> (0x000000078723a3b8) 
thrown [src/hotspot/share/interpreter/linkResolver.cpp, line 766]
Event: 0.552 Thread 0x0000000116096400 Exception <a 'java/lang/NoSuchMethodError'{0x000000078724a988}: 'java.lang.Object java.lang.invoke.DirectMethodHandle$Holder.invokeInterface(java.lang.Object, java.lang.Object, java.lang.Object)'> (0x000000078724a988) 
thrown [src/hotspot/share/interpreter/linkResolver.cpp, line 766]
Event: 0.552 Thread 0x0000000116096400 Exception <a 'java/lang/IncompatibleClassChangeError'{0x000000078724e310}: Found class java.lang.Object, but interface was expected> (0x000000078724e310) 
thrown [src/hotspot/share/interpreter/linkResolver.cpp, line 833]
Event: 0.575 Thread 0x0000000116096400 Exception <a 'java/lang/NoSuchMethodError'{0x00000007871d0058}: 'java.lang.Object java.lang.invoke.DirectMethodHandle$Holder.newInvokeSpecial(java.lang.Object, java.lang.Object, int)'> (0x00000007871d0058) 
thrown [src/hotspot/share/interpreter/linkResolver.cpp, line 766]
Event: 0.622 Thread 0x0000000138067a00 Exception <a 'java/lang/NoSuchMethodError'{0x0000000786f52568}: 'int java.lang.invoke.DirectMethodHandle$Holder.invokeStaticInit(java.lang.Object, java.lang.Object)'> (0x0000000786f52568) 
thrown [src/hotspot/share/interpreter/linkResolver.cpp, line 766]
Event: 9.159 Thread 0x0000000116096400 Exception <a 'java/lang/NoSuchMethodError'{0x000000078657bc98}: 'long java.lang.invoke.DirectMethodHandle$Holder.invokeStatic(java.lang.Object, java.lang.Object, java.lang.Object)'> (0x000000078657bc98) 
thrown [src/hotspot/share/interpreter/linkResolver.cpp, line 766]
Event: 9.160 Thread 0x0000000116096400 Exception <a 'java/lang/NoSuchMethodError'{0x000000078657f440}: 'long java.lang.invoke.DirectMethodHandle$Holder.invokeStaticInit(java.lang.Object, java.lang.Object, java.lang.Object)'> (0x000000078657f440) 
thrown [src/hotspot/share/interpreter/linkResolver.cpp, line 766]
Event: 9.162 Thread 0x0000000116096400 Exception <a 'java/lang/NoSuchMethodError'{0x0000000786597468}: 'java.lang.Object java.lang.invoke.DirectMethodHandle$Holder.newInvokeSpecial(java.lang.Object, java.lang.Object, long)'> (0x0000000786597468) 
thrown [src/hotspot/share/interpreter/linkResolver.cpp, line 766]
Event: 9.162 Thread 0x0000000116096400 Exception <a 'java/lang/NoSuchMethodError'{0x000000078659ad30}: 'java.lang.Object java.lang.invoke.Invokers$Holder.linkToTargetMethod(java.lang.Object, long, java.lang.Object)'> (0x000000078659ad30) 
thrown [src/hotspot/share/interpreter/linkResolver.cpp, line 766]

VM Operations (20 events):
Event: 0.401 Executing VM operation: HandshakeAllThreads
Event: 0.401 Executing VM operation: HandshakeAllThreads done
Event: 0.417 Executing VM operation: ICBufferFull
Event: 0.419 Executing VM operation: ICBufferFull done
Event: 0.545 Executing VM operation: HandshakeAllThreads
Event: 0.545 Executing VM operation: HandshakeAllThreads done
Event: 2.084 Executing VM operation: Cleanup
Event: 2.085 Executing VM operation: Cleanup done
Event: 3.090 Executing VM operation: Cleanup
Event: 3.090 Executing VM operation: Cleanup done
Event: 4.095 Executing VM operation: Cleanup
Event: 4.095 Executing VM operation: Cleanup done
Event: 6.104 Executing VM operation: Cleanup
Event: 6.104 Executing VM operation: Cleanup done
Event: 7.109 Executing VM operation: Cleanup
Event: 7.109 Executing VM operation: Cleanup done
Event: 9.119 Executing VM operation: Cleanup
Event: 9.119 Executing VM operation: Cleanup done
Event: 10.124 Executing VM operation: Cleanup
Event: 10.124 Executing VM operation: Cleanup done

Events (20 events):
Event: 1.191 loading class sun/util/resources/TimeZoneNames_en
Event: 1.191 loading class sun/util/resources/TimeZoneNames_en done
Event: 1.842 loading class java/util/EnumMap$Values
Event: 1.842 loading class java/util/EnumMap$Values done
Event: 1.842 loading class java/util/EnumMap$ValueIterator
Event: 1.842 loading class java/util/EnumMap$EnumMapIterator
Event: 1.842 loading class java/util/EnumMap$EnumMapIterator done
Event: 1.842 loading class java/util/EnumMap$ValueIterator done
Event: 2.240 Protecting memory [0x000000016fec0000,0x000000016fecc000] with protection modes 0
Event: 2.240 Thread 0x00000001167b2c00 Thread added: 0x00000001167b2c00
Event: 2.870 loading class jdk/internal/misc/ScopedMemoryAccess$Scope
Event: 2.870 loading class jdk/internal/misc/ScopedMemoryAccess$Scope done
Event: 3.640 Protecting memory [0x000000016fec0000,0x000000016fecc000] with protection modes 3
Event: 3.640 Thread 0x00000001167b2c00 Thread exited: 0x00000001167b2c00
Event: 5.823 Protecting memory [0x000000016fec0000,0x000000016fecc000] with protection modes 0
Event: 5.823 Thread 0x0000000123808200 Thread added: 0x0000000123808200
Event: 7.307 Protecting memory [0x000000016fec0000,0x000000016fecc000] with protection modes 3
Event: 7.307 Thread 0x0000000123808200 Thread exited: 0x0000000123808200
Event: 8.907 Protecting memory [0x000000016fec0000,0x000000016fecc000] with protection modes 0
Event: 8.907 Thread 0x000000011680ca00 Thread added: 0x000000011680ca00


Dynamic libraries:
0x0000000102364000 	/Library/Java/JavaVirtualMachines/zulu-17.jdk/Contents/Home/lib/libjli.dylib
0x00000001c9f42000 	/usr/lib/libz.1.dylib
0x00000001c9ff2000 	/usr/lib/libSystem.B.dylib
0x00000001c9fec000 	/usr/lib/system/libcache.dylib
0x00000001c9faa000 	/usr/lib/system/libcommonCrypto.dylib
0x00000001c9fd3000 	/usr/lib/system/libcompiler_rt.dylib
0x00000001c9fca000 	/usr/lib/system/libcopyfile.dylib
0x00000001bf2f6000 	/usr/lib/system/libcorecrypto.dylib
0x00000001bf39b000 	/usr/lib/system/libdispatch.dylib
0x00000001bf563000 	/usr/lib/system/libdyld.dylib
0x00000001c9fe2000 	/usr/lib/system/libkeymgr.dylib
0x00000001c9f8c000 	/usr/lib/system/libmacho.dylib
0x00000001c9698000 	/usr/lib/system/libquarantine.dylib
0x00000001c9fdf000 	/usr/lib/system/libremovefile.dylib
0x00000001c46e5000 	/usr/lib/system/libsystem_asl.dylib
0x00000001bf2a0000 	/usr/lib/system/libsystem_blocks.dylib
0x00000001bf421000 	/usr/lib/system/libsystem_c.dylib
0x00000001c9fd7000 	/usr/lib/system/libsystem_collections.dylib
0x00000001c8af5000 	/usr/lib/system/libsystem_configuration.dylib
0x00000001c7d7b000 	/usr/lib/system/libsystem_containermanager.dylib
0x00000001c9cf6000 	/usr/lib/system/libsystem_coreservices.dylib
0x00000001c1c88000 	/usr/lib/system/libsystem_darwin.dylib
0x00000001c9fe3000 	/usr/lib/system/libsystem_dnssd.dylib
0x00000001bf41e000 	/usr/lib/system/libsystem_featureflags.dylib
0x00000001bf578000 	/usr/lib/system/libsystem_info.dylib
0x00000001c9f54000 	/usr/lib/system/libsystem_m.dylib
0x00000001bf370000 	/usr/lib/system/libsystem_malloc.dylib
0x00000001c4676000 	/usr/lib/system/libsystem_networkextension.dylib
0x00000001c20db000 	/usr/lib/system/libsystem_notify.dylib
0x00000001d01bf000 	/usr/lib/system/libsystem_product_info_filter.dylib
0x00000001c8afa000 	/usr/lib/system/libsystem_sandbox.dylib
0x00000001c9fdc000 	/usr/lib/system/libsystem_secinit.dylib
0x00000001bf520000 	/usr/lib/system/libsystem_kernel.dylib
0x00000001bf570000 	/usr/lib/system/libsystem_platform.dylib
0x00000001bf556000 	/usr/lib/system/libsystem_pthread.dylib
0x00000001c5e1b000 	/usr/lib/system/libsystem_symptoms.dylib
0x00000001bf2dc000 	/usr/lib/system/libsystem_trace.dylib
0x00000001c9fb7000 	/usr/lib/system/libunwind.dylib
0x00000001bf2a2000 	/usr/lib/system/libxpc.dylib
0x00000001bf506000 	/usr/lib/libc++abi.dylib
0x00000001bf3e2000 	/usr/lib/libobjc.A.dylib
0x00000001c9fc2000 	/usr/lib/liboah.dylib
0x00000001bf4a2000 	/usr/lib/libc++.1.dylib
0x00000001d5b9c000 	/System/Library/Frameworks/Cocoa.framework/Versions/A/Cocoa
0x00000001c213a000 	/System/Library/Frameworks/AppKit.framework/Versions/C/AppKit
0x00000001c565c000 	/System/Library/Frameworks/CoreData.framework/Versions/A/CoreData
0x00000001c049b000 	/System/Library/Frameworks/Foundation.framework/Versions/C/Foundation
0x00000001c2fec000 	/System/Library/PrivateFrameworks/UIFoundation.framework/Versions/A/UIFoundation
0x00000001cfeb9000 	/System/Library/PrivateFrameworks/RemoteViewServices.framework/Versions/A/RemoteViewServices
0x00000001c84b4000 	/System/Library/PrivateFrameworks/XCTTargetBootstrap.framework/Versions/A/XCTTargetBootstrap
0x00000001cbcf4000 	/System/Library/PrivateFrameworks/InternationalSupport.framework/Versions/A/InternationalSupport
0x00000001cbd7d000 	/System/Library/PrivateFrameworks/UserActivity.framework/Versions/A/UserActivity
0x00000001cb21f000 	/usr/lib/libspindump.dylib
0x00000001c325c000 	/System/Library/Frameworks/UniformTypeIdentifiers.framework/Versions/A/UniformTypeIdentifiers
0x00000001c6a42000 	/usr/lib/libapp_launch_measurement.dylib
0x00000001c5fbf000 	/System/Library/PrivateFrameworks/CoreAnalytics.framework/Versions/A/CoreAnalytics
0x00000001c6a45000 	/System/Library/PrivateFrameworks/CoreAutoLayout.framework/Versions/A/CoreAutoLayout
0x00000001c7db8000 	/System/Library/Frameworks/Metal.framework/Versions/A/Metal
0x00000001c8b05000 	/usr/lib/liblangid.dylib
0x00000001c84b8000 	/System/Library/PrivateFrameworks/CoreSVG.framework/Versions/A/CoreSVG
0x00000001c4719000 	/System/Library/PrivateFrameworks/SkyLight.framework/Versions/A/SkyLight
0x00000001c4ae1000 	/System/Library/Frameworks/CoreGraphics.framework/Versions/A/CoreGraphics
0x00000001d0532000 	/System/Library/Frameworks/Accelerate.framework/Versions/A/Accelerate
0x00000001cac94000 	/System/Library/PrivateFrameworks/IconServices.framework/Versions/A/IconServices
0x00000001c7d9a000 	/System/Library/Frameworks/IOSurface.framework/Versions/A/IOSurface
0x00000001c5fef000 	/usr/lib/libDiagnosticMessagesClient.dylib
0x00000001d396a000 	/System/Library/Frameworks/ApplicationServices.framework/Versions/A/ApplicationServices
0x00000001c849c000 	/System/Library/PrivateFrameworks/DFRFoundation.framework/Versions/A/DFRFoundation
0x00000001c19dd000 	/usr/lib/libicucore.A.dylib
0x00000001ccaf1000 	/System/Library/Frameworks/AudioToolbox.framework/Versions/A/AudioToolbox
0x00000001cbd00000 	/System/Library/PrivateFrameworks/DataDetectorsCore.framework/Versions/A/DataDetectorsCore
0x00000001e1d1c000 	/System/Library/PrivateFrameworks/TextInput.framework/Versions/A/TextInput
0x00000001c4690000 	/usr/lib/libMobileGestalt.dylib
0x00000001c816c000 	/System/Library/Frameworks/Carbon.framework/Versions/A/Frameworks/HIToolbox.framework/Versions/A/HIToolbox
0x00000001c644c000 	/System/Library/Frameworks/QuartzCore.framework/Versions/A/QuartzCore
0x00000001c165a000 	/System/Library/Frameworks/Security.framework/Versions/A/Security
0x00000001cfef9000 	/System/Library/Frameworks/Carbon.framework/Versions/A/Frameworks/SpeechRecognition.framework/Versions/A/SpeechRecognition
0x00000001c6799000 	/System/Library/PrivateFrameworks/CoreUI.framework/Versions/A/CoreUI
0x00000001c0f2d000 	/System/Library/Frameworks/CoreAudio.framework/Versions/A/CoreAudio
0x00000001c60df000 	/System/Library/Frameworks/DiskArbitration.framework/Versions/A/DiskArbitration
0x00000001cb607000 	/System/Library/PrivateFrameworks/MultitouchSupport.framework/Versions/A/MultitouchSupport
0x00000001c468e000 	/usr/lib/libenergytrace.dylib
0x00000001c2006000 	/System/Library/Frameworks/IOKit.framework/Versions/A/IOKit
0x00000001d02e0000 	/System/Library/Frameworks/CoreServices.framework/Versions/A/CoreServices
0x00000001c69d2000 	/System/Library/PrivateFrameworks/PerformanceAnalysis.framework/Versions/A/PerformanceAnalysis
0x0000000220541000 	/System/Library/Frameworks/OpenGL.framework/Versions/A/OpenGL
0x00000001c95b8000 	/System/Library/PrivateFrameworks/MobileKeyBag.framework/Versions/A/MobileKeyBag
0x00000001c50f1000 	/System/Library/Frameworks/ColorSync.framework/Versions/A/ColorSync
0x00000001bf5a4000 	/System/Library/Frameworks/CoreFoundation.framework/Versions/A/CoreFoundation
0x00000001c8739000 	/System/Library/Frameworks/CoreImage.framework/Versions/A/CoreImage
0x00000001c0d50000 	/System/Library/Frameworks/CoreText.framework/Versions/A/CoreText
0x00000001c84e8000 	/System/Library/Frameworks/ImageIO.framework/Versions/A/ImageIO
0x00000001c9ff8000 	/System/Library/PrivateFrameworks/SoftLinking.framework/Versions/A/SoftLinking
0x00000001c6a8f000 	/usr/lib/libxml2.2.dylib
0x00000001ca290000 	/usr/lib/libcompression.dylib
0x00000001cbc4d000 	/System/Library/PrivateFrameworks/TextureIO.framework/Versions/A/TextureIO
0x00000001ca9ae000 	/usr/lib/libate.dylib
0x00000001ca876000 	/usr/lib/liblzma.5.dylib
0x00000001c018c000 	/System/Library/Frameworks/SystemConfiguration.framework/Versions/A/SystemConfiguration
0x00000001c9ff4000 	/usr/lib/libfakelink.dylib
0x00000001c41be000 	/System/Library/Frameworks/CFNetwork.framework/Versions/A/CFNetwork
0x00000001ca13b000 	/usr/lib/libarchive.2.dylib
0x00000001c8b01000 	/System/Library/PrivateFrameworks/AppleSystemInfo.framework/Versions/A/AppleSystemInfo
0x00000001c96c2000 	/usr/lib/libbsm.0.dylib
0x00000001c36fb000 	/usr/lib/libnetwork.dylib
0x00000001c9f92000 	/usr/lib/system/libkxld.dylib
0x00000001c92da000 	/System/Library/PrivateFrameworks/IOMobileFramebuffer.framework/Versions/A/IOMobileFramebuffer
0x000000023be6c000 	/usr/lib/libCoreEntitlements.dylib
0x00000001c9cd8000 	/System/Library/PrivateFrameworks/AppleFSCompression.framework/Versions/A/AppleFSCompression
0x00000001c96ab000 	/usr/lib/libcoretls.dylib
0x00000001ca88f000 	/usr/lib/libcoretls_cfhelpers.dylib
0x00000001ca28b000 	/usr/lib/libpam.2.dylib
0x00000001c5a43000 	/usr/lib/libsqlite3.dylib
0x00000001ca8f7000 	/usr/lib/libxar.1.dylib
0x00000001c9ce9000 	/usr/lib/libbz2.1.0.dylib
0x00000001c9ff9000 	/usr/lib/libpcap.A.dylib
0x00000001c5e12000 	/usr/lib/libdns_services.dylib
0x00000001ca25e000 	/usr/lib/libapple_nghttp2.dylib
0x00000001ca036000 	/usr/lib/libiconv.2.dylib
0x00000001c9f8b000 	/usr/lib/libcharset.1.dylib
0x00000001c6a0e000 	/System/Library/Frameworks/CoreServices.framework/Versions/A/Frameworks/FSEvents.framework/Versions/A/FSEvents
0x00000001c1c93000 	/System/Library/Frameworks/CoreServices.framework/Versions/A/Frameworks/CarbonCore.framework/Versions/A/CarbonCore
0x00000001c6042000 	/System/Library/Frameworks/CoreServices.framework/Versions/A/Frameworks/Metadata.framework/Versions/A/Metadata
0x00000001c9cfc000 	/System/Library/Frameworks/CoreServices.framework/Versions/A/Frameworks/OSServices.framework/Versions/A/OSServices
0x00000001ca1c0000 	/System/Library/Frameworks/CoreServices.framework/Versions/A/Frameworks/SearchKit.framework/Versions/A/SearchKit
0x00000001c5da0000 	/System/Library/Frameworks/CoreServices.framework/Versions/A/Frameworks/AE.framework/Versions/A/AE
0x00000001bfae8000 	/System/Library/Frameworks/CoreServices.framework/Versions/A/Frameworks/LaunchServices.framework/Versions/A/LaunchServices
0x00000001ca81f000 	/System/Library/Frameworks/CoreServices.framework/Versions/A/Frameworks/DictionaryServices.framework/Versions/A/DictionaryServices
0x00000001c6a1b000 	/System/Library/Frameworks/CoreServices.framework/Versions/A/Frameworks/SharedFileList.framework/Versions/A/SharedFileList
0x00000001c969b000 	/usr/lib/libCheckFix.dylib
0x00000001c46fd000 	/System/Library/PrivateFrameworks/TCC.framework/Versions/A/TCC
0x00000001c8b07000 	/System/Library/PrivateFrameworks/CoreNLP.framework/Versions/A/CoreNLP
0x00000001c5ff2000 	/System/Library/PrivateFrameworks/MetadataUtilities.framework/Versions/A/MetadataUtilities
0x00000001c0245000 	/usr/lib/libmecabra.dylib
0x00000001c96d3000 	/usr/lib/libmecab.dylib
0x00000001c0211000 	/usr/lib/libCRFSuite.dylib
0x00000001c9731000 	/usr/lib/libgermantok.dylib
0x00000001ca237000 	/usr/lib/libThaiTokenizer.dylib
0x00000001c60e7000 	/System/Library/Frameworks/Accelerate.framework/Versions/A/Frameworks/vImage.framework/Versions/A/vImage
0x00000001d02b7000 	/System/Library/Frameworks/Accelerate.framework/Versions/A/Frameworks/vecLib.framework/Versions/A/vecLib
0x00000001ca93b000 	/System/Library/Frameworks/Accelerate.framework/Versions/A/Frameworks/vecLib.framework/Versions/A/libvMisc.dylib
0x00000001c91e4000 	/System/Library/Frameworks/Accelerate.framework/Versions/A/Frameworks/vecLib.framework/Versions/A/libvDSP.dylib
0x00000001bfe6b000 	/System/Library/Frameworks/Accelerate.framework/Versions/A/Frameworks/vecLib.framework/Versions/A/libBLAS.dylib
0x00000001ca35f000 	/System/Library/Frameworks/Accelerate.framework/Versions/A/Frameworks/vecLib.framework/Versions/A/libLAPACK.dylib
0x00000001c9734000 	/System/Library/Frameworks/Accelerate.framework/Versions/A/Frameworks/vecLib.framework/Versions/A/libLinearAlgebra.dylib
0x00000001ca276000 	/System/Library/Frameworks/Accelerate.framework/Versions/A/Frameworks/vecLib.framework/Versions/A/libSparseBLAS.dylib
0x00000001ca35a000 	/System/Library/Frameworks/Accelerate.framework/Versions/A/Frameworks/vecLib.framework/Versions/A/libQuadrature.dylib
0x00000001c8bfe000 	/System/Library/Frameworks/Accelerate.framework/Versions/A/Frameworks/vecLib.framework/Versions/A/libBNNS.dylib
0x00000001c0129000 	/System/Library/Frameworks/Accelerate.framework/Versions/A/Frameworks/vecLib.framework/Versions/A/libSparse.dylib
0x00000001c8bf6000 	/System/Library/PrivateFrameworks/LinguisticData.framework/Versions/A/LinguisticData
0x00000001c00df000 	/System/Library/PrivateFrameworks/Lexicon.framework/Versions/A/Lexicon
0x00000001ca933000 	/usr/lib/libChineseTokenizer.dylib
0x00000001c0889000 	/System/Library/PrivateFrameworks/LanguageModeling.framework/Versions/A/LanguageModeling
0x00000001ca239000 	/System/Library/PrivateFrameworks/AppleSauce.framework/Versions/A/AppleSauce
0x00000001c92c7000 	/System/Library/PrivateFrameworks/CoreEmoji.framework/Versions/A/CoreEmoji
0x00000001ca129000 	/usr/lib/libcmph.dylib
0x00000001c69ee000 	/System/Library/Frameworks/OpenDirectory.framework/Versions/A/Frameworks/CFOpenDirectory.framework/Versions/A/CFOpenDirectory
0x00000001c69de000 	/System/Library/Frameworks/OpenDirectory.framework/Versions/A/OpenDirectory
0x00000001ca891000 	/System/Library/PrivateFrameworks/APFS.framework/Versions/A/APFS
0x00000001c95f3000 	/System/Library/Frameworks/SecurityFoundation.framework/Versions/A/SecurityFoundation
0x00000001ca905000 	/usr/lib/libutil.dylib
0x00000001c1fc8000 	/System/Library/PrivateFrameworks/CoreServicesStore.framework/Versions/A/CoreServicesStore
0x00000001ca909000 	/usr/lib/libxslt.1.dylib
0x00000001c9687000 	/System/Library/PrivateFrameworks/BackgroundTaskManagement.framework/Versions/A/BackgroundTaskManagement
0x00000001cbb6e000 	/System/Library/Frameworks/ImageIO.framework/Versions/A/Resources/libRadiance.dylib
0x00000001cbb77000 	/System/Library/Frameworks/ImageIO.framework/Versions/A/Resources/libJPEG.dylib
0x00000001cbac9000 	/System/Library/Frameworks/ImageIO.framework/Versions/A/Resources/libPng.dylib
0x00000001cbaeb000 	/System/Library/Frameworks/ImageIO.framework/Versions/A/Resources/libTIFF.dylib
0x00000001cbbd2000 	/System/Library/Frameworks/ImageIO.framework/Versions/A/Resources/libGIF.dylib
0x00000001cb517000 	/System/Library/Frameworks/ImageIO.framework/Versions/A/Resources/libJP2.dylib
0x00000001cac5a000 	/usr/lib/libexpat.1.dylib
0x00000001cb4d2000 	/System/Library/PrivateFrameworks/AppleJPEG.framework/Versions/A/AppleJPEG
0x00000001c802b000 	/System/Library/PrivateFrameworks/FontServices.framework/libFontParser.dylib
0x00000001c5d45000 	/System/Library/PrivateFrameworks/RunningBoardServices.framework/Versions/A/RunningBoardServices
0x00000001d6207000 	/System/Library/PrivateFrameworks/IOSurfaceAccelerator.framework/Versions/A/IOSurfaceAccelerator
0x00000001cb603000 	/System/Library/PrivateFrameworks/WatchdogClient.framework/Versions/A/WatchdogClient
0x00000001c098d000 	/System/Library/Frameworks/CoreDisplay.framework/Versions/A/CoreDisplay
0x00000001c7f1a000 	/System/Library/Frameworks/CoreMedia.framework/Versions/A/CoreMedia
0x00000001c7dae000 	/System/Library/PrivateFrameworks/IOAccelerator.framework/Versions/A/IOAccelerator
0x00000001c6b7c000 	/System/Library/Frameworks/CoreVideo.framework/Versions/A/CoreVideo
0x00000001ca289000 	/System/Library/Frameworks/MetalPerformanceShaders.framework/Versions/A/MetalPerformanceShaders
0x00000001cb640000 	/System/Library/Frameworks/VideoToolbox.framework/Versions/A/VideoToolbox
0x00000001c5c89000 	/System/Library/PrivateFrameworks/BaseBoard.framework/Versions/A/BaseBoard
0x00000001c5a28000 	/System/Library/PrivateFrameworks/ProtocolBuffer.framework/Versions/A/ProtocolBuffer
0x00000001cbb69000 	/System/Library/PrivateFrameworks/GPUWrangler.framework/Versions/A/GPUWrangler
0x00000001cbb48000 	/System/Library/PrivateFrameworks/IOPresentment.framework/Versions/A/IOPresentment
0x00000001cbb71000 	/System/Library/PrivateFrameworks/DSExternalDisplay.framework/Versions/A/DSExternalDisplay
0x0000000220534000 	/System/Library/Frameworks/OpenGL.framework/Versions/A/Libraries/libCoreFSCache.dylib
0x0000000229c4e000 	/System/Library/PrivateFrameworks/GPUCompiler.framework/Versions/31001/Libraries/libGPUCompilerUtils.dylib
0x00000001cbbd7000 	/System/Library/PrivateFrameworks/CMCaptureCore.framework/Versions/A/CMCaptureCore
0x00000001cb20d000 	/System/Library/PrivateFrameworks/AppServerSupport.framework/Versions/A/AppServerSupport
0x00000001cd3ac000 	/System/Library/PrivateFrameworks/perfdata.framework/Versions/A/perfdata
0x00000001c0aad000 	/System/Library/PrivateFrameworks/AudioToolboxCore.framework/Versions/A/AudioToolboxCore
0x00000001c7ef2000 	/System/Library/PrivateFrameworks/caulk.framework/Versions/A/caulk
0x00000001ccca1000 	/usr/lib/libAudioStatistics.dylib
0x00000001de4ba000 	/System/Library/PrivateFrameworks/SystemPolicy.framework/Versions/A/SystemPolicy
0x00000001ccf01000 	/usr/lib/libSMC.dylib
0x00000001d5a7e000 	/System/Library/Frameworks/CoreMIDI.framework/Versions/A/CoreMIDI
0x00000001cba97000 	/usr/lib/libAudioToolboxUtility.dylib
0x00000001da960000 	/System/Library/PrivateFrameworks/OSAServicesClient.framework/Versions/A/OSAServicesClient
0x00000001cd3b9000 	/usr/lib/libperfcheck.dylib
0x00000001defbd000 	/usr/lib/libmis.dylib
0x0000000220595000 	/System/Library/Frameworks/OpenGL.framework/Versions/A/Libraries/libGLU.dylib
0x0000000220554000 	/System/Library/Frameworks/OpenGL.framework/Versions/A/Libraries/libGFXShared.dylib
0x000000022073e000 	/System/Library/Frameworks/OpenGL.framework/Versions/A/Libraries/libGL.dylib
0x000000022055d000 	/System/Library/Frameworks/OpenGL.framework/Versions/A/Libraries/libGLImage.dylib
0x0000000220551000 	/System/Library/Frameworks/OpenGL.framework/Versions/A/Libraries/libCVMSPluginSupport.dylib
0x000000022053b000 	/System/Library/Frameworks/OpenGL.framework/Versions/A/Libraries/libCoreVMClient.dylib
0x00000001c8a83000 	/System/Library/Frameworks/MetalPerformanceShaders.framework/Versions/A/Frameworks/MPSCore.framework/Versions/A/MPSCore
0x00000001c9c4b000 	/System/Library/Frameworks/MetalPerformanceShaders.framework/Versions/A/Frameworks/MPSImage.framework/Versions/A/MPSImage
0x00000001c9749000 	/System/Library/Frameworks/MetalPerformanceShaders.framework/Versions/A/Frameworks/MPSNeuralNetwork.framework/Versions/A/MPSNeuralNetwork
0x00000001c9b86000 	/System/Library/Frameworks/MetalPerformanceShaders.framework/Versions/A/Frameworks/MPSMatrix.framework/Versions/A/MPSMatrix
0x00000001c9961000 	/System/Library/Frameworks/MetalPerformanceShaders.framework/Versions/A/Frameworks/MPSRayIntersector.framework/Versions/A/MPSRayIntersector
0x00000001c9bb7000 	/System/Library/Frameworks/MetalPerformanceShaders.framework/Versions/A/Frameworks/MPSNDArray.framework/Versions/A/MPSNDArray
0x0000000222250000 	/System/Library/Frameworks/MetalPerformanceShaders.framework/Versions/A/Frameworks/MPSFunctions.framework/Versions/A/MPSFunctions
0x00000001bfd49000 	/System/Library/PrivateFrameworks/MetalTools.framework/Versions/A/MetalTools
0x00000001c8aff000 	/System/Library/PrivateFrameworks/AggregateDictionary.framework/Versions/A/AggregateDictionary
0x00000001caa40000 	/usr/lib/libIOReport.dylib
0x00000001d4a6c000 	/System/Library/PrivateFrameworks/ASEProcessing.framework/Versions/A/ASEProcessing
0x00000001cadb2000 	/System/Library/PrivateFrameworks/FaceCore.framework/Versions/A/FaceCore
0x00000001cada4000 	/System/Library/PrivateFrameworks/GraphVisualizer.framework/Versions/A/GraphVisualizer
0x0000000229b65000 	/System/Library/PrivateFrameworks/FontServices.framework/Versions/A/FontServices
0x00000001cb1c7000 	/System/Library/PrivateFrameworks/OTSVG.framework/Versions/A/OTSVG
0x00000001c674a000 	/System/Library/Frameworks/ApplicationServices.framework/Versions/A/Frameworks/ATS.framework/Versions/A/Resources/libFontRegistry.dylib
0x00000001cb216000 	/System/Library/PrivateFrameworks/FontServices.framework/libhvf.dylib
0x0000000229b66000 	/System/Library/PrivateFrameworks/FontServices.framework/libXTFontStaticRegistryData.dylib
0x00000002208e0000 	/System/Library/Frameworks/OpenCL.framework/Versions/A/OpenCL
0x00000001cac0e000 	/System/Library/PrivateFrameworks/AppleVA.framework/Versions/A/AppleVA
0x00000001cccc9000 	/System/Library/Frameworks/ApplicationServices.framework/Versions/A/Frameworks/ATS.framework/Versions/A/ATS
0x00000001c51ee000 	/System/Library/Frameworks/ApplicationServices.framework/Versions/A/Frameworks/HIServices.framework/Versions/A/HIServices
0x00000001cbbe1000 	/System/Library/Frameworks/ApplicationServices.framework/Versions/A/Frameworks/PrintCore.framework/Versions/A/PrintCore
0x00000001cd054000 	/System/Library/Frameworks/ApplicationServices.framework/Versions/A/Frameworks/QD.framework/Versions/A/QD
0x00000001cd04c000 	/System/Library/Frameworks/ApplicationServices.framework/Versions/A/Frameworks/ColorSyncLegacy.framework/Versions/A/ColorSyncLegacy
0x00000001cccb5000 	/System/Library/Frameworks/ApplicationServices.framework/Versions/A/Frameworks/SpeechSynthesis.framework/Versions/A/SpeechSynthesis
0x00000001cbba2000 	/System/Library/Frameworks/ApplicationServices.framework/Versions/A/Frameworks/ATSUI.framework/Versions/A/ATSUI
0x00000001ccfe1000 	/usr/lib/libcups.2.dylib
0x00000001cd3c7000 	/System/Library/Frameworks/Kerberos.framework/Versions/A/Kerberos
0x00000001cd3d8000 	/System/Library/Frameworks/GSS.framework/Versions/A/GSS
0x00000001ccd38000 	/usr/lib/libresolv.9.dylib
0x00000001cb224000 	/System/Library/PrivateFrameworks/Heimdal.framework/Versions/A/Heimdal
0x00000001d3ce0000 	/System/Library/Frameworks/Kerberos.framework/Versions/A/Libraries/libHeimdalProxy.dylib
0x00000001c5e24000 	/System/Library/Frameworks/Network.framework/Versions/A/Network
0x00000001cac75000 	/usr/lib/libheimdal-asn1.dylib
0x00000001cd41e000 	/System/Library/PrivateFrameworks/CommonAuth.framework/Versions/A/CommonAuth
0x00000001ccc2f000 	/System/Library/PrivateFrameworks/AudioSession.framework/Versions/A/AudioSession
0x00000001cad06000 	/System/Library/PrivateFrameworks/MediaExperience.framework/Versions/A/MediaExperience
0x00000001ccab7000 	/System/Library/PrivateFrameworks/AudioSession.framework/libSessionUtility.dylib
0x00000001cd060000 	/System/Library/PrivateFrameworks/AudioResourceArbitration.framework/Versions/A/AudioResourceArbitration
0x00000001cac7e000 	/System/Library/PrivateFrameworks/IconFoundation.framework/Versions/A/IconFoundation
0x00000001cfee5000 	/System/Library/PrivateFrameworks/SpeechRecognitionCore.framework/Versions/A/SpeechRecognitionCore
0x00000001034d0000 	/Library/Java/JavaVirtualMachines/zulu-17.jdk/Contents/Home/lib/server/libjvm.dylib
0x00000001023c8000 	/Library/Java/JavaVirtualMachines/zulu-17.jdk/Contents/Home/lib/libjimage.dylib
0x00000001023f4000 	/Library/Java/JavaVirtualMachines/zulu-17.jdk/Contents/Home/lib/libinstrument.dylib
0x0000000102510000 	/Library/Java/JavaVirtualMachines/zulu-17.jdk/Contents/Home/lib/libjava.dylib
0x00000001024dc000 	/Library/Java/JavaVirtualMachines/zulu-17.jdk/Contents/Home/lib/libnio.dylib
0x00000001033e8000 	/Library/Java/JavaVirtualMachines/zulu-17.jdk/Contents/Home/lib/libnet.dylib
0x00000001033c4000 	/Library/Java/JavaVirtualMachines/zulu-17.jdk/Contents/Home/lib/libzip.dylib
0x000000010340c000 	/Users/lindazhong/.openjfx/cache/17.0.0.1/libprism_es2.dylib
0x00000001c1f8b000 	/System/Library/PrivateFrameworks/CoreServicesInternal.framework/Versions/A/CoreServicesInternal
0x0000000220748000 	/System/Library/Frameworks/OpenGL.framework/Versions/A/Resources/GLEngine.bundle/GLEngine
0x00000002205cf000 	/System/Library/Frameworks/OpenGL.framework/Versions/A/Libraries/libGLProgrammability.dylib
0x000000010ff28000 	/System/Library/Extensions/AppleMetalOpenGLRenderer.bundle/Contents/MacOS/AppleMetalOpenGLRenderer
0x00000002208b7000 	/System/Library/Frameworks/OpenGL.framework/Versions/A/Resources/GLRendererFloat.bundle/GLRendererFloat
0x0000000220958000 	/System/Library/Extensions/AGXMetal13_3.bundle/Contents/MacOS/AGXMetal13_3
0x00000001defd9000 	/System/Library/PrivateFrameworks/GPURawCounter.framework/Versions/A/GPURawCounter
0x00000001d9aae000 	/System/Library/PrivateFrameworks/IOGPU.framework/Versions/A/IOGPU
0x00000001129e0000 	/Users/lindazhong/.openjfx/cache/17.0.0.1/libglass.dylib
0x00000001d1385000 	/System/Library/Frameworks/FileProvider.framework/Versions/A/FileProvider
0x00000001c5bf1000 	/System/Library/Frameworks/Accounts.framework/Versions/A/Accounts
0x00000001d1505000 	/System/Library/PrivateFrameworks/GenerationalStorage.framework/Versions/A/GenerationalStorage
0x00000001d20b5000 	/System/Library/PrivateFrameworks/CoreSymbolication.framework/Versions/A/CoreSymbolication
0x00000001d1125000 	/System/Library/PrivateFrameworks/SymptomDiagnosticReporter.framework/Versions/A/SymptomDiagnosticReporter
0x00000001c3270000 	/System/Library/PrivateFrameworks/DesktopServicesPriv.framework/Versions/A/DesktopServicesPriv
0x00000001c20ea000 	/usr/lib/libsandbox.1.dylib
0x00000001c6c08000 	/System/Library/PrivateFrameworks/UserManagement.framework/Versions/A/UserManagement
0x00000001d2076000 	/System/Library/PrivateFrameworks/DebugSymbols.framework/Versions/A/DebugSymbols
0x00000001cd03f000 	/System/Library/PrivateFrameworks/NetAuth.framework/Versions/A/NetAuth
0x00000001cdf3d000 	/System/Library/PrivateFrameworks/Sharing.framework/Versions/A/Sharing
0x00000001c6bd8000 	/System/Library/PrivateFrameworks/login.framework/Versions/A/Frameworks/loginsupport.framework/Versions/A/loginsupport
0x00000001d3226000 	/System/Library/PrivateFrameworks/Apple80211.framework/Versions/A/Apple80211
0x00000001c9d2f000 	/System/Library/PrivateFrameworks/AuthKit.framework/Versions/A/AuthKit
0x00000001c93c6000 	/System/Library/PrivateFrameworks/CoreUtils.framework/Versions/A/CoreUtils
0x00000001c92e6000 	/System/Library/Frameworks/CoreWLAN.framework/Versions/A/CoreWLAN
0x00000001ce0a6000 	/System/Library/Frameworks/IOBluetooth.framework/Versions/A/IOBluetooth
0x00000001d3286000 	/System/Library/PrivateFrameworks/CoreWiFi.framework/Versions/A/CoreWiFi
0x00000001d1c5d000 	/System/Library/PrivateFrameworks/FrontBoardServices.framework/Versions/A/FrontBoardServices
0x00000001d1cf5000 	/System/Library/PrivateFrameworks/BoardServices.framework/Versions/A/BoardServices
0x00000001c95e1000 	/System/Library/PrivateFrameworks/AssertionServices.framework/Versions/A/AssertionServices
0x00000001d33f4000 	/System/Library/PrivateFrameworks/BackBoardServices.framework/Versions/A/BackBoardServices
0x00000001cd4b1000 	/System/Library/PrivateFrameworks/CorePhoneNumbers.framework/Versions/A/CorePhoneNumbers
0x00000001d1255000 	/System/Library/PrivateFrameworks/DiskManagement.framework/Versions/A/DiskManagement
0x00000001d1158000 	/System/Library/PrivateFrameworks/AppleIDAuthSupport.framework/Versions/A/AppleIDAuthSupport
0x00000002244e9000 	/System/Library/PrivateFrameworks/AAAFoundation.framework/Versions/A/AAAFoundation
0x00000001cd490000 	/System/Library/PrivateFrameworks/KeychainCircle.framework/Versions/A/KeychainCircle
0x00000001d1221000 	/System/Library/PrivateFrameworks/MediaKit.framework/Versions/A/MediaKit
0x00000001d1165000 	/System/Library/Frameworks/DiscRecording.framework/Versions/A/DiscRecording
0x00000001cab8a000 	/usr/lib/libCoreStorage.dylib
0x00000001d36ee000 	/usr/lib/libcsfde.dylib
0x00000001ce17b000 	/System/Library/PrivateFrameworks/ProtectedCloudStorage.framework/Versions/A/ProtectedCloudStorage
0x00000001d36e6000 	/System/Library/PrivateFrameworks/EFILogin.framework/Versions/A/EFILogin
0x00000001d152c000 	/System/Library/PrivateFrameworks/OctagonTrust.framework/Versions/A/OctagonTrust
0x0000000228dd0000 	/System/Library/PrivateFrameworks/CoreUtilsExtras.framework/Versions/A/CoreUtilsExtras
0x00000001d1097000 	/System/Library/Frameworks/CoreBluetooth.framework/Versions/A/CoreBluetooth
0x00000001d3d65000 	/System/Library/Frameworks/AudioUnit.framework/Versions/A/AudioUnit
0x00000001cab82000 	/usr/lib/libMatch.1.dylib
0x00000001e3240000 	/System/Library/Frameworks/Accelerate.framework/Versions/A/Frameworks/vImage.framework/Versions/A/Libraries/libCGInterfaces.dylib
0x0000000112fe0000 	/usr/lib/libobjc-trampolines.dylib
0x00000001c68d6000 	/System/Library/PrivateFrameworks/ViewBridge.framework/Versions/A/ViewBridge
0x0000000121624000 	/Users/lindazhong/.openjfx/cache/17.0.0.1/libjavafx_font.dylib
0x00000001cb2d2000 	/System/Library/PrivateFrameworks/login.framework/Versions/A/login
0x000000023bfe6000 	/usr/lib/libRosetta.dylib
0x0000000224b88000 	/System/Library/PrivateFrameworks/AccessibilityBundles.framework/Versions/A/AccessibilityBundles
0x00000001d757e000 	/System/Library/Frameworks/Carbon.framework/Versions/A/Frameworks/OpenScripting.framework/Versions/A/OpenScripting


VM Arguments:
jvm_args: -javaagent:/Applications/IntelliJ IDEA CE.app/Contents/lib/idea_rt.jar=57634:/Applications/IntelliJ IDEA CE.app/Contents/bin -Dfile.encoding=UTF-8 --module-path=/Users/lindazhong/.m2/repository/org/openjfx/javafx-base/17.0.0.1/javafx-base-17.0.0.1-mac-aarch64.jar:/Users/lindazhong/.m2/repository/org/openjfx/javafx-fxml/17.0.0.1/javafx-fxml-17.0.0.1-mac-aarch64.jar:/Users/lindazhong/.m2/repository/org/openjfx/javafx-controls/17.0.0.1/javafx-controls-17.0.0.1-mac-aarch64.jar:/Users/lindazhong/.m2/repository/org/openjfx/javafx-graphics/17.0.0.1/javafx-graphics-17.0.0.1-mac-aarch64.jar:/Users/lindazhong/Documents/JavaCodeAll/JavaFX/FXSceneBuilder/target/classes -Djdk.module.main=com.example.fxscenebuilder 
java_command: com.example.fxscenebuilder/com.example.fxscenebuilder.HelloApplication
java_class_path (initial): /Users/lindazhong/.m2/repository/org/openjfx/javafx-controls/17.0.0.1/javafx-controls-17.0.0.1.jar:/Users/lindazhong/.m2/repository/org/openjfx/javafx-graphics/17.0.0.1/javafx-graphics-17.0.0.1.jar:/Users/lindazhong/.m2/repository/org/openjfx/javafx-base/17.0.0.1/javafx-base-17.0.0.1.jar:/Users/lindazhong/.m2/repository/org/openjfx/javafx-fxml/17.0.0.1/javafx-fxml-17.0.0.1.jar
Launcher Type: SUN_STANDARD

[Global flags]
     intx CICompilerCount                          = 4                                         {product} {ergonomic}
     uint ConcGCThreads                            = 2                                         {product} {ergonomic}
     uint G1ConcRefinementThreads                  = 8                                         {product} {ergonomic}
   size_t G1HeapRegionSize                         = 1048576                                   {product} {ergonomic}
    uintx GCDrainStackTargetSize                   = 64                                        {product} {ergonomic}
   size_t InitialHeapSize                          = 134217728                                 {product} {ergonomic}
   size_t MarkStackSize                            = 4194304                                   {product} {ergonomic}
   size_t MaxHeapSize                              = 2147483648                                {product} {ergonomic}
   size_t MaxNewSize                               = 1287651328                                {product} {ergonomic}
   size_t MinHeapDeltaBytes                        = 1048576                                   {product} {ergonomic}
   size_t MinHeapSize                              = 8388608                                   {product} {ergonomic}
    uintx NonNMethodCodeHeapSize                   = 5839564                                {pd product} {ergonomic}
    uintx NonProfiledCodeHeapSize                  = 122909338                              {pd product} {ergonomic}
    uintx ProfiledCodeHeapSize                     = 122909338                              {pd product} {ergonomic}
    uintx ReservedCodeCacheSize                    = 251658240                              {pd product} {ergonomic}
     bool SegmentedCodeCache                       = true                                      {product} {ergonomic}
   size_t SoftMaxHeapSize                          = 2147483648                             {manageable} {ergonomic}
     bool UseCompressedClassPointers               = true                           {product lp64_product} {ergonomic}
     bool UseCompressedOops                        = true                           {product lp64_product} {ergonomic}
     bool UseG1GC                                  = true                                      {product} {ergonomic}
     bool UseNUMA                                  = false                                     {product} {ergonomic}
     bool UseNUMAInterleaving                      = false                                     {product} {ergonomic}

Logging:
Log output configuration:
 #0: stdout all=warning uptime,level,tags
 #1: stderr all=off uptime,level,tags

Environment Variables:
PATH=/opt/homebrew/bin:/Library/Frameworks/Python.framework/Versions/3.9/bin:/opt/homebrew/bin:/Library/Frameworks/Python.framework/Versions/3.9/bin:/usr/local/bin:/usr/bin:/bin:/usr/sbin:/sbin:/Library/Apple/usr/bin
SHELL=/bin/zsh
LC_CTYPE=en_US.UTF-8

Signal Handlers:
   SIGSEGV: _ZL13crash_handleriP9__siginfoPv in libjvm.dylib, mask=11100110000111110111111111111111, flags=SA_RESTART|SA_SIGINFO
    SIGBUS: _ZL13crash_handleriP9__siginfoPv in libjvm.dylib, mask=11100110000111110111111111111111, flags=SA_RESTART|SA_SIGINFO
    SIGFPE: _ZL13crash_handleriP9__siginfoPv in libjvm.dylib, mask=11100110000111110111111111111111, flags=SA_RESTART|SA_SIGINFO
   SIGPIPE: _ZL17javaSignalHandleriP9__siginfoPv in libjvm.dylib, mask=11100110000111110111111111111111, flags=SA_RESTART|SA_SIGINFO
   SIGXFSZ: _ZL17javaSignalHandleriP9__siginfoPv in libjvm.dylib, mask=11100110000111110111111111111111, flags=SA_RESTART|SA_SIGINFO
    SIGILL: _ZL13crash_handleriP9__siginfoPv in libjvm.dylib, mask=11100110000111110111111111111111, flags=SA_RESTART|SA_SIGINFO
   SIGUSR2: _ZL10SR_handleriP9__siginfoP17__darwin_ucontext in libjvm.dylib, mask=00100000000000000000000000000000, flags=SA_RESTART|SA_SIGINFO
    SIGHUP: _ZL11UserHandleriPvS_ in libjvm.dylib, mask=11100110000111110111111111111111, flags=SA_RESTART|SA_SIGINFO
    SIGINT: _ZL11UserHandleriPvS_ in libjvm.dylib, mask=11100110000111110111111111111111, flags=SA_RESTART|SA_SIGINFO
   SIGTERM: _ZL11UserHandleriPvS_ in libjvm.dylib, mask=11100110000111110111111111111111, flags=SA_RESTART|SA_SIGINFO
   SIGQUIT: _ZL11UserHandleriPvS_ in libjvm.dylib, mask=11100110000111110111111111111111, flags=SA_RESTART|SA_SIGINFO
   SIGTRAP: _ZL13crash_handleriP9__siginfoPv in libjvm.dylib, mask=11100110000111110111111111111111, flags=SA_RESTART|SA_SIGINFO


---------------  S Y S T E M  ---------------

OS:
uname: Darwin 21.1.0 Darwin Kernel Version 21.1.0: Wed Oct 13 17:33:24 PDT 2021; root:xnu-8019.41.5~1/RELEASE_ARM64_T8101 arm64
OS uptime: 4 days 5:58 hours
rlimit (soft/hard): STACK 8176k/65520k , CORE 0k/infinity , NPROC 1333/2000 , NOFILE 10240/infinity , AS infinity/infinity , CPU infinity/infinity , DATA infinity/infinity , FSIZE infinity/infinity , MEMLOCK infinity/infinity , RSS infinity/infinity
load average: 3.02 2.03 1.50

CPU: total 8 (initial active 8) 0x61:0x0:0x1b588bb3:0, fp, simd, crc, lse

Memory: 16k page, physical 8388608k(94304k free), swap 2097152k(1260288k free)

vm_info: OpenJDK 64-Bit Server VM (17.0.1+12-LTS) for bsd-aarch64 JRE (17.0.1+12-LTS) (Zulu17.30+15-CA), built on Oct 20 2021 08:37:04 by "zulu_re" with clang Apple LLVM 12.0.0 (clang-1200.0.32.28)

END.
